[2024-03-25T21:43:00.938+0000] {processor.py:161} INFO - Started process (PID=90) to work on /home/airflow/.local/lib/python3.8/site-packages/airflow/example_dags/example_setup_teardown.py
[2024-03-25T21:43:00.942+0000] {processor.py:830} INFO - Processing file /home/airflow/.local/lib/python3.8/site-packages/airflow/example_dags/example_setup_teardown.py for tasks to queue
[2024-03-25T21:43:00.961+0000] {logging_mixin.py:188} INFO - [2024-03-25T21:43:00.960+0000] {dagbag.py:540} INFO - Filling up the DagBag from /home/airflow/.local/lib/python3.8/site-packages/airflow/example_dags/example_setup_teardown.py
[2024-03-25T21:43:01.059+0000] {processor.py:840} INFO - DAG(s) 'example_setup_teardown' retrieved from /home/airflow/.local/lib/python3.8/site-packages/airflow/example_dags/example_setup_teardown.py
[2024-03-25T21:43:02.176+0000] {logging_mixin.py:188} INFO - [2024-03-25T21:43:02.168+0000] {override.py:1769} INFO - Created Permission View: can delete on DAG:example_setup_teardown
[2024-03-25T21:43:02.315+0000] {logging_mixin.py:188} INFO - [2024-03-25T21:43:02.314+0000] {override.py:1769} INFO - Created Permission View: can read on DAG:example_setup_teardown
[2024-03-25T21:43:02.382+0000] {logging_mixin.py:188} INFO - [2024-03-25T21:43:02.372+0000] {override.py:1769} INFO - Created Permission View: can edit on DAG:example_setup_teardown
[2024-03-25T21:43:02.385+0000] {logging_mixin.py:188} INFO - [2024-03-25T21:43:02.384+0000] {dag.py:3047} INFO - Sync 1 DAGs
[2024-03-25T21:43:02.472+0000] {logging_mixin.py:188} INFO - [2024-03-25T21:43:02.470+0000] {dag.py:3069} INFO - Creating ORM DAG for example_setup_teardown
[2024-03-25T21:43:02.634+0000] {logging_mixin.py:188} INFO - [2024-03-25T21:43:02.633+0000] {dag.py:3834} INFO - Setting next_dagrun for example_setup_teardown to 2024-03-24 00:00:00+00:00, run_after=2024-03-25 00:00:00+00:00
[2024-03-25T21:43:02.877+0000] {processor.py:183} INFO - Processing /home/airflow/.local/lib/python3.8/site-packages/airflow/example_dags/example_setup_teardown.py took 1.967 seconds
[2024-03-25T21:43:53.897+0000] {processor.py:161} INFO - Started process (PID=145) to work on /home/airflow/.local/lib/python3.8/site-packages/airflow/example_dags/example_setup_teardown.py
[2024-03-25T21:43:53.900+0000] {processor.py:830} INFO - Processing file /home/airflow/.local/lib/python3.8/site-packages/airflow/example_dags/example_setup_teardown.py for tasks to queue
[2024-03-25T21:43:53.912+0000] {logging_mixin.py:188} INFO - [2024-03-25T21:43:53.909+0000] {dagbag.py:540} INFO - Filling up the DagBag from /home/airflow/.local/lib/python3.8/site-packages/airflow/example_dags/example_setup_teardown.py
[2024-03-25T21:43:53.936+0000] {processor.py:840} INFO - DAG(s) 'example_setup_teardown' retrieved from /home/airflow/.local/lib/python3.8/site-packages/airflow/example_dags/example_setup_teardown.py
[2024-03-25T21:43:54.484+0000] {logging_mixin.py:188} INFO - [2024-03-25T21:43:54.483+0000] {dag.py:3047} INFO - Sync 1 DAGs
[2024-03-25T21:43:54.625+0000] {logging_mixin.py:188} INFO - [2024-03-25T21:43:54.624+0000] {dag.py:3834} INFO - Setting next_dagrun for example_setup_teardown to 2024-03-24 00:00:00+00:00, run_after=2024-03-25 00:00:00+00:00
[2024-03-25T21:43:54.840+0000] {processor.py:183} INFO - Processing /home/airflow/.local/lib/python3.8/site-packages/airflow/example_dags/example_setup_teardown.py took 0.952 seconds
[2024-03-25T21:44:28.801+0000] {processor.py:161} INFO - Started process (PID=200) to work on /home/airflow/.local/lib/python3.8/site-packages/airflow/example_dags/example_setup_teardown.py
[2024-03-25T21:44:28.804+0000] {processor.py:830} INFO - Processing file /home/airflow/.local/lib/python3.8/site-packages/airflow/example_dags/example_setup_teardown.py for tasks to queue
[2024-03-25T21:44:28.843+0000] {logging_mixin.py:188} INFO - [2024-03-25T21:44:28.842+0000] {dagbag.py:540} INFO - Filling up the DagBag from /home/airflow/.local/lib/python3.8/site-packages/airflow/example_dags/example_setup_teardown.py
[2024-03-25T21:44:28.905+0000] {processor.py:840} INFO - DAG(s) 'example_setup_teardown' retrieved from /home/airflow/.local/lib/python3.8/site-packages/airflow/example_dags/example_setup_teardown.py
[2024-03-25T21:44:29.140+0000] {logging_mixin.py:188} INFO - [2024-03-25T21:44:29.140+0000] {dag.py:3047} INFO - Sync 1 DAGs
[2024-03-25T21:44:29.648+0000] {logging_mixin.py:188} INFO - [2024-03-25T21:44:29.642+0000] {dag.py:3834} INFO - Setting next_dagrun for example_setup_teardown to 2024-03-24 00:00:00+00:00, run_after=2024-03-25 00:00:00+00:00
[2024-03-25T21:44:29.993+0000] {processor.py:183} INFO - Processing /home/airflow/.local/lib/python3.8/site-packages/airflow/example_dags/example_setup_teardown.py took 1.199 seconds
