[2024-03-25T21:42:12.736+0000] {processor.py:161} INFO - Started process (PID=55) to work on /home/airflow/.local/lib/python3.8/site-packages/airflow/example_dags/example_time_delta_sensor_async.py
[2024-03-25T21:42:12.769+0000] {processor.py:830} INFO - Processing file /home/airflow/.local/lib/python3.8/site-packages/airflow/example_dags/example_time_delta_sensor_async.py for tasks to queue
[2024-03-25T21:42:12.786+0000] {logging_mixin.py:188} INFO - [2024-03-25T21:42:12.785+0000] {dagbag.py:540} INFO - Filling up the DagBag from /home/airflow/.local/lib/python3.8/site-packages/airflow/example_dags/example_time_delta_sensor_async.py
[2024-03-25T21:42:13.077+0000] {processor.py:840} INFO - DAG(s) 'example_time_delta_sensor_async' retrieved from /home/airflow/.local/lib/python3.8/site-packages/airflow/example_dags/example_time_delta_sensor_async.py
[2024-03-25T21:42:15.406+0000] {logging_mixin.py:188} INFO - [2024-03-25T21:42:15.361+0000] {override.py:1769} INFO - Created Permission View: can delete on DAG:example_time_delta_sensor_async
[2024-03-25T21:42:15.788+0000] {logging_mixin.py:188} INFO - [2024-03-25T21:42:15.786+0000] {override.py:1769} INFO - Created Permission View: can read on DAG:example_time_delta_sensor_async
[2024-03-25T21:42:15.998+0000] {logging_mixin.py:188} INFO - [2024-03-25T21:42:15.997+0000] {override.py:1769} INFO - Created Permission View: can edit on DAG:example_time_delta_sensor_async
[2024-03-25T21:42:16.048+0000] {logging_mixin.py:188} INFO - [2024-03-25T21:42:16.048+0000] {dag.py:3047} INFO - Sync 1 DAGs
[2024-03-25T21:42:16.155+0000] {logging_mixin.py:188} INFO - [2024-03-25T21:42:16.155+0000] {dag.py:3069} INFO - Creating ORM DAG for example_time_delta_sensor_async
[2024-03-25T21:42:16.224+0000] {logging_mixin.py:188} INFO - [2024-03-25T21:42:16.217+0000] {dag.py:3834} INFO - Setting next_dagrun for example_time_delta_sensor_async to None, run_after=None
[2024-03-25T21:42:17.041+0000] {processor.py:183} INFO - Processing /home/airflow/.local/lib/python3.8/site-packages/airflow/example_dags/example_time_delta_sensor_async.py took 4.329 seconds
[2024-03-25T21:43:35.045+0000] {processor.py:161} INFO - Started process (PID=122) to work on /home/airflow/.local/lib/python3.8/site-packages/airflow/example_dags/example_time_delta_sensor_async.py
[2024-03-25T21:43:35.054+0000] {processor.py:830} INFO - Processing file /home/airflow/.local/lib/python3.8/site-packages/airflow/example_dags/example_time_delta_sensor_async.py for tasks to queue
[2024-03-25T21:43:35.077+0000] {logging_mixin.py:188} INFO - [2024-03-25T21:43:35.074+0000] {dagbag.py:540} INFO - Filling up the DagBag from /home/airflow/.local/lib/python3.8/site-packages/airflow/example_dags/example_time_delta_sensor_async.py
[2024-03-25T21:43:35.128+0000] {processor.py:840} INFO - DAG(s) 'example_time_delta_sensor_async' retrieved from /home/airflow/.local/lib/python3.8/site-packages/airflow/example_dags/example_time_delta_sensor_async.py
[2024-03-25T21:43:35.228+0000] {logging_mixin.py:188} INFO - [2024-03-25T21:43:35.227+0000] {dag.py:3047} INFO - Sync 1 DAGs
[2024-03-25T21:43:35.267+0000] {logging_mixin.py:188} INFO - [2024-03-25T21:43:35.266+0000] {dag.py:3834} INFO - Setting next_dagrun for example_time_delta_sensor_async to None, run_after=None
[2024-03-25T21:43:35.378+0000] {processor.py:183} INFO - Processing /home/airflow/.local/lib/python3.8/site-packages/airflow/example_dags/example_time_delta_sensor_async.py took 0.353 seconds
[2024-03-25T21:44:06.259+0000] {processor.py:161} INFO - Started process (PID=165) to work on /home/airflow/.local/lib/python3.8/site-packages/airflow/example_dags/example_time_delta_sensor_async.py
[2024-03-25T21:44:06.323+0000] {processor.py:830} INFO - Processing file /home/airflow/.local/lib/python3.8/site-packages/airflow/example_dags/example_time_delta_sensor_async.py for tasks to queue
[2024-03-25T21:44:06.384+0000] {logging_mixin.py:188} INFO - [2024-03-25T21:44:06.383+0000] {dagbag.py:540} INFO - Filling up the DagBag from /home/airflow/.local/lib/python3.8/site-packages/airflow/example_dags/example_time_delta_sensor_async.py
[2024-03-25T21:44:06.426+0000] {processor.py:840} INFO - DAG(s) 'example_time_delta_sensor_async' retrieved from /home/airflow/.local/lib/python3.8/site-packages/airflow/example_dags/example_time_delta_sensor_async.py
[2024-03-25T21:44:06.711+0000] {logging_mixin.py:188} INFO - [2024-03-25T21:44:06.710+0000] {dag.py:3047} INFO - Sync 1 DAGs
[2024-03-25T21:44:06.909+0000] {logging_mixin.py:188} INFO - [2024-03-25T21:44:06.908+0000] {dag.py:3834} INFO - Setting next_dagrun for example_time_delta_sensor_async to None, run_after=None
[2024-03-25T21:44:07.214+0000] {processor.py:183} INFO - Processing /home/airflow/.local/lib/python3.8/site-packages/airflow/example_dags/example_time_delta_sensor_async.py took 1.027 seconds
[2024-03-25T21:44:37.639+0000] {processor.py:161} INFO - Started process (PID=219) to work on /home/airflow/.local/lib/python3.8/site-packages/airflow/example_dags/example_time_delta_sensor_async.py
[2024-03-25T21:44:37.652+0000] {processor.py:830} INFO - Processing file /home/airflow/.local/lib/python3.8/site-packages/airflow/example_dags/example_time_delta_sensor_async.py for tasks to queue
[2024-03-25T21:44:37.663+0000] {logging_mixin.py:188} INFO - [2024-03-25T21:44:37.662+0000] {dagbag.py:540} INFO - Filling up the DagBag from /home/airflow/.local/lib/python3.8/site-packages/airflow/example_dags/example_time_delta_sensor_async.py
[2024-03-25T21:44:37.703+0000] {processor.py:840} INFO - DAG(s) 'example_time_delta_sensor_async' retrieved from /home/airflow/.local/lib/python3.8/site-packages/airflow/example_dags/example_time_delta_sensor_async.py
[2024-03-25T21:44:37.850+0000] {logging_mixin.py:188} INFO - [2024-03-25T21:44:37.849+0000] {dag.py:3047} INFO - Sync 1 DAGs
[2024-03-25T21:44:37.952+0000] {logging_mixin.py:188} INFO - [2024-03-25T21:44:37.952+0000] {dag.py:3834} INFO - Setting next_dagrun for example_time_delta_sensor_async to None, run_after=None
[2024-03-25T21:44:38.208+0000] {processor.py:183} INFO - Processing /home/airflow/.local/lib/python3.8/site-packages/airflow/example_dags/example_time_delta_sensor_async.py took 0.587 seconds
