[2024-03-25T21:43:18.701+0000] {processor.py:161} INFO - Started process (PID=101) to work on /home/airflow/.local/lib/python3.8/site-packages/airflow/example_dags/example_trigger_target_dag.py
[2024-03-25T21:43:18.718+0000] {processor.py:830} INFO - Processing file /home/airflow/.local/lib/python3.8/site-packages/airflow/example_dags/example_trigger_target_dag.py for tasks to queue
[2024-03-25T21:43:18.723+0000] {logging_mixin.py:188} INFO - [2024-03-25T21:43:18.722+0000] {dagbag.py:540} INFO - Filling up the DagBag from /home/airflow/.local/lib/python3.8/site-packages/airflow/example_dags/example_trigger_target_dag.py
[2024-03-25T21:43:18.815+0000] {processor.py:840} INFO - DAG(s) 'example_trigger_target_dag' retrieved from /home/airflow/.local/lib/python3.8/site-packages/airflow/example_dags/example_trigger_target_dag.py
[2024-03-25T21:43:19.844+0000] {logging_mixin.py:188} INFO - [2024-03-25T21:43:19.839+0000] {override.py:1769} INFO - Created Permission View: can delete on DAG:example_trigger_target_dag
[2024-03-25T21:43:20.095+0000] {logging_mixin.py:188} INFO - [2024-03-25T21:43:20.092+0000] {override.py:1769} INFO - Created Permission View: can read on DAG:example_trigger_target_dag
[2024-03-25T21:43:20.243+0000] {logging_mixin.py:188} INFO - [2024-03-25T21:43:20.242+0000] {override.py:1769} INFO - Created Permission View: can edit on DAG:example_trigger_target_dag
[2024-03-25T21:43:20.278+0000] {logging_mixin.py:188} INFO - [2024-03-25T21:43:20.263+0000] {dag.py:3047} INFO - Sync 1 DAGs
[2024-03-25T21:43:20.500+0000] {logging_mixin.py:188} INFO - [2024-03-25T21:43:20.499+0000] {dag.py:3069} INFO - Creating ORM DAG for example_trigger_target_dag
[2024-03-25T21:43:20.532+0000] {logging_mixin.py:188} INFO - [2024-03-25T21:43:20.531+0000] {dag.py:3834} INFO - Setting next_dagrun for example_trigger_target_dag to None, run_after=None
[2024-03-25T21:43:20.730+0000] {processor.py:183} INFO - Processing /home/airflow/.local/lib/python3.8/site-packages/airflow/example_dags/example_trigger_target_dag.py took 2.065 seconds
[2024-03-25T21:44:04.144+0000] {processor.py:161} INFO - Started process (PID=162) to work on /home/airflow/.local/lib/python3.8/site-packages/airflow/example_dags/example_trigger_target_dag.py
[2024-03-25T21:44:04.168+0000] {processor.py:830} INFO - Processing file /home/airflow/.local/lib/python3.8/site-packages/airflow/example_dags/example_trigger_target_dag.py for tasks to queue
[2024-03-25T21:44:04.215+0000] {logging_mixin.py:188} INFO - [2024-03-25T21:44:04.214+0000] {dagbag.py:540} INFO - Filling up the DagBag from /home/airflow/.local/lib/python3.8/site-packages/airflow/example_dags/example_trigger_target_dag.py
[2024-03-25T21:44:04.338+0000] {processor.py:840} INFO - DAG(s) 'example_trigger_target_dag' retrieved from /home/airflow/.local/lib/python3.8/site-packages/airflow/example_dags/example_trigger_target_dag.py
[2024-03-25T21:44:04.803+0000] {logging_mixin.py:188} INFO - [2024-03-25T21:44:04.802+0000] {dag.py:3047} INFO - Sync 1 DAGs
[2024-03-25T21:44:05.053+0000] {logging_mixin.py:188} INFO - [2024-03-25T21:44:05.053+0000] {dag.py:3834} INFO - Setting next_dagrun for example_trigger_target_dag to None, run_after=None
[2024-03-25T21:44:05.470+0000] {processor.py:183} INFO - Processing /home/airflow/.local/lib/python3.8/site-packages/airflow/example_dags/example_trigger_target_dag.py took 1.431 seconds
[2024-03-25T21:44:35.818+0000] {processor.py:161} INFO - Started process (PID=217) to work on /home/airflow/.local/lib/python3.8/site-packages/airflow/example_dags/example_trigger_target_dag.py
[2024-03-25T21:44:35.839+0000] {processor.py:830} INFO - Processing file /home/airflow/.local/lib/python3.8/site-packages/airflow/example_dags/example_trigger_target_dag.py for tasks to queue
[2024-03-25T21:44:35.868+0000] {logging_mixin.py:188} INFO - [2024-03-25T21:44:35.867+0000] {dagbag.py:540} INFO - Filling up the DagBag from /home/airflow/.local/lib/python3.8/site-packages/airflow/example_dags/example_trigger_target_dag.py
[2024-03-25T21:44:35.892+0000] {processor.py:840} INFO - DAG(s) 'example_trigger_target_dag' retrieved from /home/airflow/.local/lib/python3.8/site-packages/airflow/example_dags/example_trigger_target_dag.py
[2024-03-25T21:44:36.053+0000] {logging_mixin.py:188} INFO - [2024-03-25T21:44:36.053+0000] {dag.py:3047} INFO - Sync 1 DAGs
[2024-03-25T21:44:36.111+0000] {logging_mixin.py:188} INFO - [2024-03-25T21:44:36.110+0000] {dag.py:3834} INFO - Setting next_dagrun for example_trigger_target_dag to None, run_after=None
[2024-03-25T21:44:36.715+0000] {processor.py:183} INFO - Processing /home/airflow/.local/lib/python3.8/site-packages/airflow/example_dags/example_trigger_target_dag.py took 0.938 seconds
