[2024-03-25T21:43:20.698+0000] {processor.py:161} INFO - Started process (PID=102) to work on /home/airflow/.local/lib/python3.8/site-packages/airflow/example_dags/example_branch_day_of_week_operator.py
[2024-03-25T21:43:20.718+0000] {processor.py:830} INFO - Processing file /home/airflow/.local/lib/python3.8/site-packages/airflow/example_dags/example_branch_day_of_week_operator.py for tasks to queue
[2024-03-25T21:43:20.787+0000] {logging_mixin.py:188} INFO - [2024-03-25T21:43:20.786+0000] {dagbag.py:540} INFO - Filling up the DagBag from /home/airflow/.local/lib/python3.8/site-packages/airflow/example_dags/example_branch_day_of_week_operator.py
[2024-03-25T21:43:20.966+0000] {processor.py:840} INFO - DAG(s) 'example_weekday_branch_operator' retrieved from /home/airflow/.local/lib/python3.8/site-packages/airflow/example_dags/example_branch_day_of_week_operator.py
[2024-03-25T21:43:22.788+0000] {logging_mixin.py:188} INFO - [2024-03-25T21:43:22.785+0000] {override.py:1769} INFO - Created Permission View: can delete on DAG:example_weekday_branch_operator
[2024-03-25T21:43:22.958+0000] {logging_mixin.py:188} INFO - [2024-03-25T21:43:22.955+0000] {override.py:1769} INFO - Created Permission View: can read on DAG:example_weekday_branch_operator
[2024-03-25T21:43:23.189+0000] {logging_mixin.py:188} INFO - [2024-03-25T21:43:23.188+0000] {override.py:1769} INFO - Created Permission View: can edit on DAG:example_weekday_branch_operator
[2024-03-25T21:43:23.210+0000] {logging_mixin.py:188} INFO - [2024-03-25T21:43:23.208+0000] {dag.py:3047} INFO - Sync 1 DAGs
[2024-03-25T21:43:23.505+0000] {logging_mixin.py:188} INFO - [2024-03-25T21:43:23.489+0000] {dag.py:3069} INFO - Creating ORM DAG for example_weekday_branch_operator
[2024-03-25T21:43:23.669+0000] {logging_mixin.py:188} INFO - [2024-03-25T21:43:23.652+0000] {dag.py:3834} INFO - Setting next_dagrun for example_weekday_branch_operator to 2024-03-24 00:00:00+00:00, run_after=2024-03-25 00:00:00+00:00
[2024-03-25T21:43:23.998+0000] {processor.py:183} INFO - Processing /home/airflow/.local/lib/python3.8/site-packages/airflow/example_dags/example_branch_day_of_week_operator.py took 3.359 seconds
[2024-03-25T21:44:07.446+0000] {processor.py:161} INFO - Started process (PID=166) to work on /home/airflow/.local/lib/python3.8/site-packages/airflow/example_dags/example_branch_day_of_week_operator.py
[2024-03-25T21:44:07.459+0000] {processor.py:830} INFO - Processing file /home/airflow/.local/lib/python3.8/site-packages/airflow/example_dags/example_branch_day_of_week_operator.py for tasks to queue
[2024-03-25T21:44:07.486+0000] {logging_mixin.py:188} INFO - [2024-03-25T21:44:07.485+0000] {dagbag.py:540} INFO - Filling up the DagBag from /home/airflow/.local/lib/python3.8/site-packages/airflow/example_dags/example_branch_day_of_week_operator.py
[2024-03-25T21:44:07.609+0000] {processor.py:840} INFO - DAG(s) 'example_weekday_branch_operator' retrieved from /home/airflow/.local/lib/python3.8/site-packages/airflow/example_dags/example_branch_day_of_week_operator.py
[2024-03-25T21:44:07.858+0000] {logging_mixin.py:188} INFO - [2024-03-25T21:44:07.842+0000] {dag.py:3047} INFO - Sync 1 DAGs
[2024-03-25T21:44:08.238+0000] {logging_mixin.py:188} INFO - [2024-03-25T21:44:08.237+0000] {dag.py:3834} INFO - Setting next_dagrun for example_weekday_branch_operator to 2024-03-24 00:00:00+00:00, run_after=2024-03-25 00:00:00+00:00
[2024-03-25T21:44:08.369+0000] {processor.py:183} INFO - Processing /home/airflow/.local/lib/python3.8/site-packages/airflow/example_dags/example_branch_day_of_week_operator.py took 0.951 seconds
[2024-03-25T21:44:39.533+0000] {processor.py:161} INFO - Started process (PID=221) to work on /home/airflow/.local/lib/python3.8/site-packages/airflow/example_dags/example_branch_day_of_week_operator.py
[2024-03-25T21:44:39.535+0000] {processor.py:830} INFO - Processing file /home/airflow/.local/lib/python3.8/site-packages/airflow/example_dags/example_branch_day_of_week_operator.py for tasks to queue
[2024-03-25T21:44:39.551+0000] {logging_mixin.py:188} INFO - [2024-03-25T21:44:39.550+0000] {dagbag.py:540} INFO - Filling up the DagBag from /home/airflow/.local/lib/python3.8/site-packages/airflow/example_dags/example_branch_day_of_week_operator.py
[2024-03-25T21:44:39.615+0000] {processor.py:840} INFO - DAG(s) 'example_weekday_branch_operator' retrieved from /home/airflow/.local/lib/python3.8/site-packages/airflow/example_dags/example_branch_day_of_week_operator.py
[2024-03-25T21:44:39.780+0000] {logging_mixin.py:188} INFO - [2024-03-25T21:44:39.779+0000] {dag.py:3047} INFO - Sync 1 DAGs
[2024-03-25T21:44:40.037+0000] {logging_mixin.py:188} INFO - [2024-03-25T21:44:40.037+0000] {dag.py:3834} INFO - Setting next_dagrun for example_weekday_branch_operator to 2024-03-24 00:00:00+00:00, run_after=2024-03-25 00:00:00+00:00
[2024-03-25T21:44:40.689+0000] {processor.py:183} INFO - Processing /home/airflow/.local/lib/python3.8/site-packages/airflow/example_dags/example_branch_day_of_week_operator.py took 1.181 seconds
