[2024-03-25T21:42:28.325+0000] {processor.py:161} INFO - Started process (PID=63) to work on /home/airflow/.local/lib/python3.8/site-packages/airflow/example_dags/example_short_circuit_decorator.py
[2024-03-25T21:42:28.358+0000] {processor.py:830} INFO - Processing file /home/airflow/.local/lib/python3.8/site-packages/airflow/example_dags/example_short_circuit_decorator.py for tasks to queue
[2024-03-25T21:42:28.375+0000] {logging_mixin.py:188} INFO - [2024-03-25T21:42:28.374+0000] {dagbag.py:540} INFO - Filling up the DagBag from /home/airflow/.local/lib/python3.8/site-packages/airflow/example_dags/example_short_circuit_decorator.py
[2024-03-25T21:42:28.824+0000] {processor.py:840} INFO - DAG(s) 'example_short_circuit_decorator' retrieved from /home/airflow/.local/lib/python3.8/site-packages/airflow/example_dags/example_short_circuit_decorator.py
[2024-03-25T21:42:30.204+0000] {logging_mixin.py:188} INFO - [2024-03-25T21:42:30.202+0000] {override.py:1769} INFO - Created Permission View: can delete on DAG:example_short_circuit_decorator
[2024-03-25T21:42:30.705+0000] {logging_mixin.py:188} INFO - [2024-03-25T21:42:30.704+0000] {override.py:1769} INFO - Created Permission View: can read on DAG:example_short_circuit_decorator
[2024-03-25T21:42:31.427+0000] {logging_mixin.py:188} INFO - [2024-03-25T21:42:31.425+0000] {override.py:1769} INFO - Created Permission View: can edit on DAG:example_short_circuit_decorator
[2024-03-25T21:42:31.443+0000] {logging_mixin.py:188} INFO - [2024-03-25T21:42:31.443+0000] {dag.py:3047} INFO - Sync 1 DAGs
[2024-03-25T21:42:31.596+0000] {logging_mixin.py:188} INFO - [2024-03-25T21:42:31.595+0000] {dag.py:3069} INFO - Creating ORM DAG for example_short_circuit_decorator
[2024-03-25T21:42:31.714+0000] {logging_mixin.py:188} INFO - [2024-03-25T21:42:31.713+0000] {dag.py:3834} INFO - Setting next_dagrun for example_short_circuit_decorator to 2024-03-24 00:00:00+00:00, run_after=2024-03-25 00:00:00+00:00
[2024-03-25T21:42:32.386+0000] {processor.py:183} INFO - Processing /home/airflow/.local/lib/python3.8/site-packages/airflow/example_dags/example_short_circuit_decorator.py took 4.205 seconds
[2024-03-25T21:43:42.267+0000] {processor.py:161} INFO - Started process (PID=130) to work on /home/airflow/.local/lib/python3.8/site-packages/airflow/example_dags/example_short_circuit_decorator.py
[2024-03-25T21:43:42.293+0000] {processor.py:830} INFO - Processing file /home/airflow/.local/lib/python3.8/site-packages/airflow/example_dags/example_short_circuit_decorator.py for tasks to queue
[2024-03-25T21:43:42.311+0000] {logging_mixin.py:188} INFO - [2024-03-25T21:43:42.310+0000] {dagbag.py:540} INFO - Filling up the DagBag from /home/airflow/.local/lib/python3.8/site-packages/airflow/example_dags/example_short_circuit_decorator.py
[2024-03-25T21:43:42.525+0000] {processor.py:840} INFO - DAG(s) 'example_short_circuit_decorator' retrieved from /home/airflow/.local/lib/python3.8/site-packages/airflow/example_dags/example_short_circuit_decorator.py
[2024-03-25T21:43:42.892+0000] {logging_mixin.py:188} INFO - [2024-03-25T21:43:42.892+0000] {dag.py:3047} INFO - Sync 1 DAGs
[2024-03-25T21:43:43.086+0000] {logging_mixin.py:188} INFO - [2024-03-25T21:43:43.085+0000] {dag.py:3834} INFO - Setting next_dagrun for example_short_circuit_decorator to 2024-03-24 00:00:00+00:00, run_after=2024-03-25 00:00:00+00:00
[2024-03-25T21:43:43.321+0000] {processor.py:183} INFO - Processing /home/airflow/.local/lib/python3.8/site-packages/airflow/example_dags/example_short_circuit_decorator.py took 1.149 seconds
[2024-03-25T21:44:18.966+0000] {processor.py:161} INFO - Started process (PID=185) to work on /home/airflow/.local/lib/python3.8/site-packages/airflow/example_dags/example_short_circuit_decorator.py
[2024-03-25T21:44:19.001+0000] {processor.py:830} INFO - Processing file /home/airflow/.local/lib/python3.8/site-packages/airflow/example_dags/example_short_circuit_decorator.py for tasks to queue
[2024-03-25T21:44:19.016+0000] {logging_mixin.py:188} INFO - [2024-03-25T21:44:19.016+0000] {dagbag.py:540} INFO - Filling up the DagBag from /home/airflow/.local/lib/python3.8/site-packages/airflow/example_dags/example_short_circuit_decorator.py
[2024-03-25T21:44:19.147+0000] {processor.py:840} INFO - DAG(s) 'example_short_circuit_decorator' retrieved from /home/airflow/.local/lib/python3.8/site-packages/airflow/example_dags/example_short_circuit_decorator.py
[2024-03-25T21:44:19.411+0000] {logging_mixin.py:188} INFO - [2024-03-25T21:44:19.411+0000] {dag.py:3047} INFO - Sync 1 DAGs
[2024-03-25T21:44:19.600+0000] {logging_mixin.py:188} INFO - [2024-03-25T21:44:19.600+0000] {dag.py:3834} INFO - Setting next_dagrun for example_short_circuit_decorator to 2024-03-24 00:00:00+00:00, run_after=2024-03-25 00:00:00+00:00
[2024-03-25T21:44:20.020+0000] {processor.py:183} INFO - Processing /home/airflow/.local/lib/python3.8/site-packages/airflow/example_dags/example_short_circuit_decorator.py took 1.075 seconds
[2024-03-25T21:44:50.387+0000] {processor.py:161} INFO - Started process (PID=238) to work on /home/airflow/.local/lib/python3.8/site-packages/airflow/example_dags/example_short_circuit_decorator.py
[2024-03-25T21:44:50.389+0000] {processor.py:830} INFO - Processing file /home/airflow/.local/lib/python3.8/site-packages/airflow/example_dags/example_short_circuit_decorator.py for tasks to queue
[2024-03-25T21:44:50.394+0000] {logging_mixin.py:188} INFO - [2024-03-25T21:44:50.393+0000] {dagbag.py:540} INFO - Filling up the DagBag from /home/airflow/.local/lib/python3.8/site-packages/airflow/example_dags/example_short_circuit_decorator.py
[2024-03-25T21:44:50.466+0000] {processor.py:840} INFO - DAG(s) 'example_short_circuit_decorator' retrieved from /home/airflow/.local/lib/python3.8/site-packages/airflow/example_dags/example_short_circuit_decorator.py
[2024-03-25T21:44:50.608+0000] {logging_mixin.py:188} INFO - [2024-03-25T21:44:50.589+0000] {dag.py:3047} INFO - Sync 1 DAGs
[2024-03-25T21:44:50.742+0000] {logging_mixin.py:188} INFO - [2024-03-25T21:44:50.742+0000] {dag.py:3834} INFO - Setting next_dagrun for example_short_circuit_decorator to 2024-03-24 00:00:00+00:00, run_after=2024-03-25 00:00:00+00:00
[2024-03-25T21:44:50.840+0000] {processor.py:183} INFO - Processing /home/airflow/.local/lib/python3.8/site-packages/airflow/example_dags/example_short_circuit_decorator.py took 0.471 seconds
