[2024-03-25T21:43:13.151+0000] {processor.py:161} INFO - Started process (PID=98) to work on /home/airflow/.local/lib/python3.8/site-packages/airflow/example_dags/example_dag_decorator.py
[2024-03-25T21:43:13.168+0000] {processor.py:830} INFO - Processing file /home/airflow/.local/lib/python3.8/site-packages/airflow/example_dags/example_dag_decorator.py for tasks to queue
[2024-03-25T21:43:13.199+0000] {logging_mixin.py:188} INFO - [2024-03-25T21:43:13.198+0000] {dagbag.py:540} INFO - Filling up the DagBag from /home/airflow/.local/lib/python3.8/site-packages/airflow/example_dags/example_dag_decorator.py
[2024-03-25T21:43:16.027+0000] {processor.py:840} INFO - DAG(s) 'example_dag_decorator' retrieved from /home/airflow/.local/lib/python3.8/site-packages/airflow/example_dags/example_dag_decorator.py
[2024-03-25T21:43:17.259+0000] {logging_mixin.py:188} INFO - [2024-03-25T21:43:17.258+0000] {override.py:1769} INFO - Created Permission View: can delete on DAG:example_dag_decorator
[2024-03-25T21:43:17.452+0000] {logging_mixin.py:188} INFO - [2024-03-25T21:43:17.451+0000] {override.py:1769} INFO - Created Permission View: can read on DAG:example_dag_decorator
[2024-03-25T21:43:18.095+0000] {logging_mixin.py:188} INFO - [2024-03-25T21:43:18.094+0000] {override.py:1769} INFO - Created Permission View: can edit on DAG:example_dag_decorator
[2024-03-25T21:43:18.096+0000] {logging_mixin.py:188} INFO - [2024-03-25T21:43:18.096+0000] {dag.py:3047} INFO - Sync 1 DAGs
[2024-03-25T21:43:18.225+0000] {logging_mixin.py:188} INFO - [2024-03-25T21:43:18.224+0000] {dag.py:3069} INFO - Creating ORM DAG for example_dag_decorator
[2024-03-25T21:43:18.234+0000] {logging_mixin.py:188} INFO - [2024-03-25T21:43:18.231+0000] {dag.py:3834} INFO - Setting next_dagrun for example_dag_decorator to None, run_after=None
[2024-03-25T21:43:18.423+0000] {processor.py:183} INFO - Processing /home/airflow/.local/lib/python3.8/site-packages/airflow/example_dags/example_dag_decorator.py took 5.300 seconds
[2024-03-25T21:44:00.590+0000] {processor.py:161} INFO - Started process (PID=159) to work on /home/airflow/.local/lib/python3.8/site-packages/airflow/example_dags/example_dag_decorator.py
[2024-03-25T21:44:00.592+0000] {processor.py:830} INFO - Processing file /home/airflow/.local/lib/python3.8/site-packages/airflow/example_dags/example_dag_decorator.py for tasks to queue
[2024-03-25T21:44:00.609+0000] {logging_mixin.py:188} INFO - [2024-03-25T21:44:00.608+0000] {dagbag.py:540} INFO - Filling up the DagBag from /home/airflow/.local/lib/python3.8/site-packages/airflow/example_dags/example_dag_decorator.py
[2024-03-25T21:44:02.254+0000] {processor.py:840} INFO - DAG(s) 'example_dag_decorator' retrieved from /home/airflow/.local/lib/python3.8/site-packages/airflow/example_dags/example_dag_decorator.py
[2024-03-25T21:44:04.176+0000] {logging_mixin.py:188} INFO - [2024-03-25T21:44:04.176+0000] {dag.py:3047} INFO - Sync 1 DAGs
[2024-03-25T21:44:04.327+0000] {logging_mixin.py:188} INFO - [2024-03-25T21:44:04.326+0000] {dag.py:3834} INFO - Setting next_dagrun for example_dag_decorator to None, run_after=None
[2024-03-25T21:44:04.752+0000] {processor.py:183} INFO - Processing /home/airflow/.local/lib/python3.8/site-packages/airflow/example_dags/example_dag_decorator.py took 4.183 seconds
[2024-03-25T21:44:35.443+0000] {processor.py:161} INFO - Started process (PID=216) to work on /home/airflow/.local/lib/python3.8/site-packages/airflow/example_dags/example_dag_decorator.py
[2024-03-25T21:44:35.446+0000] {processor.py:830} INFO - Processing file /home/airflow/.local/lib/python3.8/site-packages/airflow/example_dags/example_dag_decorator.py for tasks to queue
[2024-03-25T21:44:35.459+0000] {logging_mixin.py:188} INFO - [2024-03-25T21:44:35.459+0000] {dagbag.py:540} INFO - Filling up the DagBag from /home/airflow/.local/lib/python3.8/site-packages/airflow/example_dags/example_dag_decorator.py
[2024-03-25T21:44:36.032+0000] {processor.py:840} INFO - DAG(s) 'example_dag_decorator' retrieved from /home/airflow/.local/lib/python3.8/site-packages/airflow/example_dags/example_dag_decorator.py
[2024-03-25T21:44:36.786+0000] {logging_mixin.py:188} INFO - [2024-03-25T21:44:36.786+0000] {dag.py:3047} INFO - Sync 1 DAGs
[2024-03-25T21:44:36.835+0000] {logging_mixin.py:188} INFO - [2024-03-25T21:44:36.834+0000] {dag.py:3834} INFO - Setting next_dagrun for example_dag_decorator to None, run_after=None
[2024-03-25T21:44:36.972+0000] {processor.py:183} INFO - Processing /home/airflow/.local/lib/python3.8/site-packages/airflow/example_dags/example_dag_decorator.py took 1.542 seconds
