[2024-03-25T21:43:03.207+0000] {processor.py:161} INFO - Started process (PID=92) to work on /home/airflow/.local/lib/python3.8/site-packages/airflow/example_dags/example_xcomargs.py
[2024-03-25T21:43:03.236+0000] {processor.py:830} INFO - Processing file /home/airflow/.local/lib/python3.8/site-packages/airflow/example_dags/example_xcomargs.py for tasks to queue
[2024-03-25T21:43:03.254+0000] {logging_mixin.py:188} INFO - [2024-03-25T21:43:03.252+0000] {dagbag.py:540} INFO - Filling up the DagBag from /home/airflow/.local/lib/python3.8/site-packages/airflow/example_dags/example_xcomargs.py
[2024-03-25T21:43:03.399+0000] {processor.py:840} INFO - DAG(s) 'example_xcom_args', 'example_xcom_args_with_operators' retrieved from /home/airflow/.local/lib/python3.8/site-packages/airflow/example_dags/example_xcomargs.py
[2024-03-25T21:43:04.418+0000] {logging_mixin.py:188} INFO - [2024-03-25T21:43:04.416+0000] {override.py:1769} INFO - Created Permission View: can delete on DAG:example_xcom_args
[2024-03-25T21:43:04.498+0000] {logging_mixin.py:188} INFO - [2024-03-25T21:43:04.497+0000] {override.py:1769} INFO - Created Permission View: can read on DAG:example_xcom_args
[2024-03-25T21:43:04.592+0000] {logging_mixin.py:188} INFO - [2024-03-25T21:43:04.591+0000] {override.py:1769} INFO - Created Permission View: can edit on DAG:example_xcom_args
[2024-03-25T21:43:04.782+0000] {logging_mixin.py:188} INFO - [2024-03-25T21:43:04.781+0000] {override.py:1769} INFO - Created Permission View: can delete on DAG:example_xcom_args_with_operators
[2024-03-25T21:43:04.976+0000] {logging_mixin.py:188} INFO - [2024-03-25T21:43:04.973+0000] {override.py:1769} INFO - Created Permission View: can read on DAG:example_xcom_args_with_operators
[2024-03-25T21:43:05.109+0000] {logging_mixin.py:188} INFO - [2024-03-25T21:43:05.109+0000] {override.py:1769} INFO - Created Permission View: can edit on DAG:example_xcom_args_with_operators
[2024-03-25T21:43:05.128+0000] {logging_mixin.py:188} INFO - [2024-03-25T21:43:05.127+0000] {dag.py:3047} INFO - Sync 2 DAGs
[2024-03-25T21:43:05.271+0000] {logging_mixin.py:188} INFO - [2024-03-25T21:43:05.271+0000] {dag.py:3069} INFO - Creating ORM DAG for example_xcom_args
[2024-03-25T21:43:05.282+0000] {logging_mixin.py:188} INFO - [2024-03-25T21:43:05.282+0000] {dag.py:3069} INFO - Creating ORM DAG for example_xcom_args_with_operators
[2024-03-25T21:43:05.288+0000] {logging_mixin.py:188} INFO - [2024-03-25T21:43:05.287+0000] {dag.py:3834} INFO - Setting next_dagrun for example_xcom_args to None, run_after=None
[2024-03-25T21:43:05.290+0000] {logging_mixin.py:188} INFO - [2024-03-25T21:43:05.289+0000] {dag.py:3834} INFO - Setting next_dagrun for example_xcom_args_with_operators to None, run_after=None
[2024-03-25T21:43:05.546+0000] {processor.py:183} INFO - Processing /home/airflow/.local/lib/python3.8/site-packages/airflow/example_dags/example_xcomargs.py took 2.378 seconds
[2024-03-25T21:43:55.309+0000] {processor.py:161} INFO - Started process (PID=147) to work on /home/airflow/.local/lib/python3.8/site-packages/airflow/example_dags/example_xcomargs.py
[2024-03-25T21:43:55.338+0000] {processor.py:830} INFO - Processing file /home/airflow/.local/lib/python3.8/site-packages/airflow/example_dags/example_xcomargs.py for tasks to queue
[2024-03-25T21:43:55.394+0000] {logging_mixin.py:188} INFO - [2024-03-25T21:43:55.378+0000] {dagbag.py:540} INFO - Filling up the DagBag from /home/airflow/.local/lib/python3.8/site-packages/airflow/example_dags/example_xcomargs.py
[2024-03-25T21:43:55.461+0000] {processor.py:840} INFO - DAG(s) 'example_xcom_args', 'example_xcom_args_with_operators' retrieved from /home/airflow/.local/lib/python3.8/site-packages/airflow/example_dags/example_xcomargs.py
[2024-03-25T21:43:55.757+0000] {logging_mixin.py:188} INFO - [2024-03-25T21:43:55.757+0000] {dag.py:3047} INFO - Sync 2 DAGs
[2024-03-25T21:43:55.878+0000] {logging_mixin.py:188} INFO - [2024-03-25T21:43:55.877+0000] {dag.py:3834} INFO - Setting next_dagrun for example_xcom_args to None, run_after=None
[2024-03-25T21:43:55.922+0000] {logging_mixin.py:188} INFO - [2024-03-25T21:43:55.921+0000] {dag.py:3834} INFO - Setting next_dagrun for example_xcom_args_with_operators to None, run_after=None
[2024-03-25T21:43:56.180+0000] {processor.py:183} INFO - Processing /home/airflow/.local/lib/python3.8/site-packages/airflow/example_dags/example_xcomargs.py took 0.927 seconds
[2024-03-25T21:44:30.898+0000] {processor.py:161} INFO - Started process (PID=208) to work on /home/airflow/.local/lib/python3.8/site-packages/airflow/example_dags/example_xcomargs.py
[2024-03-25T21:44:30.906+0000] {processor.py:830} INFO - Processing file /home/airflow/.local/lib/python3.8/site-packages/airflow/example_dags/example_xcomargs.py for tasks to queue
[2024-03-25T21:44:30.915+0000] {logging_mixin.py:188} INFO - [2024-03-25T21:44:30.914+0000] {dagbag.py:540} INFO - Filling up the DagBag from /home/airflow/.local/lib/python3.8/site-packages/airflow/example_dags/example_xcomargs.py
[2024-03-25T21:44:30.967+0000] {processor.py:840} INFO - DAG(s) 'example_xcom_args_with_operators', 'example_xcom_args' retrieved from /home/airflow/.local/lib/python3.8/site-packages/airflow/example_dags/example_xcomargs.py
[2024-03-25T21:44:31.052+0000] {logging_mixin.py:188} INFO - [2024-03-25T21:44:31.052+0000] {dag.py:3047} INFO - Sync 2 DAGs
[2024-03-25T21:44:31.103+0000] {logging_mixin.py:188} INFO - [2024-03-25T21:44:31.102+0000] {dag.py:3834} INFO - Setting next_dagrun for example_xcom_args to None, run_after=None
[2024-03-25T21:44:31.118+0000] {logging_mixin.py:188} INFO - [2024-03-25T21:44:31.117+0000] {dag.py:3834} INFO - Setting next_dagrun for example_xcom_args_with_operators to None, run_after=None
[2024-03-25T21:44:31.201+0000] {processor.py:183} INFO - Processing /home/airflow/.local/lib/python3.8/site-packages/airflow/example_dags/example_xcomargs.py took 0.333 seconds
