[2024-03-25T21:43:11.033+0000] {processor.py:161} INFO - Started process (PID=97) to work on /home/airflow/.local/lib/python3.8/site-packages/airflow/example_dags/example_latest_only_with_trigger.py
[2024-03-25T21:43:11.094+0000] {processor.py:830} INFO - Processing file /home/airflow/.local/lib/python3.8/site-packages/airflow/example_dags/example_latest_only_with_trigger.py for tasks to queue
[2024-03-25T21:43:11.211+0000] {logging_mixin.py:188} INFO - [2024-03-25T21:43:11.207+0000] {dagbag.py:540} INFO - Filling up the DagBag from /home/airflow/.local/lib/python3.8/site-packages/airflow/example_dags/example_latest_only_with_trigger.py
[2024-03-25T21:43:11.410+0000] {processor.py:840} INFO - DAG(s) 'latest_only_with_trigger' retrieved from /home/airflow/.local/lib/python3.8/site-packages/airflow/example_dags/example_latest_only_with_trigger.py
[2024-03-25T21:43:13.232+0000] {logging_mixin.py:188} INFO - [2024-03-25T21:43:13.230+0000] {override.py:1769} INFO - Created Permission View: can delete on DAG:latest_only_with_trigger
[2024-03-25T21:43:13.318+0000] {logging_mixin.py:188} INFO - [2024-03-25T21:43:13.317+0000] {override.py:1769} INFO - Created Permission View: can read on DAG:latest_only_with_trigger
[2024-03-25T21:43:13.402+0000] {logging_mixin.py:188} INFO - [2024-03-25T21:43:13.401+0000] {override.py:1769} INFO - Created Permission View: can edit on DAG:latest_only_with_trigger
[2024-03-25T21:43:13.404+0000] {logging_mixin.py:188} INFO - [2024-03-25T21:43:13.404+0000] {dag.py:3047} INFO - Sync 1 DAGs
[2024-03-25T21:43:13.655+0000] {logging_mixin.py:188} INFO - [2024-03-25T21:43:13.625+0000] {dag.py:3069} INFO - Creating ORM DAG for latest_only_with_trigger
[2024-03-25T21:43:13.871+0000] {logging_mixin.py:188} INFO - [2024-03-25T21:43:13.870+0000] {dag.py:3834} INFO - Setting next_dagrun for latest_only_with_trigger to 2024-03-25 16:00:00+00:00, run_after=2024-03-25 20:00:00+00:00
[2024-03-25T21:43:14.094+0000] {processor.py:183} INFO - Processing /home/airflow/.local/lib/python3.8/site-packages/airflow/example_dags/example_latest_only_with_trigger.py took 3.096 seconds
[2024-03-25T21:43:59.875+0000] {processor.py:161} INFO - Started process (PID=158) to work on /home/airflow/.local/lib/python3.8/site-packages/airflow/example_dags/example_latest_only_with_trigger.py
[2024-03-25T21:43:59.933+0000] {processor.py:830} INFO - Processing file /home/airflow/.local/lib/python3.8/site-packages/airflow/example_dags/example_latest_only_with_trigger.py for tasks to queue
[2024-03-25T21:43:59.941+0000] {logging_mixin.py:188} INFO - [2024-03-25T21:43:59.940+0000] {dagbag.py:540} INFO - Filling up the DagBag from /home/airflow/.local/lib/python3.8/site-packages/airflow/example_dags/example_latest_only_with_trigger.py
[2024-03-25T21:44:00.049+0000] {processor.py:840} INFO - DAG(s) 'latest_only_with_trigger' retrieved from /home/airflow/.local/lib/python3.8/site-packages/airflow/example_dags/example_latest_only_with_trigger.py
[2024-03-25T21:44:00.401+0000] {logging_mixin.py:188} INFO - [2024-03-25T21:44:00.401+0000] {dag.py:3047} INFO - Sync 1 DAGs
[2024-03-25T21:44:00.790+0000] {logging_mixin.py:188} INFO - [2024-03-25T21:44:00.790+0000] {dag.py:3834} INFO - Setting next_dagrun for latest_only_with_trigger to 2024-03-25 16:00:00+00:00, run_after=2024-03-25 20:00:00+00:00
[2024-03-25T21:44:01.038+0000] {processor.py:183} INFO - Processing /home/airflow/.local/lib/python3.8/site-packages/airflow/example_dags/example_latest_only_with_trigger.py took 1.184 seconds
[2024-03-25T21:44:33.627+0000] {processor.py:161} INFO - Started process (PID=213) to work on /home/airflow/.local/lib/python3.8/site-packages/airflow/example_dags/example_latest_only_with_trigger.py
[2024-03-25T21:44:33.701+0000] {processor.py:830} INFO - Processing file /home/airflow/.local/lib/python3.8/site-packages/airflow/example_dags/example_latest_only_with_trigger.py for tasks to queue
[2024-03-25T21:44:33.709+0000] {logging_mixin.py:188} INFO - [2024-03-25T21:44:33.709+0000] {dagbag.py:540} INFO - Filling up the DagBag from /home/airflow/.local/lib/python3.8/site-packages/airflow/example_dags/example_latest_only_with_trigger.py
[2024-03-25T21:44:33.775+0000] {processor.py:840} INFO - DAG(s) 'latest_only_with_trigger' retrieved from /home/airflow/.local/lib/python3.8/site-packages/airflow/example_dags/example_latest_only_with_trigger.py
[2024-03-25T21:44:33.963+0000] {logging_mixin.py:188} INFO - [2024-03-25T21:44:33.960+0000] {dag.py:3047} INFO - Sync 1 DAGs
[2024-03-25T21:44:34.117+0000] {logging_mixin.py:188} INFO - [2024-03-25T21:44:34.117+0000] {dag.py:3834} INFO - Setting next_dagrun for latest_only_with_trigger to 2024-03-25 16:00:00+00:00, run_after=2024-03-25 20:00:00+00:00
[2024-03-25T21:44:34.241+0000] {processor.py:183} INFO - Processing /home/airflow/.local/lib/python3.8/site-packages/airflow/example_dags/example_latest_only_with_trigger.py took 0.643 seconds
