[2024-03-25T21:43:09.611+0000] {processor.py:161} INFO - Started process (PID=96) to work on /home/airflow/.local/lib/python3.8/site-packages/airflow/example_dags/example_python_decorator.py
[2024-03-25T21:43:09.622+0000] {processor.py:830} INFO - Processing file /home/airflow/.local/lib/python3.8/site-packages/airflow/example_dags/example_python_decorator.py for tasks to queue
[2024-03-25T21:43:09.640+0000] {logging_mixin.py:188} INFO - [2024-03-25T21:43:09.639+0000] {dagbag.py:540} INFO - Filling up the DagBag from /home/airflow/.local/lib/python3.8/site-packages/airflow/example_dags/example_python_decorator.py
[2024-03-25T21:43:09.852+0000] {processor.py:840} INFO - DAG(s) 'example_python_decorator' retrieved from /home/airflow/.local/lib/python3.8/site-packages/airflow/example_dags/example_python_decorator.py
[2024-03-25T21:43:11.848+0000] {logging_mixin.py:188} INFO - [2024-03-25T21:43:11.847+0000] {override.py:1769} INFO - Created Permission View: can delete on DAG:example_python_decorator
[2024-03-25T21:43:12.093+0000] {logging_mixin.py:188} INFO - [2024-03-25T21:43:12.092+0000] {override.py:1769} INFO - Created Permission View: can read on DAG:example_python_decorator
[2024-03-25T21:43:12.267+0000] {logging_mixin.py:188} INFO - [2024-03-25T21:43:12.262+0000] {override.py:1769} INFO - Created Permission View: can edit on DAG:example_python_decorator
[2024-03-25T21:43:12.298+0000] {logging_mixin.py:188} INFO - [2024-03-25T21:43:12.284+0000] {dag.py:3047} INFO - Sync 1 DAGs
[2024-03-25T21:43:12.601+0000] {logging_mixin.py:188} INFO - [2024-03-25T21:43:12.601+0000] {dag.py:3069} INFO - Creating ORM DAG for example_python_decorator
[2024-03-25T21:43:12.619+0000] {logging_mixin.py:188} INFO - [2024-03-25T21:43:12.619+0000] {dag.py:3834} INFO - Setting next_dagrun for example_python_decorator to None, run_after=None
[2024-03-25T21:43:12.901+0000] {processor.py:183} INFO - Processing /home/airflow/.local/lib/python3.8/site-packages/airflow/example_dags/example_python_decorator.py took 3.320 seconds
[2024-03-25T21:43:58.832+0000] {processor.py:161} INFO - Started process (PID=151) to work on /home/airflow/.local/lib/python3.8/site-packages/airflow/example_dags/example_python_decorator.py
[2024-03-25T21:43:58.842+0000] {processor.py:830} INFO - Processing file /home/airflow/.local/lib/python3.8/site-packages/airflow/example_dags/example_python_decorator.py for tasks to queue
[2024-03-25T21:43:58.853+0000] {logging_mixin.py:188} INFO - [2024-03-25T21:43:58.852+0000] {dagbag.py:540} INFO - Filling up the DagBag from /home/airflow/.local/lib/python3.8/site-packages/airflow/example_dags/example_python_decorator.py
[2024-03-25T21:43:59.185+0000] {processor.py:840} INFO - DAG(s) 'example_python_decorator' retrieved from /home/airflow/.local/lib/python3.8/site-packages/airflow/example_dags/example_python_decorator.py
[2024-03-25T21:43:59.634+0000] {logging_mixin.py:188} INFO - [2024-03-25T21:43:59.633+0000] {dag.py:3047} INFO - Sync 1 DAGs
[2024-03-25T21:44:00.031+0000] {logging_mixin.py:188} INFO - [2024-03-25T21:44:00.031+0000] {dag.py:3834} INFO - Setting next_dagrun for example_python_decorator to None, run_after=None
[2024-03-25T21:44:00.309+0000] {processor.py:183} INFO - Processing /home/airflow/.local/lib/python3.8/site-packages/airflow/example_dags/example_python_decorator.py took 1.509 seconds
[2024-03-25T21:44:33.392+0000] {processor.py:161} INFO - Started process (PID=212) to work on /home/airflow/.local/lib/python3.8/site-packages/airflow/example_dags/example_python_decorator.py
[2024-03-25T21:44:33.400+0000] {processor.py:830} INFO - Processing file /home/airflow/.local/lib/python3.8/site-packages/airflow/example_dags/example_python_decorator.py for tasks to queue
[2024-03-25T21:44:33.416+0000] {logging_mixin.py:188} INFO - [2024-03-25T21:44:33.415+0000] {dagbag.py:540} INFO - Filling up the DagBag from /home/airflow/.local/lib/python3.8/site-packages/airflow/example_dags/example_python_decorator.py
[2024-03-25T21:44:33.510+0000] {processor.py:840} INFO - DAG(s) 'example_python_decorator' retrieved from /home/airflow/.local/lib/python3.8/site-packages/airflow/example_dags/example_python_decorator.py
[2024-03-25T21:44:33.705+0000] {logging_mixin.py:188} INFO - [2024-03-25T21:44:33.705+0000] {dag.py:3047} INFO - Sync 1 DAGs
[2024-03-25T21:44:33.744+0000] {logging_mixin.py:188} INFO - [2024-03-25T21:44:33.744+0000] {dag.py:3834} INFO - Setting next_dagrun for example_python_decorator to None, run_after=None
[2024-03-25T21:44:33.828+0000] {processor.py:183} INFO - Processing /home/airflow/.local/lib/python3.8/site-packages/airflow/example_dags/example_python_decorator.py took 0.457 seconds
