[2024-03-25T21:43:30.850+0000] {processor.py:161} INFO - Started process (PID=114) to work on /home/airflow/.local/lib/python3.8/site-packages/airflow/example_dags/example_params_trigger_ui.py
[2024-03-25T21:43:30.855+0000] {processor.py:830} INFO - Processing file /home/airflow/.local/lib/python3.8/site-packages/airflow/example_dags/example_params_trigger_ui.py for tasks to queue
[2024-03-25T21:43:30.866+0000] {logging_mixin.py:188} INFO - [2024-03-25T21:43:30.865+0000] {dagbag.py:540} INFO - Filling up the DagBag from /home/airflow/.local/lib/python3.8/site-packages/airflow/example_dags/example_params_trigger_ui.py
[2024-03-25T21:43:30.994+0000] {processor.py:840} INFO - DAG(s) 'example_params_trigger_ui' retrieved from /home/airflow/.local/lib/python3.8/site-packages/airflow/example_dags/example_params_trigger_ui.py
[2024-03-25T21:43:32.405+0000] {logging_mixin.py:188} INFO - [2024-03-25T21:43:32.404+0000] {override.py:1769} INFO - Created Permission View: can delete on DAG:example_params_trigger_ui
[2024-03-25T21:43:32.665+0000] {logging_mixin.py:188} INFO - [2024-03-25T21:43:32.657+0000] {override.py:1769} INFO - Created Permission View: can read on DAG:example_params_trigger_ui
[2024-03-25T21:43:32.750+0000] {logging_mixin.py:188} INFO - [2024-03-25T21:43:32.749+0000] {override.py:1769} INFO - Created Permission View: can edit on DAG:example_params_trigger_ui
[2024-03-25T21:43:32.758+0000] {logging_mixin.py:188} INFO - [2024-03-25T21:43:32.757+0000] {dag.py:3047} INFO - Sync 1 DAGs
[2024-03-25T21:43:32.908+0000] {logging_mixin.py:188} INFO - [2024-03-25T21:43:32.903+0000] {dag.py:3069} INFO - Creating ORM DAG for example_params_trigger_ui
[2024-03-25T21:43:32.937+0000] {logging_mixin.py:188} INFO - [2024-03-25T21:43:32.935+0000] {dag.py:3834} INFO - Setting next_dagrun for example_params_trigger_ui to None, run_after=None
[2024-03-25T21:43:33.169+0000] {processor.py:183} INFO - Processing /home/airflow/.local/lib/python3.8/site-packages/airflow/example_dags/example_params_trigger_ui.py took 2.356 seconds
[2024-03-25T21:44:10.963+0000] {processor.py:161} INFO - Started process (PID=171) to work on /home/airflow/.local/lib/python3.8/site-packages/airflow/example_dags/example_params_trigger_ui.py
[2024-03-25T21:44:10.984+0000] {processor.py:830} INFO - Processing file /home/airflow/.local/lib/python3.8/site-packages/airflow/example_dags/example_params_trigger_ui.py for tasks to queue
[2024-03-25T21:44:10.993+0000] {logging_mixin.py:188} INFO - [2024-03-25T21:44:10.991+0000] {dagbag.py:540} INFO - Filling up the DagBag from /home/airflow/.local/lib/python3.8/site-packages/airflow/example_dags/example_params_trigger_ui.py
[2024-03-25T21:44:11.047+0000] {processor.py:840} INFO - DAG(s) 'example_params_trigger_ui' retrieved from /home/airflow/.local/lib/python3.8/site-packages/airflow/example_dags/example_params_trigger_ui.py
[2024-03-25T21:44:11.382+0000] {logging_mixin.py:188} INFO - [2024-03-25T21:44:11.381+0000] {dag.py:3047} INFO - Sync 1 DAGs
[2024-03-25T21:44:11.431+0000] {logging_mixin.py:188} INFO - [2024-03-25T21:44:11.430+0000] {dag.py:3834} INFO - Setting next_dagrun for example_params_trigger_ui to None, run_after=None
[2024-03-25T21:44:11.558+0000] {processor.py:183} INFO - Processing /home/airflow/.local/lib/python3.8/site-packages/airflow/example_dags/example_params_trigger_ui.py took 0.613 seconds
[2024-03-25T21:44:41.962+0000] {processor.py:161} INFO - Started process (PID=226) to work on /home/airflow/.local/lib/python3.8/site-packages/airflow/example_dags/example_params_trigger_ui.py
[2024-03-25T21:44:41.979+0000] {processor.py:830} INFO - Processing file /home/airflow/.local/lib/python3.8/site-packages/airflow/example_dags/example_params_trigger_ui.py for tasks to queue
[2024-03-25T21:44:41.984+0000] {logging_mixin.py:188} INFO - [2024-03-25T21:44:41.983+0000] {dagbag.py:540} INFO - Filling up the DagBag from /home/airflow/.local/lib/python3.8/site-packages/airflow/example_dags/example_params_trigger_ui.py
[2024-03-25T21:44:42.046+0000] {processor.py:840} INFO - DAG(s) 'example_params_trigger_ui' retrieved from /home/airflow/.local/lib/python3.8/site-packages/airflow/example_dags/example_params_trigger_ui.py
[2024-03-25T21:44:42.398+0000] {logging_mixin.py:188} INFO - [2024-03-25T21:44:42.397+0000] {dag.py:3047} INFO - Sync 1 DAGs
[2024-03-25T21:44:42.506+0000] {logging_mixin.py:188} INFO - [2024-03-25T21:44:42.506+0000] {dag.py:3834} INFO - Setting next_dagrun for example_params_trigger_ui to None, run_after=None
[2024-03-25T21:44:42.639+0000] {processor.py:183} INFO - Processing /home/airflow/.local/lib/python3.8/site-packages/airflow/example_dags/example_params_trigger_ui.py took 0.695 seconds
