[2024-03-25T21:43:31.624+0000] {processor.py:161} INFO - Started process (PID=115) to work on /home/airflow/.local/lib/python3.8/site-packages/airflow/example_dags/example_branch_python_dop_operator_3.py
[2024-03-25T21:43:31.628+0000] {processor.py:830} INFO - Processing file /home/airflow/.local/lib/python3.8/site-packages/airflow/example_dags/example_branch_python_dop_operator_3.py for tasks to queue
[2024-03-25T21:43:31.632+0000] {logging_mixin.py:188} INFO - [2024-03-25T21:43:31.631+0000] {dagbag.py:540} INFO - Filling up the DagBag from /home/airflow/.local/lib/python3.8/site-packages/airflow/example_dags/example_branch_python_dop_operator_3.py
[2024-03-25T21:43:31.707+0000] {processor.py:840} INFO - DAG(s) 'example_branch_dop_operator_v3' retrieved from /home/airflow/.local/lib/python3.8/site-packages/airflow/example_dags/example_branch_python_dop_operator_3.py
[2024-03-25T21:43:32.675+0000] {logging_mixin.py:188} INFO - [2024-03-25T21:43:32.673+0000] {override.py:1769} INFO - Created Permission View: can delete on DAG:example_branch_dop_operator_v3
[2024-03-25T21:43:32.789+0000] {logging_mixin.py:188} INFO - [2024-03-25T21:43:32.782+0000] {override.py:1769} INFO - Created Permission View: can read on DAG:example_branch_dop_operator_v3
[2024-03-25T21:43:32.850+0000] {logging_mixin.py:188} INFO - [2024-03-25T21:43:32.849+0000] {override.py:1769} INFO - Created Permission View: can edit on DAG:example_branch_dop_operator_v3
[2024-03-25T21:43:32.866+0000] {logging_mixin.py:188} INFO - [2024-03-25T21:43:32.857+0000] {dag.py:3047} INFO - Sync 1 DAGs
[2024-03-25T21:43:32.988+0000] {logging_mixin.py:188} INFO - [2024-03-25T21:43:32.988+0000] {dag.py:3069} INFO - Creating ORM DAG for example_branch_dop_operator_v3
[2024-03-25T21:43:33.091+0000] {logging_mixin.py:188} INFO - [2024-03-25T21:43:33.090+0000] {dag.py:3834} INFO - Setting next_dagrun for example_branch_dop_operator_v3 to 2024-03-25 21:42:00+00:00, run_after=2024-03-25 21:43:00+00:00
[2024-03-25T21:43:33.258+0000] {processor.py:183} INFO - Processing /home/airflow/.local/lib/python3.8/site-packages/airflow/example_dags/example_branch_python_dop_operator_3.py took 1.652 seconds
[2024-03-25T21:44:11.311+0000] {processor.py:161} INFO - Started process (PID=172) to work on /home/airflow/.local/lib/python3.8/site-packages/airflow/example_dags/example_branch_python_dop_operator_3.py
[2024-03-25T21:44:11.316+0000] {processor.py:830} INFO - Processing file /home/airflow/.local/lib/python3.8/site-packages/airflow/example_dags/example_branch_python_dop_operator_3.py for tasks to queue
[2024-03-25T21:44:11.320+0000] {logging_mixin.py:188} INFO - [2024-03-25T21:44:11.319+0000] {dagbag.py:540} INFO - Filling up the DagBag from /home/airflow/.local/lib/python3.8/site-packages/airflow/example_dags/example_branch_python_dop_operator_3.py
[2024-03-25T21:44:11.361+0000] {processor.py:840} INFO - DAG(s) 'example_branch_dop_operator_v3' retrieved from /home/airflow/.local/lib/python3.8/site-packages/airflow/example_dags/example_branch_python_dop_operator_3.py
[2024-03-25T21:44:11.479+0000] {logging_mixin.py:188} INFO - [2024-03-25T21:44:11.478+0000] {dag.py:3047} INFO - Sync 1 DAGs
[2024-03-25T21:44:11.670+0000] {logging_mixin.py:188} INFO - [2024-03-25T21:44:11.670+0000] {dag.py:3834} INFO - Setting next_dagrun for example_branch_dop_operator_v3 to 2024-03-25 21:43:00+00:00, run_after=2024-03-25 21:44:00+00:00
[2024-03-25T21:44:11.914+0000] {processor.py:183} INFO - Processing /home/airflow/.local/lib/python3.8/site-packages/airflow/example_dags/example_branch_python_dop_operator_3.py took 0.632 seconds
[2024-03-25T21:44:42.586+0000] {processor.py:161} INFO - Started process (PID=227) to work on /home/airflow/.local/lib/python3.8/site-packages/airflow/example_dags/example_branch_python_dop_operator_3.py
[2024-03-25T21:44:42.612+0000] {processor.py:830} INFO - Processing file /home/airflow/.local/lib/python3.8/site-packages/airflow/example_dags/example_branch_python_dop_operator_3.py for tasks to queue
[2024-03-25T21:44:42.627+0000] {logging_mixin.py:188} INFO - [2024-03-25T21:44:42.626+0000] {dagbag.py:540} INFO - Filling up the DagBag from /home/airflow/.local/lib/python3.8/site-packages/airflow/example_dags/example_branch_python_dop_operator_3.py
[2024-03-25T21:44:42.681+0000] {processor.py:840} INFO - DAG(s) 'example_branch_dop_operator_v3' retrieved from /home/airflow/.local/lib/python3.8/site-packages/airflow/example_dags/example_branch_python_dop_operator_3.py
[2024-03-25T21:44:42.770+0000] {logging_mixin.py:188} INFO - [2024-03-25T21:44:42.769+0000] {dag.py:3047} INFO - Sync 1 DAGs
[2024-03-25T21:44:42.912+0000] {logging_mixin.py:188} INFO - [2024-03-25T21:44:42.911+0000] {dag.py:3834} INFO - Setting next_dagrun for example_branch_dop_operator_v3 to 2024-03-25 21:43:00+00:00, run_after=2024-03-25 21:44:00+00:00
[2024-03-25T21:44:43.037+0000] {processor.py:183} INFO - Processing /home/airflow/.local/lib/python3.8/site-packages/airflow/example_dags/example_branch_python_dop_operator_3.py took 0.472 seconds
