[2024-03-25T21:42:20.770+0000] {processor.py:161} INFO - Started process (PID=59) to work on /home/airflow/.local/lib/python3.8/site-packages/airflow/example_dags/example_xcom.py
[2024-03-25T21:42:20.773+0000] {processor.py:830} INFO - Processing file /home/airflow/.local/lib/python3.8/site-packages/airflow/example_dags/example_xcom.py for tasks to queue
[2024-03-25T21:42:20.790+0000] {logging_mixin.py:188} INFO - [2024-03-25T21:42:20.778+0000] {dagbag.py:540} INFO - Filling up the DagBag from /home/airflow/.local/lib/python3.8/site-packages/airflow/example_dags/example_xcom.py
[2024-03-25T21:42:21.123+0000] {processor.py:840} INFO - DAG(s) 'example_xcom' retrieved from /home/airflow/.local/lib/python3.8/site-packages/airflow/example_dags/example_xcom.py
[2024-03-25T21:42:22.432+0000] {logging_mixin.py:188} INFO - [2024-03-25T21:42:22.431+0000] {override.py:1769} INFO - Created Permission View: can delete on DAG:example_xcom
[2024-03-25T21:42:22.575+0000] {logging_mixin.py:188} INFO - [2024-03-25T21:42:22.575+0000] {override.py:1769} INFO - Created Permission View: can read on DAG:example_xcom
[2024-03-25T21:42:22.732+0000] {logging_mixin.py:188} INFO - [2024-03-25T21:42:22.726+0000] {override.py:1769} INFO - Created Permission View: can edit on DAG:example_xcom
[2024-03-25T21:42:22.735+0000] {logging_mixin.py:188} INFO - [2024-03-25T21:42:22.735+0000] {dag.py:3047} INFO - Sync 1 DAGs
[2024-03-25T21:42:22.847+0000] {logging_mixin.py:188} INFO - [2024-03-25T21:42:22.846+0000] {dag.py:3069} INFO - Creating ORM DAG for example_xcom
[2024-03-25T21:42:22.921+0000] {logging_mixin.py:188} INFO - [2024-03-25T21:42:22.920+0000] {dag.py:3834} INFO - Setting next_dagrun for example_xcom to 2021-01-01 00:00:00+00:00, run_after=2021-01-01 00:00:00+00:00
[2024-03-25T21:42:23.250+0000] {processor.py:183} INFO - Processing /home/airflow/.local/lib/python3.8/site-packages/airflow/example_dags/example_xcom.py took 2.524 seconds
[2024-03-25T21:43:38.075+0000] {processor.py:161} INFO - Started process (PID=126) to work on /home/airflow/.local/lib/python3.8/site-packages/airflow/example_dags/example_xcom.py
[2024-03-25T21:43:38.089+0000] {processor.py:830} INFO - Processing file /home/airflow/.local/lib/python3.8/site-packages/airflow/example_dags/example_xcom.py for tasks to queue
[2024-03-25T21:43:38.094+0000] {logging_mixin.py:188} INFO - [2024-03-25T21:43:38.093+0000] {dagbag.py:540} INFO - Filling up the DagBag from /home/airflow/.local/lib/python3.8/site-packages/airflow/example_dags/example_xcom.py
[2024-03-25T21:43:38.137+0000] {processor.py:840} INFO - DAG(s) 'example_xcom' retrieved from /home/airflow/.local/lib/python3.8/site-packages/airflow/example_dags/example_xcom.py
[2024-03-25T21:43:38.311+0000] {logging_mixin.py:188} INFO - [2024-03-25T21:43:38.299+0000] {dag.py:3047} INFO - Sync 1 DAGs
[2024-03-25T21:43:38.525+0000] {logging_mixin.py:188} INFO - [2024-03-25T21:43:38.525+0000] {dag.py:3834} INFO - Setting next_dagrun for example_xcom to 2021-01-01 00:00:00+00:00, run_after=2021-01-01 00:00:00+00:00
[2024-03-25T21:43:38.652+0000] {processor.py:183} INFO - Processing /home/airflow/.local/lib/python3.8/site-packages/airflow/example_dags/example_xcom.py took 0.601 seconds
[2024-03-25T21:44:15.160+0000] {processor.py:161} INFO - Started process (PID=179) to work on /home/airflow/.local/lib/python3.8/site-packages/airflow/example_dags/example_xcom.py
[2024-03-25T21:44:15.163+0000] {processor.py:830} INFO - Processing file /home/airflow/.local/lib/python3.8/site-packages/airflow/example_dags/example_xcom.py for tasks to queue
[2024-03-25T21:44:15.169+0000] {logging_mixin.py:188} INFO - [2024-03-25T21:44:15.167+0000] {dagbag.py:540} INFO - Filling up the DagBag from /home/airflow/.local/lib/python3.8/site-packages/airflow/example_dags/example_xcom.py
[2024-03-25T21:44:15.217+0000] {processor.py:840} INFO - DAG(s) 'example_xcom' retrieved from /home/airflow/.local/lib/python3.8/site-packages/airflow/example_dags/example_xcom.py
[2024-03-25T21:44:15.360+0000] {logging_mixin.py:188} INFO - [2024-03-25T21:44:15.353+0000] {dag.py:3047} INFO - Sync 1 DAGs
[2024-03-25T21:44:15.509+0000] {logging_mixin.py:188} INFO - [2024-03-25T21:44:15.509+0000] {dag.py:3834} INFO - Setting next_dagrun for example_xcom to 2021-01-01 00:00:00+00:00, run_after=2021-01-01 00:00:00+00:00
[2024-03-25T21:44:16.143+0000] {processor.py:183} INFO - Processing /home/airflow/.local/lib/python3.8/site-packages/airflow/example_dags/example_xcom.py took 1.000 seconds
[2024-03-25T21:44:46.580+0000] {processor.py:161} INFO - Started process (PID=234) to work on /home/airflow/.local/lib/python3.8/site-packages/airflow/example_dags/example_xcom.py
[2024-03-25T21:44:46.584+0000] {processor.py:830} INFO - Processing file /home/airflow/.local/lib/python3.8/site-packages/airflow/example_dags/example_xcom.py for tasks to queue
[2024-03-25T21:44:46.591+0000] {logging_mixin.py:188} INFO - [2024-03-25T21:44:46.588+0000] {dagbag.py:540} INFO - Filling up the DagBag from /home/airflow/.local/lib/python3.8/site-packages/airflow/example_dags/example_xcom.py
[2024-03-25T21:44:46.620+0000] {processor.py:840} INFO - DAG(s) 'example_xcom' retrieved from /home/airflow/.local/lib/python3.8/site-packages/airflow/example_dags/example_xcom.py
[2024-03-25T21:44:46.773+0000] {logging_mixin.py:188} INFO - [2024-03-25T21:44:46.772+0000] {dag.py:3047} INFO - Sync 1 DAGs
[2024-03-25T21:44:46.879+0000] {logging_mixin.py:188} INFO - [2024-03-25T21:44:46.879+0000] {dag.py:3834} INFO - Setting next_dagrun for example_xcom to 2021-01-01 00:00:00+00:00, run_after=2021-01-01 00:00:00+00:00
[2024-03-25T21:44:46.990+0000] {processor.py:183} INFO - Processing /home/airflow/.local/lib/python3.8/site-packages/airflow/example_dags/example_xcom.py took 0.416 seconds
