[2024-03-25T21:43:05.834+0000] {processor.py:161} INFO - Started process (PID=94) to work on /home/airflow/.local/lib/python3.8/site-packages/airflow/example_dags/example_datasets.py
[2024-03-25T21:43:05.855+0000] {processor.py:830} INFO - Processing file /home/airflow/.local/lib/python3.8/site-packages/airflow/example_dags/example_datasets.py for tasks to queue
[2024-03-25T21:43:05.874+0000] {logging_mixin.py:188} INFO - [2024-03-25T21:43:05.874+0000] {dagbag.py:540} INFO - Filling up the DagBag from /home/airflow/.local/lib/python3.8/site-packages/airflow/example_dags/example_datasets.py
[2024-03-25T21:43:05.968+0000] {processor.py:840} INFO - DAG(s) 'dataset_produces_1', 'dataset_produces_2', 'dataset_consumes_1_and_2', 'dataset_consumes_1_never_scheduled', 'dataset_consumes_unknown_never_scheduled', 'dataset_consumes_1' retrieved from /home/airflow/.local/lib/python3.8/site-packages/airflow/example_dags/example_datasets.py
[2024-03-25T21:43:06.923+0000] {logging_mixin.py:188} INFO - [2024-03-25T21:43:06.921+0000] {override.py:1769} INFO - Created Permission View: can delete on DAG:dataset_produces_1
[2024-03-25T21:43:07.039+0000] {logging_mixin.py:188} INFO - [2024-03-25T21:43:07.038+0000] {override.py:1769} INFO - Created Permission View: can read on DAG:dataset_produces_1
[2024-03-25T21:43:07.089+0000] {logging_mixin.py:188} INFO - [2024-03-25T21:43:07.088+0000] {override.py:1769} INFO - Created Permission View: can edit on DAG:dataset_produces_1
[2024-03-25T21:43:07.171+0000] {logging_mixin.py:188} INFO - [2024-03-25T21:43:07.170+0000] {override.py:1769} INFO - Created Permission View: can delete on DAG:dataset_produces_2
[2024-03-25T21:43:07.225+0000] {logging_mixin.py:188} INFO - [2024-03-25T21:43:07.224+0000] {override.py:1769} INFO - Created Permission View: can read on DAG:dataset_produces_2
[2024-03-25T21:43:07.398+0000] {logging_mixin.py:188} INFO - [2024-03-25T21:43:07.398+0000] {override.py:1769} INFO - Created Permission View: can edit on DAG:dataset_produces_2
[2024-03-25T21:43:07.572+0000] {logging_mixin.py:188} INFO - [2024-03-25T21:43:07.571+0000] {override.py:1769} INFO - Created Permission View: can delete on DAG:dataset_consumes_1_and_2
[2024-03-25T21:43:07.696+0000] {logging_mixin.py:188} INFO - [2024-03-25T21:43:07.695+0000] {override.py:1769} INFO - Created Permission View: can read on DAG:dataset_consumes_1_and_2
[2024-03-25T21:43:07.928+0000] {logging_mixin.py:188} INFO - [2024-03-25T21:43:07.927+0000] {override.py:1769} INFO - Created Permission View: can edit on DAG:dataset_consumes_1_and_2
[2024-03-25T21:43:08.234+0000] {logging_mixin.py:188} INFO - [2024-03-25T21:43:08.234+0000] {override.py:1769} INFO - Created Permission View: can delete on DAG:dataset_consumes_1_never_scheduled
[2024-03-25T21:43:08.427+0000] {logging_mixin.py:188} INFO - [2024-03-25T21:43:08.426+0000] {override.py:1769} INFO - Created Permission View: can read on DAG:dataset_consumes_1_never_scheduled
[2024-03-25T21:43:08.635+0000] {logging_mixin.py:188} INFO - [2024-03-25T21:43:08.633+0000] {override.py:1769} INFO - Created Permission View: can edit on DAG:dataset_consumes_1_never_scheduled
[2024-03-25T21:43:08.815+0000] {logging_mixin.py:188} INFO - [2024-03-25T21:43:08.815+0000] {override.py:1769} INFO - Created Permission View: can delete on DAG:dataset_consumes_unknown_never_scheduled
[2024-03-25T21:43:08.919+0000] {logging_mixin.py:188} INFO - [2024-03-25T21:43:08.918+0000] {override.py:1769} INFO - Created Permission View: can read on DAG:dataset_consumes_unknown_never_scheduled
[2024-03-25T21:43:09.261+0000] {logging_mixin.py:188} INFO - [2024-03-25T21:43:09.260+0000] {override.py:1769} INFO - Created Permission View: can edit on DAG:dataset_consumes_unknown_never_scheduled
[2024-03-25T21:43:09.474+0000] {logging_mixin.py:188} INFO - [2024-03-25T21:43:09.468+0000] {override.py:1769} INFO - Created Permission View: can delete on DAG:dataset_consumes_1
[2024-03-25T21:43:09.641+0000] {logging_mixin.py:188} INFO - [2024-03-25T21:43:09.637+0000] {override.py:1769} INFO - Created Permission View: can read on DAG:dataset_consumes_1
[2024-03-25T21:43:09.792+0000] {logging_mixin.py:188} INFO - [2024-03-25T21:43:09.791+0000] {override.py:1769} INFO - Created Permission View: can edit on DAG:dataset_consumes_1
[2024-03-25T21:43:09.800+0000] {logging_mixin.py:188} INFO - [2024-03-25T21:43:09.799+0000] {dag.py:3047} INFO - Sync 6 DAGs
[2024-03-25T21:43:10.035+0000] {logging_mixin.py:188} INFO - [2024-03-25T21:43:10.034+0000] {dag.py:3069} INFO - Creating ORM DAG for dataset_produces_1
[2024-03-25T21:43:10.041+0000] {logging_mixin.py:188} INFO - [2024-03-25T21:43:10.040+0000] {dag.py:3069} INFO - Creating ORM DAG for dataset_consumes_1_never_scheduled
[2024-03-25T21:43:10.066+0000] {logging_mixin.py:188} INFO - [2024-03-25T21:43:10.066+0000] {dag.py:3069} INFO - Creating ORM DAG for dataset_consumes_unknown_never_scheduled
[2024-03-25T21:43:10.071+0000] {logging_mixin.py:188} INFO - [2024-03-25T21:43:10.070+0000] {dag.py:3069} INFO - Creating ORM DAG for dataset_consumes_1
[2024-03-25T21:43:10.081+0000] {logging_mixin.py:188} INFO - [2024-03-25T21:43:10.076+0000] {dag.py:3069} INFO - Creating ORM DAG for dataset_produces_2
[2024-03-25T21:43:10.088+0000] {logging_mixin.py:188} INFO - [2024-03-25T21:43:10.088+0000] {dag.py:3069} INFO - Creating ORM DAG for dataset_consumes_1_and_2
[2024-03-25T21:43:10.179+0000] {logging_mixin.py:188} INFO - [2024-03-25T21:43:10.178+0000] {dag.py:3834} INFO - Setting next_dagrun for dataset_consumes_1 to None, run_after=None
[2024-03-25T21:43:10.182+0000] {logging_mixin.py:188} INFO - [2024-03-25T21:43:10.182+0000] {dag.py:3834} INFO - Setting next_dagrun for dataset_consumes_1_and_2 to None, run_after=None
[2024-03-25T21:43:10.185+0000] {logging_mixin.py:188} INFO - [2024-03-25T21:43:10.184+0000] {dag.py:3834} INFO - Setting next_dagrun for dataset_consumes_1_never_scheduled to None, run_after=None
[2024-03-25T21:43:10.187+0000] {logging_mixin.py:188} INFO - [2024-03-25T21:43:10.187+0000] {dag.py:3834} INFO - Setting next_dagrun for dataset_consumes_unknown_never_scheduled to None, run_after=None
[2024-03-25T21:43:10.234+0000] {logging_mixin.py:188} INFO - [2024-03-25T21:43:10.233+0000] {dag.py:3834} INFO - Setting next_dagrun for dataset_produces_1 to 2024-03-24 00:00:00+00:00, run_after=2024-03-25 00:00:00+00:00
[2024-03-25T21:43:10.264+0000] {logging_mixin.py:188} INFO - [2024-03-25T21:43:10.264+0000] {dag.py:3834} INFO - Setting next_dagrun for dataset_produces_2 to None, run_after=None
[2024-03-25T21:43:10.673+0000] {processor.py:183} INFO - Processing /home/airflow/.local/lib/python3.8/site-packages/airflow/example_dags/example_datasets.py took 4.891 seconds
[2024-03-25T21:43:56.718+0000] {processor.py:161} INFO - Started process (PID=149) to work on /home/airflow/.local/lib/python3.8/site-packages/airflow/example_dags/example_datasets.py
[2024-03-25T21:43:56.794+0000] {processor.py:830} INFO - Processing file /home/airflow/.local/lib/python3.8/site-packages/airflow/example_dags/example_datasets.py for tasks to queue
[2024-03-25T21:43:56.825+0000] {logging_mixin.py:188} INFO - [2024-03-25T21:43:56.824+0000] {dagbag.py:540} INFO - Filling up the DagBag from /home/airflow/.local/lib/python3.8/site-packages/airflow/example_dags/example_datasets.py
[2024-03-25T21:43:57.039+0000] {processor.py:840} INFO - DAG(s) 'dataset_consumes_1', 'dataset_produces_2', 'dataset_produces_1', 'dataset_consumes_1_never_scheduled', 'dataset_consumes_unknown_never_scheduled', 'dataset_consumes_1_and_2' retrieved from /home/airflow/.local/lib/python3.8/site-packages/airflow/example_dags/example_datasets.py
[2024-03-25T21:43:57.655+0000] {logging_mixin.py:188} INFO - [2024-03-25T21:43:57.655+0000] {dag.py:3047} INFO - Sync 6 DAGs
[2024-03-25T21:43:57.826+0000] {logging_mixin.py:188} INFO - [2024-03-25T21:43:57.825+0000] {dag.py:3834} INFO - Setting next_dagrun for dataset_consumes_1 to None, run_after=None
[2024-03-25T21:43:57.916+0000] {logging_mixin.py:188} INFO - [2024-03-25T21:43:57.914+0000] {dag.py:3834} INFO - Setting next_dagrun for dataset_consumes_1_and_2 to None, run_after=None
[2024-03-25T21:43:57.958+0000] {logging_mixin.py:188} INFO - [2024-03-25T21:43:57.936+0000] {dag.py:3834} INFO - Setting next_dagrun for dataset_consumes_1_never_scheduled to None, run_after=None
[2024-03-25T21:43:57.989+0000] {logging_mixin.py:188} INFO - [2024-03-25T21:43:57.988+0000] {dag.py:3834} INFO - Setting next_dagrun for dataset_consumes_unknown_never_scheduled to None, run_after=None
[2024-03-25T21:43:58.036+0000] {logging_mixin.py:188} INFO - [2024-03-25T21:43:58.036+0000] {dag.py:3834} INFO - Setting next_dagrun for dataset_produces_1 to 2024-03-24 00:00:00+00:00, run_after=2024-03-25 00:00:00+00:00
[2024-03-25T21:43:58.086+0000] {logging_mixin.py:188} INFO - [2024-03-25T21:43:58.085+0000] {dag.py:3834} INFO - Setting next_dagrun for dataset_produces_2 to None, run_after=None
[2024-03-25T21:43:58.568+0000] {processor.py:183} INFO - Processing /home/airflow/.local/lib/python3.8/site-packages/airflow/example_dags/example_datasets.py took 1.903 seconds
[2024-03-25T21:44:31.464+0000] {processor.py:161} INFO - Started process (PID=210) to work on /home/airflow/.local/lib/python3.8/site-packages/airflow/example_dags/example_datasets.py
[2024-03-25T21:44:31.469+0000] {processor.py:830} INFO - Processing file /home/airflow/.local/lib/python3.8/site-packages/airflow/example_dags/example_datasets.py for tasks to queue
[2024-03-25T21:44:31.476+0000] {logging_mixin.py:188} INFO - [2024-03-25T21:44:31.475+0000] {dagbag.py:540} INFO - Filling up the DagBag from /home/airflow/.local/lib/python3.8/site-packages/airflow/example_dags/example_datasets.py
[2024-03-25T21:44:31.663+0000] {processor.py:840} INFO - DAG(s) 'dataset_produces_1', 'dataset_consumes_unknown_never_scheduled', 'dataset_consumes_1_and_2', 'dataset_consumes_1', 'dataset_consumes_1_never_scheduled', 'dataset_produces_2' retrieved from /home/airflow/.local/lib/python3.8/site-packages/airflow/example_dags/example_datasets.py
[2024-03-25T21:44:32.373+0000] {logging_mixin.py:188} INFO - [2024-03-25T21:44:32.372+0000] {dag.py:3047} INFO - Sync 6 DAGs
[2024-03-25T21:44:32.875+0000] {logging_mixin.py:188} INFO - [2024-03-25T21:44:32.875+0000] {dag.py:3834} INFO - Setting next_dagrun for dataset_consumes_1 to None, run_after=None
[2024-03-25T21:44:32.947+0000] {logging_mixin.py:188} INFO - [2024-03-25T21:44:32.946+0000] {dag.py:3834} INFO - Setting next_dagrun for dataset_consumes_1_and_2 to None, run_after=None
[2024-03-25T21:44:32.985+0000] {logging_mixin.py:188} INFO - [2024-03-25T21:44:32.985+0000] {dag.py:3834} INFO - Setting next_dagrun for dataset_consumes_1_never_scheduled to None, run_after=None
[2024-03-25T21:44:33.027+0000] {logging_mixin.py:188} INFO - [2024-03-25T21:44:33.016+0000] {dag.py:3834} INFO - Setting next_dagrun for dataset_consumes_unknown_never_scheduled to None, run_after=None
[2024-03-25T21:44:33.042+0000] {logging_mixin.py:188} INFO - [2024-03-25T21:44:33.041+0000] {dag.py:3834} INFO - Setting next_dagrun for dataset_produces_1 to 2024-03-24 00:00:00+00:00, run_after=2024-03-25 00:00:00+00:00
[2024-03-25T21:44:33.057+0000] {logging_mixin.py:188} INFO - [2024-03-25T21:44:33.057+0000] {dag.py:3834} INFO - Setting next_dagrun for dataset_produces_2 to None, run_after=None
[2024-03-25T21:44:33.279+0000] {processor.py:183} INFO - Processing /home/airflow/.local/lib/python3.8/site-packages/airflow/example_dags/example_datasets.py took 1.902 seconds
