[2024-03-25T21:43:24.387+0000] {processor.py:161} INFO - Started process (PID=104) to work on /home/airflow/.local/lib/python3.8/site-packages/airflow/example_dags/example_params_ui_tutorial.py
[2024-03-25T21:43:24.402+0000] {processor.py:830} INFO - Processing file /home/airflow/.local/lib/python3.8/site-packages/airflow/example_dags/example_params_ui_tutorial.py for tasks to queue
[2024-03-25T21:43:24.416+0000] {logging_mixin.py:188} INFO - [2024-03-25T21:43:24.414+0000] {dagbag.py:540} INFO - Filling up the DagBag from /home/airflow/.local/lib/python3.8/site-packages/airflow/example_dags/example_params_ui_tutorial.py
[2024-03-25T21:43:24.700+0000] {processor.py:840} INFO - DAG(s) 'example_params_ui_tutorial' retrieved from /home/airflow/.local/lib/python3.8/site-packages/airflow/example_dags/example_params_ui_tutorial.py
[2024-03-25T21:43:26.694+0000] {logging_mixin.py:188} INFO - [2024-03-25T21:43:26.619+0000] {override.py:1769} INFO - Created Permission View: can delete on DAG:example_params_ui_tutorial
[2024-03-25T21:43:27.101+0000] {logging_mixin.py:188} INFO - [2024-03-25T21:43:27.095+0000] {override.py:1769} INFO - Created Permission View: can read on DAG:example_params_ui_tutorial
[2024-03-25T21:43:27.252+0000] {logging_mixin.py:188} INFO - [2024-03-25T21:43:27.242+0000] {override.py:1769} INFO - Created Permission View: can edit on DAG:example_params_ui_tutorial
[2024-03-25T21:43:27.261+0000] {logging_mixin.py:188} INFO - [2024-03-25T21:43:27.259+0000] {dag.py:3047} INFO - Sync 1 DAGs
[2024-03-25T21:43:27.507+0000] {logging_mixin.py:188} INFO - [2024-03-25T21:43:27.506+0000] {dag.py:3069} INFO - Creating ORM DAG for example_params_ui_tutorial
[2024-03-25T21:43:27.515+0000] {logging_mixin.py:188} INFO - [2024-03-25T21:43:27.513+0000] {dag.py:3834} INFO - Setting next_dagrun for example_params_ui_tutorial to None, run_after=None
[2024-03-25T21:43:27.727+0000] {processor.py:183} INFO - Processing /home/airflow/.local/lib/python3.8/site-packages/airflow/example_dags/example_params_ui_tutorial.py took 3.382 seconds
[2024-03-25T21:44:08.217+0000] {processor.py:161} INFO - Started process (PID=167) to work on /home/airflow/.local/lib/python3.8/site-packages/airflow/example_dags/example_params_ui_tutorial.py
[2024-03-25T21:44:08.245+0000] {processor.py:830} INFO - Processing file /home/airflow/.local/lib/python3.8/site-packages/airflow/example_dags/example_params_ui_tutorial.py for tasks to queue
[2024-03-25T21:44:08.263+0000] {logging_mixin.py:188} INFO - [2024-03-25T21:44:08.262+0000] {dagbag.py:540} INFO - Filling up the DagBag from /home/airflow/.local/lib/python3.8/site-packages/airflow/example_dags/example_params_ui_tutorial.py
[2024-03-25T21:44:08.381+0000] {processor.py:840} INFO - DAG(s) 'example_params_ui_tutorial' retrieved from /home/airflow/.local/lib/python3.8/site-packages/airflow/example_dags/example_params_ui_tutorial.py
[2024-03-25T21:44:09.342+0000] {logging_mixin.py:188} INFO - [2024-03-25T21:44:09.342+0000] {dag.py:3047} INFO - Sync 1 DAGs
[2024-03-25T21:44:09.552+0000] {logging_mixin.py:188} INFO - [2024-03-25T21:44:09.551+0000] {dag.py:3834} INFO - Setting next_dagrun for example_params_ui_tutorial to None, run_after=None
[2024-03-25T21:44:09.791+0000] {processor.py:183} INFO - Processing /home/airflow/.local/lib/python3.8/site-packages/airflow/example_dags/example_params_ui_tutorial.py took 1.605 seconds
[2024-03-25T21:44:40.513+0000] {processor.py:161} INFO - Started process (PID=222) to work on /home/airflow/.local/lib/python3.8/site-packages/airflow/example_dags/example_params_ui_tutorial.py
[2024-03-25T21:44:40.528+0000] {processor.py:830} INFO - Processing file /home/airflow/.local/lib/python3.8/site-packages/airflow/example_dags/example_params_ui_tutorial.py for tasks to queue
[2024-03-25T21:44:40.546+0000] {logging_mixin.py:188} INFO - [2024-03-25T21:44:40.545+0000] {dagbag.py:540} INFO - Filling up the DagBag from /home/airflow/.local/lib/python3.8/site-packages/airflow/example_dags/example_params_ui_tutorial.py
[2024-03-25T21:44:40.701+0000] {processor.py:840} INFO - DAG(s) 'example_params_ui_tutorial' retrieved from /home/airflow/.local/lib/python3.8/site-packages/airflow/example_dags/example_params_ui_tutorial.py
[2024-03-25T21:44:41.084+0000] {logging_mixin.py:188} INFO - [2024-03-25T21:44:41.083+0000] {dag.py:3047} INFO - Sync 1 DAGs
[2024-03-25T21:44:41.142+0000] {logging_mixin.py:188} INFO - [2024-03-25T21:44:41.141+0000] {dag.py:3834} INFO - Setting next_dagrun for example_params_ui_tutorial to None, run_after=None
[2024-03-25T21:44:41.463+0000] {processor.py:183} INFO - Processing /home/airflow/.local/lib/python3.8/site-packages/airflow/example_dags/example_params_ui_tutorial.py took 0.969 seconds
