[2024-03-25T21:43:29.410+0000] {processor.py:161} INFO - Started process (PID=113) to work on /home/airflow/.local/lib/python3.8/site-packages/airflow/example_dags/example_branch_operator.py
[2024-03-25T21:43:29.412+0000] {processor.py:830} INFO - Processing file /home/airflow/.local/lib/python3.8/site-packages/airflow/example_dags/example_branch_operator.py for tasks to queue
[2024-03-25T21:43:29.418+0000] {logging_mixin.py:188} INFO - [2024-03-25T21:43:29.417+0000] {dagbag.py:540} INFO - Filling up the DagBag from /home/airflow/.local/lib/python3.8/site-packages/airflow/example_dags/example_branch_operator.py
[2024-03-25T21:43:29.569+0000] {processor.py:840} INFO - DAG(s) 'example_branch_operator' retrieved from /home/airflow/.local/lib/python3.8/site-packages/airflow/example_dags/example_branch_operator.py
[2024-03-25T21:43:30.760+0000] {logging_mixin.py:188} INFO - [2024-03-25T21:43:30.759+0000] {override.py:1769} INFO - Created Permission View: can delete on DAG:example_branch_operator
[2024-03-25T21:43:30.878+0000] {logging_mixin.py:188} INFO - [2024-03-25T21:43:30.877+0000] {override.py:1769} INFO - Created Permission View: can read on DAG:example_branch_operator
[2024-03-25T21:43:30.994+0000] {logging_mixin.py:188} INFO - [2024-03-25T21:43:30.966+0000] {override.py:1769} INFO - Created Permission View: can edit on DAG:example_branch_operator
[2024-03-25T21:43:30.996+0000] {logging_mixin.py:188} INFO - [2024-03-25T21:43:30.995+0000] {dag.py:3047} INFO - Sync 1 DAGs
[2024-03-25T21:43:31.163+0000] {logging_mixin.py:188} INFO - [2024-03-25T21:43:31.162+0000] {dag.py:3069} INFO - Creating ORM DAG for example_branch_operator
[2024-03-25T21:43:31.248+0000] {logging_mixin.py:188} INFO - [2024-03-25T21:43:31.248+0000] {dag.py:3834} INFO - Setting next_dagrun for example_branch_operator to 2024-03-24 00:00:00+00:00, run_after=2024-03-25 00:00:00+00:00
[2024-03-25T21:43:31.454+0000] {processor.py:183} INFO - Processing /home/airflow/.local/lib/python3.8/site-packages/airflow/example_dags/example_branch_operator.py took 2.063 seconds
[2024-03-25T21:44:10.241+0000] {processor.py:161} INFO - Started process (PID=170) to work on /home/airflow/.local/lib/python3.8/site-packages/airflow/example_dags/example_branch_operator.py
[2024-03-25T21:44:10.252+0000] {processor.py:830} INFO - Processing file /home/airflow/.local/lib/python3.8/site-packages/airflow/example_dags/example_branch_operator.py for tasks to queue
[2024-03-25T21:44:10.283+0000] {logging_mixin.py:188} INFO - [2024-03-25T21:44:10.282+0000] {dagbag.py:540} INFO - Filling up the DagBag from /home/airflow/.local/lib/python3.8/site-packages/airflow/example_dags/example_branch_operator.py
[2024-03-25T21:44:10.587+0000] {processor.py:840} INFO - DAG(s) 'example_branch_operator' retrieved from /home/airflow/.local/lib/python3.8/site-packages/airflow/example_dags/example_branch_operator.py
[2024-03-25T21:44:10.777+0000] {logging_mixin.py:188} INFO - [2024-03-25T21:44:10.777+0000] {dag.py:3047} INFO - Sync 1 DAGs
[2024-03-25T21:44:10.922+0000] {logging_mixin.py:188} INFO - [2024-03-25T21:44:10.921+0000] {dag.py:3834} INFO - Setting next_dagrun for example_branch_operator to 2024-03-24 00:00:00+00:00, run_after=2024-03-25 00:00:00+00:00
[2024-03-25T21:44:11.025+0000] {processor.py:183} INFO - Processing /home/airflow/.local/lib/python3.8/site-packages/airflow/example_dags/example_branch_operator.py took 0.807 seconds
[2024-03-25T21:44:41.740+0000] {processor.py:161} INFO - Started process (PID=225) to work on /home/airflow/.local/lib/python3.8/site-packages/airflow/example_dags/example_branch_operator.py
[2024-03-25T21:44:41.742+0000] {processor.py:830} INFO - Processing file /home/airflow/.local/lib/python3.8/site-packages/airflow/example_dags/example_branch_operator.py for tasks to queue
[2024-03-25T21:44:41.746+0000] {logging_mixin.py:188} INFO - [2024-03-25T21:44:41.745+0000] {dagbag.py:540} INFO - Filling up the DagBag from /home/airflow/.local/lib/python3.8/site-packages/airflow/example_dags/example_branch_operator.py
[2024-03-25T21:44:41.862+0000] {processor.py:840} INFO - DAG(s) 'example_branch_operator' retrieved from /home/airflow/.local/lib/python3.8/site-packages/airflow/example_dags/example_branch_operator.py
[2024-03-25T21:44:42.155+0000] {logging_mixin.py:188} INFO - [2024-03-25T21:44:42.154+0000] {dag.py:3047} INFO - Sync 1 DAGs
[2024-03-25T21:44:42.276+0000] {logging_mixin.py:188} INFO - [2024-03-25T21:44:42.276+0000] {dag.py:3834} INFO - Setting next_dagrun for example_branch_operator to 2024-03-24 00:00:00+00:00, run_after=2024-03-25 00:00:00+00:00
[2024-03-25T21:44:42.370+0000] {processor.py:183} INFO - Processing /home/airflow/.local/lib/python3.8/site-packages/airflow/example_dags/example_branch_operator.py took 0.637 seconds
