[2024-03-25T21:42:51.510+0000] {processor.py:161} INFO - Started process (PID=77) to work on /home/airflow/.local/lib/python3.8/site-packages/airflow/example_dags/example_python_operator.py
[2024-03-25T21:42:51.526+0000] {processor.py:830} INFO - Processing file /home/airflow/.local/lib/python3.8/site-packages/airflow/example_dags/example_python_operator.py for tasks to queue
[2024-03-25T21:42:51.559+0000] {logging_mixin.py:188} INFO - [2024-03-25T21:42:51.558+0000] {dagbag.py:540} INFO - Filling up the DagBag from /home/airflow/.local/lib/python3.8/site-packages/airflow/example_dags/example_python_operator.py
[2024-03-25T21:42:51.814+0000] {processor.py:840} INFO - DAG(s) 'example_python_operator' retrieved from /home/airflow/.local/lib/python3.8/site-packages/airflow/example_dags/example_python_operator.py
[2024-03-25T21:42:53.036+0000] {logging_mixin.py:188} INFO - [2024-03-25T21:42:53.032+0000] {override.py:1769} INFO - Created Permission View: can delete on DAG:example_python_operator
[2024-03-25T21:42:53.126+0000] {logging_mixin.py:188} INFO - [2024-03-25T21:42:53.125+0000] {override.py:1769} INFO - Created Permission View: can read on DAG:example_python_operator
[2024-03-25T21:42:53.342+0000] {logging_mixin.py:188} INFO - [2024-03-25T21:42:53.341+0000] {override.py:1769} INFO - Created Permission View: can edit on DAG:example_python_operator
[2024-03-25T21:42:53.352+0000] {logging_mixin.py:188} INFO - [2024-03-25T21:42:53.352+0000] {dag.py:3047} INFO - Sync 1 DAGs
[2024-03-25T21:42:53.428+0000] {logging_mixin.py:188} INFO - [2024-03-25T21:42:53.428+0000] {dag.py:3069} INFO - Creating ORM DAG for example_python_operator
[2024-03-25T21:42:53.436+0000] {logging_mixin.py:188} INFO - [2024-03-25T21:42:53.436+0000] {dag.py:3834} INFO - Setting next_dagrun for example_python_operator to None, run_after=None
[2024-03-25T21:42:53.612+0000] {processor.py:183} INFO - Processing /home/airflow/.local/lib/python3.8/site-packages/airflow/example_dags/example_python_operator.py took 2.163 seconds
[2024-03-25T21:43:48.083+0000] {processor.py:161} INFO - Started process (PID=138) to work on /home/airflow/.local/lib/python3.8/site-packages/airflow/example_dags/example_python_operator.py
[2024-03-25T21:43:48.086+0000] {processor.py:830} INFO - Processing file /home/airflow/.local/lib/python3.8/site-packages/airflow/example_dags/example_python_operator.py for tasks to queue
[2024-03-25T21:43:48.102+0000] {logging_mixin.py:188} INFO - [2024-03-25T21:43:48.101+0000] {dagbag.py:540} INFO - Filling up the DagBag from /home/airflow/.local/lib/python3.8/site-packages/airflow/example_dags/example_python_operator.py
[2024-03-25T21:43:48.239+0000] {processor.py:840} INFO - DAG(s) 'example_python_operator' retrieved from /home/airflow/.local/lib/python3.8/site-packages/airflow/example_dags/example_python_operator.py
[2024-03-25T21:43:48.615+0000] {logging_mixin.py:188} INFO - [2024-03-25T21:43:48.614+0000] {dag.py:3047} INFO - Sync 1 DAGs
[2024-03-25T21:43:48.755+0000] {logging_mixin.py:188} INFO - [2024-03-25T21:43:48.755+0000] {dag.py:3834} INFO - Setting next_dagrun for example_python_operator to None, run_after=None
[2024-03-25T21:43:48.953+0000] {processor.py:183} INFO - Processing /home/airflow/.local/lib/python3.8/site-packages/airflow/example_dags/example_python_operator.py took 0.902 seconds
[2024-03-25T21:44:24.631+0000] {processor.py:161} INFO - Started process (PID=193) to work on /home/airflow/.local/lib/python3.8/site-packages/airflow/example_dags/example_python_operator.py
[2024-03-25T21:44:24.649+0000] {processor.py:830} INFO - Processing file /home/airflow/.local/lib/python3.8/site-packages/airflow/example_dags/example_python_operator.py for tasks to queue
[2024-03-25T21:44:24.667+0000] {logging_mixin.py:188} INFO - [2024-03-25T21:44:24.666+0000] {dagbag.py:540} INFO - Filling up the DagBag from /home/airflow/.local/lib/python3.8/site-packages/airflow/example_dags/example_python_operator.py
[2024-03-25T21:44:24.783+0000] {processor.py:840} INFO - DAG(s) 'example_python_operator' retrieved from /home/airflow/.local/lib/python3.8/site-packages/airflow/example_dags/example_python_operator.py
[2024-03-25T21:44:25.154+0000] {logging_mixin.py:188} INFO - [2024-03-25T21:44:25.143+0000] {dag.py:3047} INFO - Sync 1 DAGs
[2024-03-25T21:44:25.299+0000] {logging_mixin.py:188} INFO - [2024-03-25T21:44:25.299+0000] {dag.py:3834} INFO - Setting next_dagrun for example_python_operator to None, run_after=None
[2024-03-25T21:44:25.553+0000] {processor.py:183} INFO - Processing /home/airflow/.local/lib/python3.8/site-packages/airflow/example_dags/example_python_operator.py took 0.949 seconds
[2024-03-25T21:44:55.778+0000] {processor.py:161} INFO - Started process (PID=248) to work on /home/airflow/.local/lib/python3.8/site-packages/airflow/example_dags/example_python_operator.py
[2024-03-25T21:44:55.783+0000] {processor.py:830} INFO - Processing file /home/airflow/.local/lib/python3.8/site-packages/airflow/example_dags/example_python_operator.py for tasks to queue
[2024-03-25T21:44:55.790+0000] {logging_mixin.py:188} INFO - [2024-03-25T21:44:55.789+0000] {dagbag.py:540} INFO - Filling up the DagBag from /home/airflow/.local/lib/python3.8/site-packages/airflow/example_dags/example_python_operator.py
[2024-03-25T21:44:55.845+0000] {processor.py:840} INFO - DAG(s) 'example_python_operator' retrieved from /home/airflow/.local/lib/python3.8/site-packages/airflow/example_dags/example_python_operator.py
[2024-03-25T21:44:55.998+0000] {logging_mixin.py:188} INFO - [2024-03-25T21:44:55.997+0000] {dag.py:3047} INFO - Sync 1 DAGs
[2024-03-25T21:44:56.040+0000] {logging_mixin.py:188} INFO - [2024-03-25T21:44:56.040+0000] {dag.py:3834} INFO - Setting next_dagrun for example_python_operator to None, run_after=None
[2024-03-25T21:44:56.101+0000] {processor.py:183} INFO - Processing /home/airflow/.local/lib/python3.8/site-packages/airflow/example_dags/example_python_operator.py took 0.335 seconds
