[2024-03-25T21:42:45.098+0000] {processor.py:161} INFO - Started process (PID=74) to work on /home/airflow/.local/lib/python3.8/site-packages/airflow/example_dags/example_complex.py
[2024-03-25T21:42:45.114+0000] {processor.py:830} INFO - Processing file /home/airflow/.local/lib/python3.8/site-packages/airflow/example_dags/example_complex.py for tasks to queue
[2024-03-25T21:42:45.118+0000] {logging_mixin.py:188} INFO - [2024-03-25T21:42:45.117+0000] {dagbag.py:540} INFO - Filling up the DagBag from /home/airflow/.local/lib/python3.8/site-packages/airflow/example_dags/example_complex.py
[2024-03-25T21:42:45.449+0000] {processor.py:840} INFO - DAG(s) 'example_complex' retrieved from /home/airflow/.local/lib/python3.8/site-packages/airflow/example_dags/example_complex.py
[2024-03-25T21:42:47.597+0000] {logging_mixin.py:188} INFO - [2024-03-25T21:42:47.595+0000] {override.py:1769} INFO - Created Permission View: can delete on DAG:example_complex
[2024-03-25T21:42:47.961+0000] {logging_mixin.py:188} INFO - [2024-03-25T21:42:47.960+0000] {override.py:1769} INFO - Created Permission View: can read on DAG:example_complex
[2024-03-25T21:42:48.345+0000] {logging_mixin.py:188} INFO - [2024-03-25T21:42:48.344+0000] {override.py:1769} INFO - Created Permission View: can edit on DAG:example_complex
[2024-03-25T21:42:48.378+0000] {logging_mixin.py:188} INFO - [2024-03-25T21:42:48.378+0000] {dag.py:3047} INFO - Sync 1 DAGs
[2024-03-25T21:42:48.723+0000] {logging_mixin.py:188} INFO - [2024-03-25T21:42:48.722+0000] {dag.py:3069} INFO - Creating ORM DAG for example_complex
[2024-03-25T21:42:48.749+0000] {logging_mixin.py:188} INFO - [2024-03-25T21:42:48.748+0000] {dag.py:3834} INFO - Setting next_dagrun for example_complex to None, run_after=None
[2024-03-25T21:42:49.032+0000] {processor.py:183} INFO - Processing /home/airflow/.local/lib/python3.8/site-packages/airflow/example_dags/example_complex.py took 3.944 seconds
[2024-03-25T21:43:46.101+0000] {processor.py:161} INFO - Started process (PID=135) to work on /home/airflow/.local/lib/python3.8/site-packages/airflow/example_dags/example_complex.py
[2024-03-25T21:43:46.125+0000] {processor.py:830} INFO - Processing file /home/airflow/.local/lib/python3.8/site-packages/airflow/example_dags/example_complex.py for tasks to queue
[2024-03-25T21:43:46.154+0000] {logging_mixin.py:188} INFO - [2024-03-25T21:43:46.153+0000] {dagbag.py:540} INFO - Filling up the DagBag from /home/airflow/.local/lib/python3.8/site-packages/airflow/example_dags/example_complex.py
[2024-03-25T21:43:46.287+0000] {processor.py:840} INFO - DAG(s) 'example_complex' retrieved from /home/airflow/.local/lib/python3.8/site-packages/airflow/example_dags/example_complex.py
[2024-03-25T21:43:46.769+0000] {logging_mixin.py:188} INFO - [2024-03-25T21:43:46.769+0000] {dag.py:3047} INFO - Sync 1 DAGs
[2024-03-25T21:43:46.879+0000] {logging_mixin.py:188} INFO - [2024-03-25T21:43:46.869+0000] {dag.py:3834} INFO - Setting next_dagrun for example_complex to None, run_after=None
[2024-03-25T21:43:47.097+0000] {processor.py:183} INFO - Processing /home/airflow/.local/lib/python3.8/site-packages/airflow/example_dags/example_complex.py took 1.033 seconds
[2024-03-25T21:44:22.822+0000] {processor.py:161} INFO - Started process (PID=190) to work on /home/airflow/.local/lib/python3.8/site-packages/airflow/example_dags/example_complex.py
[2024-03-25T21:44:22.826+0000] {processor.py:830} INFO - Processing file /home/airflow/.local/lib/python3.8/site-packages/airflow/example_dags/example_complex.py for tasks to queue
[2024-03-25T21:44:22.846+0000] {logging_mixin.py:188} INFO - [2024-03-25T21:44:22.845+0000] {dagbag.py:540} INFO - Filling up the DagBag from /home/airflow/.local/lib/python3.8/site-packages/airflow/example_dags/example_complex.py
[2024-03-25T21:44:23.074+0000] {processor.py:840} INFO - DAG(s) 'example_complex' retrieved from /home/airflow/.local/lib/python3.8/site-packages/airflow/example_dags/example_complex.py
[2024-03-25T21:44:23.394+0000] {logging_mixin.py:188} INFO - [2024-03-25T21:44:23.393+0000] {dag.py:3047} INFO - Sync 1 DAGs
[2024-03-25T21:44:23.459+0000] {logging_mixin.py:188} INFO - [2024-03-25T21:44:23.458+0000] {dag.py:3834} INFO - Setting next_dagrun for example_complex to None, run_after=None
[2024-03-25T21:44:23.784+0000] {processor.py:183} INFO - Processing /home/airflow/.local/lib/python3.8/site-packages/airflow/example_dags/example_complex.py took 1.026 seconds
[2024-03-25T21:44:54.071+0000] {processor.py:161} INFO - Started process (PID=245) to work on /home/airflow/.local/lib/python3.8/site-packages/airflow/example_dags/example_complex.py
[2024-03-25T21:44:54.073+0000] {processor.py:830} INFO - Processing file /home/airflow/.local/lib/python3.8/site-packages/airflow/example_dags/example_complex.py for tasks to queue
[2024-03-25T21:44:54.086+0000] {logging_mixin.py:188} INFO - [2024-03-25T21:44:54.086+0000] {dagbag.py:540} INFO - Filling up the DagBag from /home/airflow/.local/lib/python3.8/site-packages/airflow/example_dags/example_complex.py
[2024-03-25T21:44:54.158+0000] {processor.py:840} INFO - DAG(s) 'example_complex' retrieved from /home/airflow/.local/lib/python3.8/site-packages/airflow/example_dags/example_complex.py
[2024-03-25T21:44:54.379+0000] {logging_mixin.py:188} INFO - [2024-03-25T21:44:54.378+0000] {dag.py:3047} INFO - Sync 1 DAGs
[2024-03-25T21:44:54.439+0000] {logging_mixin.py:188} INFO - [2024-03-25T21:44:54.439+0000] {dag.py:3834} INFO - Setting next_dagrun for example_complex to None, run_after=None
[2024-03-25T21:44:54.620+0000] {processor.py:183} INFO - Processing /home/airflow/.local/lib/python3.8/site-packages/airflow/example_dags/example_complex.py took 0.555 seconds
