[2024-03-25T21:43:25.139+0000] {processor.py:161} INFO - Started process (PID=105) to work on /home/airflow/.local/lib/python3.8/site-packages/airflow/example_dags/example_branch_datetime_operator.py
[2024-03-25T21:43:25.160+0000] {processor.py:830} INFO - Processing file /home/airflow/.local/lib/python3.8/site-packages/airflow/example_dags/example_branch_datetime_operator.py for tasks to queue
[2024-03-25T21:43:25.197+0000] {logging_mixin.py:188} INFO - [2024-03-25T21:43:25.196+0000] {dagbag.py:540} INFO - Filling up the DagBag from /home/airflow/.local/lib/python3.8/site-packages/airflow/example_dags/example_branch_datetime_operator.py
[2024-03-25T21:43:25.394+0000] {processor.py:840} INFO - DAG(s) 'example_branch_datetime_operator_3', 'example_branch_datetime_operator_2', 'example_branch_datetime_operator' retrieved from /home/airflow/.local/lib/python3.8/site-packages/airflow/example_dags/example_branch_datetime_operator.py
[2024-03-25T21:43:27.106+0000] {logging_mixin.py:188} INFO - [2024-03-25T21:43:27.103+0000] {override.py:1769} INFO - Created Permission View: can delete on DAG:example_branch_datetime_operator_3
[2024-03-25T21:43:27.286+0000] {logging_mixin.py:188} INFO - [2024-03-25T21:43:27.285+0000] {override.py:1769} INFO - Created Permission View: can read on DAG:example_branch_datetime_operator_3
[2024-03-25T21:43:27.388+0000] {logging_mixin.py:188} INFO - [2024-03-25T21:43:27.387+0000] {override.py:1769} INFO - Created Permission View: can edit on DAG:example_branch_datetime_operator_3
[2024-03-25T21:43:27.561+0000] {logging_mixin.py:188} INFO - [2024-03-25T21:43:27.560+0000] {override.py:1769} INFO - Created Permission View: can delete on DAG:example_branch_datetime_operator_2
[2024-03-25T21:43:27.625+0000] {logging_mixin.py:188} INFO - [2024-03-25T21:43:27.624+0000] {override.py:1769} INFO - Created Permission View: can read on DAG:example_branch_datetime_operator_2
[2024-03-25T21:43:27.744+0000] {logging_mixin.py:188} INFO - [2024-03-25T21:43:27.743+0000] {override.py:1769} INFO - Created Permission View: can edit on DAG:example_branch_datetime_operator_2
[2024-03-25T21:43:27.938+0000] {logging_mixin.py:188} INFO - [2024-03-25T21:43:27.937+0000] {override.py:1769} INFO - Created Permission View: can delete on DAG:example_branch_datetime_operator
[2024-03-25T21:43:28.020+0000] {logging_mixin.py:188} INFO - [2024-03-25T21:43:28.019+0000] {override.py:1769} INFO - Created Permission View: can read on DAG:example_branch_datetime_operator
[2024-03-25T21:43:28.090+0000] {logging_mixin.py:188} INFO - [2024-03-25T21:43:28.090+0000] {override.py:1769} INFO - Created Permission View: can edit on DAG:example_branch_datetime_operator
[2024-03-25T21:43:28.091+0000] {logging_mixin.py:188} INFO - [2024-03-25T21:43:28.091+0000] {dag.py:3047} INFO - Sync 3 DAGs
[2024-03-25T21:43:28.355+0000] {logging_mixin.py:188} INFO - [2024-03-25T21:43:28.354+0000] {dag.py:3069} INFO - Creating ORM DAG for example_branch_datetime_operator_3
[2024-03-25T21:43:28.365+0000] {logging_mixin.py:188} INFO - [2024-03-25T21:43:28.364+0000] {dag.py:3069} INFO - Creating ORM DAG for example_branch_datetime_operator_2
[2024-03-25T21:43:28.382+0000] {logging_mixin.py:188} INFO - [2024-03-25T21:43:28.381+0000] {dag.py:3069} INFO - Creating ORM DAG for example_branch_datetime_operator
[2024-03-25T21:43:28.512+0000] {logging_mixin.py:188} INFO - [2024-03-25T21:43:28.512+0000] {dag.py:3834} INFO - Setting next_dagrun for example_branch_datetime_operator to 2024-03-24 00:00:00+00:00, run_after=2024-03-25 00:00:00+00:00
[2024-03-25T21:43:28.539+0000] {logging_mixin.py:188} INFO - [2024-03-25T21:43:28.537+0000] {dag.py:3834} INFO - Setting next_dagrun for example_branch_datetime_operator_2 to 2024-03-24 00:00:00+00:00, run_after=2024-03-25 00:00:00+00:00
[2024-03-25T21:43:28.554+0000] {logging_mixin.py:188} INFO - [2024-03-25T21:43:28.551+0000] {dag.py:3834} INFO - Setting next_dagrun for example_branch_datetime_operator_3 to 2024-03-24 00:00:00+00:00, run_after=2024-03-25 00:00:00+00:00
[2024-03-25T21:43:28.971+0000] {processor.py:183} INFO - Processing /home/airflow/.local/lib/python3.8/site-packages/airflow/example_dags/example_branch_datetime_operator.py took 3.860 seconds
[2024-03-25T21:44:08.673+0000] {processor.py:161} INFO - Started process (PID=168) to work on /home/airflow/.local/lib/python3.8/site-packages/airflow/example_dags/example_branch_datetime_operator.py
[2024-03-25T21:44:08.687+0000] {processor.py:830} INFO - Processing file /home/airflow/.local/lib/python3.8/site-packages/airflow/example_dags/example_branch_datetime_operator.py for tasks to queue
[2024-03-25T21:44:08.698+0000] {logging_mixin.py:188} INFO - [2024-03-25T21:44:08.694+0000] {dagbag.py:540} INFO - Filling up the DagBag from /home/airflow/.local/lib/python3.8/site-packages/airflow/example_dags/example_branch_datetime_operator.py
[2024-03-25T21:44:08.802+0000] {processor.py:840} INFO - DAG(s) 'example_branch_datetime_operator_3', 'example_branch_datetime_operator', 'example_branch_datetime_operator_2' retrieved from /home/airflow/.local/lib/python3.8/site-packages/airflow/example_dags/example_branch_datetime_operator.py
[2024-03-25T21:44:09.234+0000] {logging_mixin.py:188} INFO - [2024-03-25T21:44:09.232+0000] {dag.py:3047} INFO - Sync 3 DAGs
[2024-03-25T21:44:09.660+0000] {logging_mixin.py:188} INFO - [2024-03-25T21:44:09.659+0000] {dag.py:3834} INFO - Setting next_dagrun for example_branch_datetime_operator to 2024-03-24 00:00:00+00:00, run_after=2024-03-25 00:00:00+00:00
[2024-03-25T21:44:09.722+0000] {logging_mixin.py:188} INFO - [2024-03-25T21:44:09.721+0000] {dag.py:3834} INFO - Setting next_dagrun for example_branch_datetime_operator_2 to 2024-03-24 00:00:00+00:00, run_after=2024-03-25 00:00:00+00:00
[2024-03-25T21:44:09.743+0000] {logging_mixin.py:188} INFO - [2024-03-25T21:44:09.743+0000] {dag.py:3834} INFO - Setting next_dagrun for example_branch_datetime_operator_3 to 2024-03-24 00:00:00+00:00, run_after=2024-03-25 00:00:00+00:00
[2024-03-25T21:44:10.052+0000] {processor.py:183} INFO - Processing /home/airflow/.local/lib/python3.8/site-packages/airflow/example_dags/example_branch_datetime_operator.py took 1.432 seconds
[2024-03-25T21:44:40.844+0000] {processor.py:161} INFO - Started process (PID=223) to work on /home/airflow/.local/lib/python3.8/site-packages/airflow/example_dags/example_branch_datetime_operator.py
[2024-03-25T21:44:40.855+0000] {processor.py:830} INFO - Processing file /home/airflow/.local/lib/python3.8/site-packages/airflow/example_dags/example_branch_datetime_operator.py for tasks to queue
[2024-03-25T21:44:40.859+0000] {logging_mixin.py:188} INFO - [2024-03-25T21:44:40.858+0000] {dagbag.py:540} INFO - Filling up the DagBag from /home/airflow/.local/lib/python3.8/site-packages/airflow/example_dags/example_branch_datetime_operator.py
[2024-03-25T21:44:40.955+0000] {processor.py:840} INFO - DAG(s) 'example_branch_datetime_operator_2', 'example_branch_datetime_operator_3', 'example_branch_datetime_operator' retrieved from /home/airflow/.local/lib/python3.8/site-packages/airflow/example_dags/example_branch_datetime_operator.py
[2024-03-25T21:44:41.173+0000] {logging_mixin.py:188} INFO - [2024-03-25T21:44:41.173+0000] {dag.py:3047} INFO - Sync 3 DAGs
[2024-03-25T21:44:41.232+0000] {logging_mixin.py:188} INFO - [2024-03-25T21:44:41.232+0000] {dag.py:3834} INFO - Setting next_dagrun for example_branch_datetime_operator to 2024-03-24 00:00:00+00:00, run_after=2024-03-25 00:00:00+00:00
[2024-03-25T21:44:41.248+0000] {logging_mixin.py:188} INFO - [2024-03-25T21:44:41.247+0000] {dag.py:3834} INFO - Setting next_dagrun for example_branch_datetime_operator_2 to 2024-03-24 00:00:00+00:00, run_after=2024-03-25 00:00:00+00:00
[2024-03-25T21:44:41.264+0000] {logging_mixin.py:188} INFO - [2024-03-25T21:44:41.264+0000] {dag.py:3834} INFO - Setting next_dagrun for example_branch_datetime_operator_3 to 2024-03-24 00:00:00+00:00, run_after=2024-03-25 00:00:00+00:00
[2024-03-25T21:44:41.688+0000] {processor.py:183} INFO - Processing /home/airflow/.local/lib/python3.8/site-packages/airflow/example_dags/example_branch_datetime_operator.py took 0.857 seconds
