[2024-03-25T21:42:58.327+0000] {processor.py:161} INFO - Started process (PID=82) to work on /home/airflow/.local/lib/python3.8/site-packages/airflow/example_dags/example_sensor_decorator.py
[2024-03-25T21:42:58.332+0000] {processor.py:830} INFO - Processing file /home/airflow/.local/lib/python3.8/site-packages/airflow/example_dags/example_sensor_decorator.py for tasks to queue
[2024-03-25T21:42:58.348+0000] {logging_mixin.py:188} INFO - [2024-03-25T21:42:58.345+0000] {dagbag.py:540} INFO - Filling up the DagBag from /home/airflow/.local/lib/python3.8/site-packages/airflow/example_dags/example_sensor_decorator.py
[2024-03-25T21:42:58.460+0000] {processor.py:840} INFO - DAG(s) 'example_sensor_decorator' retrieved from /home/airflow/.local/lib/python3.8/site-packages/airflow/example_dags/example_sensor_decorator.py
[2024-03-25T21:42:59.732+0000] {logging_mixin.py:188} INFO - [2024-03-25T21:42:59.731+0000] {override.py:1769} INFO - Created Permission View: can delete on DAG:example_sensor_decorator
[2024-03-25T21:42:59.931+0000] {logging_mixin.py:188} INFO - [2024-03-25T21:42:59.930+0000] {override.py:1769} INFO - Created Permission View: can read on DAG:example_sensor_decorator
[2024-03-25T21:43:00.022+0000] {logging_mixin.py:188} INFO - [2024-03-25T21:43:00.022+0000] {override.py:1769} INFO - Created Permission View: can edit on DAG:example_sensor_decorator
[2024-03-25T21:43:00.041+0000] {logging_mixin.py:188} INFO - [2024-03-25T21:43:00.040+0000] {dag.py:3047} INFO - Sync 1 DAGs
[2024-03-25T21:43:00.200+0000] {logging_mixin.py:188} INFO - [2024-03-25T21:43:00.197+0000] {dag.py:3069} INFO - Creating ORM DAG for example_sensor_decorator
[2024-03-25T21:43:00.218+0000] {logging_mixin.py:188} INFO - [2024-03-25T21:43:00.217+0000] {dag.py:3834} INFO - Setting next_dagrun for example_sensor_decorator to None, run_after=None
[2024-03-25T21:43:00.357+0000] {processor.py:183} INFO - Processing /home/airflow/.local/lib/python3.8/site-packages/airflow/example_dags/example_sensor_decorator.py took 2.057 seconds
[2024-03-25T21:43:52.112+0000] {processor.py:161} INFO - Started process (PID=143) to work on /home/airflow/.local/lib/python3.8/site-packages/airflow/example_dags/example_sensor_decorator.py
[2024-03-25T21:43:52.121+0000] {processor.py:830} INFO - Processing file /home/airflow/.local/lib/python3.8/site-packages/airflow/example_dags/example_sensor_decorator.py for tasks to queue
[2024-03-25T21:43:52.138+0000] {logging_mixin.py:188} INFO - [2024-03-25T21:43:52.136+0000] {dagbag.py:540} INFO - Filling up the DagBag from /home/airflow/.local/lib/python3.8/site-packages/airflow/example_dags/example_sensor_decorator.py
[2024-03-25T21:43:52.247+0000] {processor.py:840} INFO - DAG(s) 'example_sensor_decorator' retrieved from /home/airflow/.local/lib/python3.8/site-packages/airflow/example_dags/example_sensor_decorator.py
[2024-03-25T21:43:52.578+0000] {logging_mixin.py:188} INFO - [2024-03-25T21:43:52.577+0000] {dag.py:3047} INFO - Sync 1 DAGs
[2024-03-25T21:43:52.720+0000] {logging_mixin.py:188} INFO - [2024-03-25T21:43:52.703+0000] {dag.py:3834} INFO - Setting next_dagrun for example_sensor_decorator to None, run_after=None
[2024-03-25T21:43:52.934+0000] {processor.py:183} INFO - Processing /home/airflow/.local/lib/python3.8/site-packages/airflow/example_dags/example_sensor_decorator.py took 0.835 seconds
[2024-03-25T21:44:27.689+0000] {processor.py:161} INFO - Started process (PID=198) to work on /home/airflow/.local/lib/python3.8/site-packages/airflow/example_dags/example_sensor_decorator.py
[2024-03-25T21:44:27.692+0000] {processor.py:830} INFO - Processing file /home/airflow/.local/lib/python3.8/site-packages/airflow/example_dags/example_sensor_decorator.py for tasks to queue
[2024-03-25T21:44:27.698+0000] {logging_mixin.py:188} INFO - [2024-03-25T21:44:27.697+0000] {dagbag.py:540} INFO - Filling up the DagBag from /home/airflow/.local/lib/python3.8/site-packages/airflow/example_dags/example_sensor_decorator.py
[2024-03-25T21:44:27.756+0000] {processor.py:840} INFO - DAG(s) 'example_sensor_decorator' retrieved from /home/airflow/.local/lib/python3.8/site-packages/airflow/example_dags/example_sensor_decorator.py
[2024-03-25T21:44:27.999+0000] {logging_mixin.py:188} INFO - [2024-03-25T21:44:27.998+0000] {dag.py:3047} INFO - Sync 1 DAGs
[2024-03-25T21:44:28.230+0000] {logging_mixin.py:188} INFO - [2024-03-25T21:44:28.230+0000] {dag.py:3834} INFO - Setting next_dagrun for example_sensor_decorator to None, run_after=None
[2024-03-25T21:44:28.527+0000] {processor.py:183} INFO - Processing /home/airflow/.local/lib/python3.8/site-packages/airflow/example_dags/example_sensor_decorator.py took 0.862 seconds
