[2024-03-25T21:42:26.936+0000] {processor.py:161} INFO - Started process (PID=62) to work on /home/airflow/.local/lib/python3.8/site-packages/airflow/example_dags/example_nested_branch_dag.py
[2024-03-25T21:42:26.952+0000] {processor.py:830} INFO - Processing file /home/airflow/.local/lib/python3.8/site-packages/airflow/example_dags/example_nested_branch_dag.py for tasks to queue
[2024-03-25T21:42:26.972+0000] {logging_mixin.py:188} INFO - [2024-03-25T21:42:26.971+0000] {dagbag.py:540} INFO - Filling up the DagBag from /home/airflow/.local/lib/python3.8/site-packages/airflow/example_dags/example_nested_branch_dag.py
[2024-03-25T21:42:27.214+0000] {processor.py:840} INFO - DAG(s) 'example_nested_branch_dag' retrieved from /home/airflow/.local/lib/python3.8/site-packages/airflow/example_dags/example_nested_branch_dag.py
[2024-03-25T21:42:29.878+0000] {logging_mixin.py:188} INFO - [2024-03-25T21:42:29.877+0000] {override.py:1769} INFO - Created Permission View: can delete on DAG:example_nested_branch_dag
[2024-03-25T21:42:30.138+0000] {logging_mixin.py:188} INFO - [2024-03-25T21:42:30.137+0000] {override.py:1769} INFO - Created Permission View: can read on DAG:example_nested_branch_dag
[2024-03-25T21:42:30.530+0000] {logging_mixin.py:188} INFO - [2024-03-25T21:42:30.530+0000] {override.py:1769} INFO - Created Permission View: can edit on DAG:example_nested_branch_dag
[2024-03-25T21:42:30.674+0000] {logging_mixin.py:188} INFO - [2024-03-25T21:42:30.673+0000] {dag.py:3047} INFO - Sync 1 DAGs
[2024-03-25T21:42:31.303+0000] {logging_mixin.py:188} INFO - [2024-03-25T21:42:31.302+0000] {dag.py:3069} INFO - Creating ORM DAG for example_nested_branch_dag
[2024-03-25T21:42:31.441+0000] {logging_mixin.py:188} INFO - [2024-03-25T21:42:31.428+0000] {dag.py:3834} INFO - Setting next_dagrun for example_nested_branch_dag to 2024-03-24 00:00:00+00:00, run_after=2024-03-25 00:00:00+00:00
[2024-03-25T21:42:32.098+0000] {processor.py:183} INFO - Processing /home/airflow/.local/lib/python3.8/site-packages/airflow/example_dags/example_nested_branch_dag.py took 5.216 seconds
[2024-03-25T21:43:41.624+0000] {processor.py:161} INFO - Started process (PID=129) to work on /home/airflow/.local/lib/python3.8/site-packages/airflow/example_dags/example_nested_branch_dag.py
[2024-03-25T21:43:41.637+0000] {processor.py:830} INFO - Processing file /home/airflow/.local/lib/python3.8/site-packages/airflow/example_dags/example_nested_branch_dag.py for tasks to queue
[2024-03-25T21:43:41.647+0000] {logging_mixin.py:188} INFO - [2024-03-25T21:43:41.646+0000] {dagbag.py:540} INFO - Filling up the DagBag from /home/airflow/.local/lib/python3.8/site-packages/airflow/example_dags/example_nested_branch_dag.py
[2024-03-25T21:43:41.752+0000] {processor.py:840} INFO - DAG(s) 'example_nested_branch_dag' retrieved from /home/airflow/.local/lib/python3.8/site-packages/airflow/example_dags/example_nested_branch_dag.py
[2024-03-25T21:43:42.012+0000] {logging_mixin.py:188} INFO - [2024-03-25T21:43:42.011+0000] {dag.py:3047} INFO - Sync 1 DAGs
[2024-03-25T21:43:42.279+0000] {logging_mixin.py:188} INFO - [2024-03-25T21:43:42.267+0000] {dag.py:3834} INFO - Setting next_dagrun for example_nested_branch_dag to 2024-03-24 00:00:00+00:00, run_after=2024-03-25 00:00:00+00:00
[2024-03-25T21:43:42.528+0000] {processor.py:183} INFO - Processing /home/airflow/.local/lib/python3.8/site-packages/airflow/example_dags/example_nested_branch_dag.py took 0.926 seconds
[2024-03-25T21:44:17.318+0000] {processor.py:161} INFO - Started process (PID=182) to work on /home/airflow/.local/lib/python3.8/site-packages/airflow/example_dags/example_nested_branch_dag.py
[2024-03-25T21:44:17.322+0000] {processor.py:830} INFO - Processing file /home/airflow/.local/lib/python3.8/site-packages/airflow/example_dags/example_nested_branch_dag.py for tasks to queue
[2024-03-25T21:44:17.341+0000] {logging_mixin.py:188} INFO - [2024-03-25T21:44:17.340+0000] {dagbag.py:540} INFO - Filling up the DagBag from /home/airflow/.local/lib/python3.8/site-packages/airflow/example_dags/example_nested_branch_dag.py
[2024-03-25T21:44:17.387+0000] {processor.py:840} INFO - DAG(s) 'example_nested_branch_dag' retrieved from /home/airflow/.local/lib/python3.8/site-packages/airflow/example_dags/example_nested_branch_dag.py
[2024-03-25T21:44:17.515+0000] {logging_mixin.py:188} INFO - [2024-03-25T21:44:17.515+0000] {dag.py:3047} INFO - Sync 1 DAGs
[2024-03-25T21:44:17.673+0000] {logging_mixin.py:188} INFO - [2024-03-25T21:44:17.667+0000] {dag.py:3834} INFO - Setting next_dagrun for example_nested_branch_dag to 2024-03-24 00:00:00+00:00, run_after=2024-03-25 00:00:00+00:00
[2024-03-25T21:44:17.912+0000] {processor.py:183} INFO - Processing /home/airflow/.local/lib/python3.8/site-packages/airflow/example_dags/example_nested_branch_dag.py took 0.619 seconds
[2024-03-25T21:44:48.734+0000] {processor.py:161} INFO - Started process (PID=237) to work on /home/airflow/.local/lib/python3.8/site-packages/airflow/example_dags/example_nested_branch_dag.py
[2024-03-25T21:44:48.737+0000] {processor.py:830} INFO - Processing file /home/airflow/.local/lib/python3.8/site-packages/airflow/example_dags/example_nested_branch_dag.py for tasks to queue
[2024-03-25T21:44:48.824+0000] {logging_mixin.py:188} INFO - [2024-03-25T21:44:48.823+0000] {dagbag.py:540} INFO - Filling up the DagBag from /home/airflow/.local/lib/python3.8/site-packages/airflow/example_dags/example_nested_branch_dag.py
[2024-03-25T21:44:48.869+0000] {processor.py:840} INFO - DAG(s) 'example_nested_branch_dag' retrieved from /home/airflow/.local/lib/python3.8/site-packages/airflow/example_dags/example_nested_branch_dag.py
[2024-03-25T21:44:48.960+0000] {logging_mixin.py:188} INFO - [2024-03-25T21:44:48.959+0000] {dag.py:3047} INFO - Sync 1 DAGs
[2024-03-25T21:44:49.111+0000] {logging_mixin.py:188} INFO - [2024-03-25T21:44:49.110+0000] {dag.py:3834} INFO - Setting next_dagrun for example_nested_branch_dag to 2024-03-24 00:00:00+00:00, run_after=2024-03-25 00:00:00+00:00
[2024-03-25T21:44:49.217+0000] {processor.py:183} INFO - Processing /home/airflow/.local/lib/python3.8/site-packages/airflow/example_dags/example_nested_branch_dag.py took 0.519 seconds
