[2024-03-25T21:42:33.246+0000] {processor.py:161} INFO - Started process (PID=71) to work on /home/airflow/.local/lib/python3.8/site-packages/airflow/example_dags/example_sensors.py
[2024-03-25T21:42:33.260+0000] {processor.py:830} INFO - Processing file /home/airflow/.local/lib/python3.8/site-packages/airflow/example_dags/example_sensors.py for tasks to queue
[2024-03-25T21:42:33.291+0000] {logging_mixin.py:188} INFO - [2024-03-25T21:42:33.291+0000] {dagbag.py:540} INFO - Filling up the DagBag from /home/airflow/.local/lib/python3.8/site-packages/airflow/example_dags/example_sensors.py
[2024-03-25T21:42:33.686+0000] {processor.py:840} INFO - DAG(s) 'example_sensors' retrieved from /home/airflow/.local/lib/python3.8/site-packages/airflow/example_dags/example_sensors.py
[2024-03-25T21:42:36.505+0000] {logging_mixin.py:188} INFO - [2024-03-25T21:42:36.488+0000] {override.py:1769} INFO - Created Permission View: can delete on DAG:example_sensors
[2024-03-25T21:42:36.695+0000] {logging_mixin.py:188} INFO - [2024-03-25T21:42:36.694+0000] {override.py:1769} INFO - Created Permission View: can read on DAG:example_sensors
[2024-03-25T21:42:38.053+0000] {logging_mixin.py:188} INFO - [2024-03-25T21:42:38.053+0000] {override.py:1769} INFO - Created Permission View: can edit on DAG:example_sensors
[2024-03-25T21:42:38.431+0000] {logging_mixin.py:188} INFO - [2024-03-25T21:42:38.430+0000] {dag.py:3047} INFO - Sync 1 DAGs
[2024-03-25T21:42:39.220+0000] {logging_mixin.py:188} INFO - [2024-03-25T21:42:39.219+0000] {dag.py:3069} INFO - Creating ORM DAG for example_sensors
[2024-03-25T21:42:39.407+0000] {logging_mixin.py:188} INFO - [2024-03-25T21:42:39.407+0000] {dag.py:3834} INFO - Setting next_dagrun for example_sensors to None, run_after=None
[2024-03-25T21:42:40.153+0000] {processor.py:183} INFO - Processing /home/airflow/.local/lib/python3.8/site-packages/airflow/example_dags/example_sensors.py took 6.957 seconds
[2024-03-25T21:43:43.802+0000] {processor.py:161} INFO - Started process (PID=132) to work on /home/airflow/.local/lib/python3.8/site-packages/airflow/example_dags/example_sensors.py
[2024-03-25T21:43:43.817+0000] {processor.py:830} INFO - Processing file /home/airflow/.local/lib/python3.8/site-packages/airflow/example_dags/example_sensors.py for tasks to queue
[2024-03-25T21:43:43.836+0000] {logging_mixin.py:188} INFO - [2024-03-25T21:43:43.835+0000] {dagbag.py:540} INFO - Filling up the DagBag from /home/airflow/.local/lib/python3.8/site-packages/airflow/example_dags/example_sensors.py
[2024-03-25T21:43:43.939+0000] {processor.py:840} INFO - DAG(s) 'example_sensors' retrieved from /home/airflow/.local/lib/python3.8/site-packages/airflow/example_dags/example_sensors.py
[2024-03-25T21:43:44.353+0000] {logging_mixin.py:188} INFO - [2024-03-25T21:43:44.353+0000] {dag.py:3047} INFO - Sync 1 DAGs
[2024-03-25T21:43:44.498+0000] {logging_mixin.py:188} INFO - [2024-03-25T21:43:44.497+0000] {dag.py:3834} INFO - Setting next_dagrun for example_sensors to None, run_after=None
[2024-03-25T21:43:44.902+0000] {processor.py:183} INFO - Processing /home/airflow/.local/lib/python3.8/site-packages/airflow/example_dags/example_sensors.py took 1.121 seconds
[2024-03-25T21:44:20.973+0000] {processor.py:161} INFO - Started process (PID=187) to work on /home/airflow/.local/lib/python3.8/site-packages/airflow/example_dags/example_sensors.py
[2024-03-25T21:44:20.988+0000] {processor.py:830} INFO - Processing file /home/airflow/.local/lib/python3.8/site-packages/airflow/example_dags/example_sensors.py for tasks to queue
[2024-03-25T21:44:21.007+0000] {logging_mixin.py:188} INFO - [2024-03-25T21:44:21.005+0000] {dagbag.py:540} INFO - Filling up the DagBag from /home/airflow/.local/lib/python3.8/site-packages/airflow/example_dags/example_sensors.py
[2024-03-25T21:44:21.078+0000] {processor.py:840} INFO - DAG(s) 'example_sensors' retrieved from /home/airflow/.local/lib/python3.8/site-packages/airflow/example_dags/example_sensors.py
[2024-03-25T21:44:21.351+0000] {logging_mixin.py:188} INFO - [2024-03-25T21:44:21.351+0000] {dag.py:3047} INFO - Sync 1 DAGs
[2024-03-25T21:44:21.580+0000] {logging_mixin.py:188} INFO - [2024-03-25T21:44:21.579+0000] {dag.py:3834} INFO - Setting next_dagrun for example_sensors to None, run_after=None
[2024-03-25T21:44:21.915+0000] {processor.py:183} INFO - Processing /home/airflow/.local/lib/python3.8/site-packages/airflow/example_dags/example_sensors.py took 0.998 seconds
[2024-03-25T21:44:52.220+0000] {processor.py:161} INFO - Started process (PID=242) to work on /home/airflow/.local/lib/python3.8/site-packages/airflow/example_dags/example_sensors.py
[2024-03-25T21:44:52.233+0000] {processor.py:830} INFO - Processing file /home/airflow/.local/lib/python3.8/site-packages/airflow/example_dags/example_sensors.py for tasks to queue
[2024-03-25T21:44:52.237+0000] {logging_mixin.py:188} INFO - [2024-03-25T21:44:52.236+0000] {dagbag.py:540} INFO - Filling up the DagBag from /home/airflow/.local/lib/python3.8/site-packages/airflow/example_dags/example_sensors.py
[2024-03-25T21:44:52.312+0000] {processor.py:840} INFO - DAG(s) 'example_sensors' retrieved from /home/airflow/.local/lib/python3.8/site-packages/airflow/example_dags/example_sensors.py
[2024-03-25T21:44:52.574+0000] {logging_mixin.py:188} INFO - [2024-03-25T21:44:52.574+0000] {dag.py:3047} INFO - Sync 1 DAGs
[2024-03-25T21:44:52.705+0000] {logging_mixin.py:188} INFO - [2024-03-25T21:44:52.704+0000] {dag.py:3834} INFO - Setting next_dagrun for example_sensors to None, run_after=None
[2024-03-25T21:44:52.839+0000] {processor.py:183} INFO - Processing /home/airflow/.local/lib/python3.8/site-packages/airflow/example_dags/example_sensors.py took 0.633 seconds
