[2024-03-25T21:42:45.969+0000] {processor.py:161} INFO - Started process (PID=75) to work on /home/airflow/.local/lib/python3.8/site-packages/airflow/example_dags/example_trigger_controller_dag.py
[2024-03-25T21:42:46.018+0000] {processor.py:830} INFO - Processing file /home/airflow/.local/lib/python3.8/site-packages/airflow/example_dags/example_trigger_controller_dag.py for tasks to queue
[2024-03-25T21:42:46.270+0000] {logging_mixin.py:188} INFO - [2024-03-25T21:42:46.159+0000] {dagbag.py:540} INFO - Filling up the DagBag from /home/airflow/.local/lib/python3.8/site-packages/airflow/example_dags/example_trigger_controller_dag.py
[2024-03-25T21:42:46.500+0000] {processor.py:840} INFO - DAG(s) 'example_trigger_controller_dag' retrieved from /home/airflow/.local/lib/python3.8/site-packages/airflow/example_dags/example_trigger_controller_dag.py
[2024-03-25T21:42:48.928+0000] {logging_mixin.py:188} INFO - [2024-03-25T21:42:48.927+0000] {override.py:1769} INFO - Created Permission View: can delete on DAG:example_trigger_controller_dag
[2024-03-25T21:42:49.820+0000] {logging_mixin.py:188} INFO - [2024-03-25T21:42:49.820+0000] {override.py:1769} INFO - Created Permission View: can read on DAG:example_trigger_controller_dag
[2024-03-25T21:42:50.144+0000] {logging_mixin.py:188} INFO - [2024-03-25T21:42:50.143+0000] {override.py:1769} INFO - Created Permission View: can edit on DAG:example_trigger_controller_dag
[2024-03-25T21:42:50.172+0000] {logging_mixin.py:188} INFO - [2024-03-25T21:42:50.171+0000] {dag.py:3047} INFO - Sync 1 DAGs
[2024-03-25T21:42:50.294+0000] {logging_mixin.py:188} INFO - [2024-03-25T21:42:50.293+0000] {dag.py:3069} INFO - Creating ORM DAG for example_trigger_controller_dag
[2024-03-25T21:42:50.440+0000] {logging_mixin.py:188} INFO - [2024-03-25T21:42:50.420+0000] {dag.py:3834} INFO - Setting next_dagrun for example_trigger_controller_dag to 2021-01-01 00:00:00+00:00, run_after=2021-01-01 00:00:00+00:00
[2024-03-25T21:42:50.952+0000] {processor.py:183} INFO - Processing /home/airflow/.local/lib/python3.8/site-packages/airflow/example_dags/example_trigger_controller_dag.py took 5.113 seconds
[2024-03-25T21:43:46.760+0000] {processor.py:161} INFO - Started process (PID=136) to work on /home/airflow/.local/lib/python3.8/site-packages/airflow/example_dags/example_trigger_controller_dag.py
[2024-03-25T21:43:46.778+0000] {processor.py:830} INFO - Processing file /home/airflow/.local/lib/python3.8/site-packages/airflow/example_dags/example_trigger_controller_dag.py for tasks to queue
[2024-03-25T21:43:46.833+0000] {logging_mixin.py:188} INFO - [2024-03-25T21:43:46.832+0000] {dagbag.py:540} INFO - Filling up the DagBag from /home/airflow/.local/lib/python3.8/site-packages/airflow/example_dags/example_trigger_controller_dag.py
[2024-03-25T21:43:46.930+0000] {processor.py:840} INFO - DAG(s) 'example_trigger_controller_dag' retrieved from /home/airflow/.local/lib/python3.8/site-packages/airflow/example_dags/example_trigger_controller_dag.py
[2024-03-25T21:43:47.165+0000] {logging_mixin.py:188} INFO - [2024-03-25T21:43:47.165+0000] {dag.py:3047} INFO - Sync 1 DAGs
[2024-03-25T21:43:47.435+0000] {logging_mixin.py:188} INFO - [2024-03-25T21:43:47.434+0000] {dag.py:3834} INFO - Setting next_dagrun for example_trigger_controller_dag to 2021-01-01 00:00:00+00:00, run_after=2021-01-01 00:00:00+00:00
[2024-03-25T21:43:47.678+0000] {processor.py:183} INFO - Processing /home/airflow/.local/lib/python3.8/site-packages/airflow/example_dags/example_trigger_controller_dag.py took 0.966 seconds
[2024-03-25T21:44:23.378+0000] {processor.py:161} INFO - Started process (PID=191) to work on /home/airflow/.local/lib/python3.8/site-packages/airflow/example_dags/example_trigger_controller_dag.py
[2024-03-25T21:44:23.380+0000] {processor.py:830} INFO - Processing file /home/airflow/.local/lib/python3.8/site-packages/airflow/example_dags/example_trigger_controller_dag.py for tasks to queue
[2024-03-25T21:44:23.396+0000] {logging_mixin.py:188} INFO - [2024-03-25T21:44:23.395+0000] {dagbag.py:540} INFO - Filling up the DagBag from /home/airflow/.local/lib/python3.8/site-packages/airflow/example_dags/example_trigger_controller_dag.py
[2024-03-25T21:44:23.482+0000] {processor.py:840} INFO - DAG(s) 'example_trigger_controller_dag' retrieved from /home/airflow/.local/lib/python3.8/site-packages/airflow/example_dags/example_trigger_controller_dag.py
[2024-03-25T21:44:23.731+0000] {logging_mixin.py:188} INFO - [2024-03-25T21:44:23.730+0000] {dag.py:3047} INFO - Sync 1 DAGs
[2024-03-25T21:44:24.111+0000] {logging_mixin.py:188} INFO - [2024-03-25T21:44:24.110+0000] {dag.py:3834} INFO - Setting next_dagrun for example_trigger_controller_dag to 2021-01-01 00:00:00+00:00, run_after=2021-01-01 00:00:00+00:00
[2024-03-25T21:44:24.361+0000] {processor.py:183} INFO - Processing /home/airflow/.local/lib/python3.8/site-packages/airflow/example_dags/example_trigger_controller_dag.py took 1.071 seconds
[2024-03-25T21:44:54.759+0000] {processor.py:161} INFO - Started process (PID=246) to work on /home/airflow/.local/lib/python3.8/site-packages/airflow/example_dags/example_trigger_controller_dag.py
[2024-03-25T21:44:54.762+0000] {processor.py:830} INFO - Processing file /home/airflow/.local/lib/python3.8/site-packages/airflow/example_dags/example_trigger_controller_dag.py for tasks to queue
[2024-03-25T21:44:54.766+0000] {logging_mixin.py:188} INFO - [2024-03-25T21:44:54.765+0000] {dagbag.py:540} INFO - Filling up the DagBag from /home/airflow/.local/lib/python3.8/site-packages/airflow/example_dags/example_trigger_controller_dag.py
[2024-03-25T21:44:54.776+0000] {processor.py:840} INFO - DAG(s) 'example_trigger_controller_dag' retrieved from /home/airflow/.local/lib/python3.8/site-packages/airflow/example_dags/example_trigger_controller_dag.py
[2024-03-25T21:44:54.824+0000] {logging_mixin.py:188} INFO - [2024-03-25T21:44:54.823+0000] {dag.py:3047} INFO - Sync 1 DAGs
[2024-03-25T21:44:54.874+0000] {logging_mixin.py:188} INFO - [2024-03-25T21:44:54.874+0000] {dag.py:3834} INFO - Setting next_dagrun for example_trigger_controller_dag to 2021-01-01 00:00:00+00:00, run_after=2021-01-01 00:00:00+00:00
[2024-03-25T21:44:54.960+0000] {processor.py:183} INFO - Processing /home/airflow/.local/lib/python3.8/site-packages/airflow/example_dags/example_trigger_controller_dag.py took 0.207 seconds
