[2024-03-25T21:42:41.400+0000] {processor.py:161} INFO - Started process (PID=73) to work on /home/airflow/.local/lib/python3.8/site-packages/airflow/example_dags/example_sla_dag.py
[2024-03-25T21:42:41.414+0000] {processor.py:830} INFO - Processing file /home/airflow/.local/lib/python3.8/site-packages/airflow/example_dags/example_sla_dag.py for tasks to queue
[2024-03-25T21:42:41.431+0000] {logging_mixin.py:188} INFO - [2024-03-25T21:42:41.431+0000] {dagbag.py:540} INFO - Filling up the DagBag from /home/airflow/.local/lib/python3.8/site-packages/airflow/example_dags/example_sla_dag.py
[2024-03-25T21:42:41.800+0000] {processor.py:840} INFO - DAG(s) 'example_sla_dag' retrieved from /home/airflow/.local/lib/python3.8/site-packages/airflow/example_dags/example_sla_dag.py
[2024-03-25T21:42:43.566+0000] {logging_mixin.py:188} INFO - [2024-03-25T21:42:43.565+0000] {override.py:1769} INFO - Created Permission View: can delete on DAG:example_sla_dag
[2024-03-25T21:42:43.879+0000] {logging_mixin.py:188} INFO - [2024-03-25T21:42:43.841+0000] {override.py:1769} INFO - Created Permission View: can read on DAG:example_sla_dag
[2024-03-25T21:42:44.111+0000] {logging_mixin.py:188} INFO - [2024-03-25T21:42:44.110+0000] {override.py:1769} INFO - Created Permission View: can edit on DAG:example_sla_dag
[2024-03-25T21:42:44.124+0000] {logging_mixin.py:188} INFO - [2024-03-25T21:42:44.123+0000] {dag.py:3047} INFO - Sync 1 DAGs
[2024-03-25T21:42:44.267+0000] {logging_mixin.py:188} INFO - [2024-03-25T21:42:44.245+0000] {dag.py:3069} INFO - Creating ORM DAG for example_sla_dag
[2024-03-25T21:42:44.708+0000] {logging_mixin.py:188} INFO - [2024-03-25T21:42:44.707+0000] {dag.py:3834} INFO - Setting next_dagrun for example_sla_dag to 2024-03-25 21:40:00+00:00, run_after=2024-03-25 21:42:00+00:00
[2024-03-25T21:42:45.135+0000] {processor.py:183} INFO - Processing /home/airflow/.local/lib/python3.8/site-packages/airflow/example_dags/example_sla_dag.py took 3.776 seconds
[2024-03-25T21:43:45.447+0000] {processor.py:161} INFO - Started process (PID=134) to work on /home/airflow/.local/lib/python3.8/site-packages/airflow/example_dags/example_sla_dag.py
[2024-03-25T21:43:45.500+0000] {processor.py:830} INFO - Processing file /home/airflow/.local/lib/python3.8/site-packages/airflow/example_dags/example_sla_dag.py for tasks to queue
[2024-03-25T21:43:45.522+0000] {logging_mixin.py:188} INFO - [2024-03-25T21:43:45.521+0000] {dagbag.py:540} INFO - Filling up the DagBag from /home/airflow/.local/lib/python3.8/site-packages/airflow/example_dags/example_sla_dag.py
[2024-03-25T21:43:45.697+0000] {processor.py:840} INFO - DAG(s) 'example_sla_dag' retrieved from /home/airflow/.local/lib/python3.8/site-packages/airflow/example_dags/example_sla_dag.py
[2024-03-25T21:43:45.862+0000] {logging_mixin.py:188} INFO - [2024-03-25T21:43:45.862+0000] {dag.py:3047} INFO - Sync 1 DAGs
[2024-03-25T21:43:46.111+0000] {logging_mixin.py:188} INFO - [2024-03-25T21:43:46.067+0000] {dag.py:3834} INFO - Setting next_dagrun for example_sla_dag to 2024-03-25 21:40:00+00:00, run_after=2024-03-25 21:42:00+00:00
[2024-03-25T21:43:46.340+0000] {processor.py:183} INFO - Processing /home/airflow/.local/lib/python3.8/site-packages/airflow/example_dags/example_sla_dag.py took 0.946 seconds
[2024-03-25T21:44:22.163+0000] {processor.py:161} INFO - Started process (PID=189) to work on /home/airflow/.local/lib/python3.8/site-packages/airflow/example_dags/example_sla_dag.py
[2024-03-25T21:44:22.167+0000] {processor.py:830} INFO - Processing file /home/airflow/.local/lib/python3.8/site-packages/airflow/example_dags/example_sla_dag.py for tasks to queue
[2024-03-25T21:44:22.173+0000] {logging_mixin.py:188} INFO - [2024-03-25T21:44:22.171+0000] {dagbag.py:540} INFO - Filling up the DagBag from /home/airflow/.local/lib/python3.8/site-packages/airflow/example_dags/example_sla_dag.py
[2024-03-25T21:44:22.231+0000] {processor.py:840} INFO - DAG(s) 'example_sla_dag' retrieved from /home/airflow/.local/lib/python3.8/site-packages/airflow/example_dags/example_sla_dag.py
[2024-03-25T21:44:22.443+0000] {logging_mixin.py:188} INFO - [2024-03-25T21:44:22.442+0000] {dag.py:3047} INFO - Sync 1 DAGs
[2024-03-25T21:44:22.650+0000] {logging_mixin.py:188} INFO - [2024-03-25T21:44:22.650+0000] {dag.py:3834} INFO - Setting next_dagrun for example_sla_dag to 2024-03-25 21:42:00+00:00, run_after=2024-03-25 21:44:00+00:00
[2024-03-25T21:44:23.013+0000] {processor.py:183} INFO - Processing /home/airflow/.local/lib/python3.8/site-packages/airflow/example_dags/example_sla_dag.py took 0.858 seconds
[2024-03-25T21:44:53.403+0000] {processor.py:161} INFO - Started process (PID=244) to work on /home/airflow/.local/lib/python3.8/site-packages/airflow/example_dags/example_sla_dag.py
[2024-03-25T21:44:53.405+0000] {processor.py:830} INFO - Processing file /home/airflow/.local/lib/python3.8/site-packages/airflow/example_dags/example_sla_dag.py for tasks to queue
[2024-03-25T21:44:53.420+0000] {logging_mixin.py:188} INFO - [2024-03-25T21:44:53.419+0000] {dagbag.py:540} INFO - Filling up the DagBag from /home/airflow/.local/lib/python3.8/site-packages/airflow/example_dags/example_sla_dag.py
[2024-03-25T21:44:53.484+0000] {processor.py:840} INFO - DAG(s) 'example_sla_dag' retrieved from /home/airflow/.local/lib/python3.8/site-packages/airflow/example_dags/example_sla_dag.py
[2024-03-25T21:44:53.608+0000] {logging_mixin.py:188} INFO - [2024-03-25T21:44:53.607+0000] {dag.py:3047} INFO - Sync 1 DAGs
[2024-03-25T21:44:53.796+0000] {logging_mixin.py:188} INFO - [2024-03-25T21:44:53.785+0000] {dag.py:3834} INFO - Setting next_dagrun for example_sla_dag to 2024-03-25 21:42:00+00:00, run_after=2024-03-25 21:44:00+00:00
[2024-03-25T21:44:53.972+0000] {processor.py:183} INFO - Processing /home/airflow/.local/lib/python3.8/site-packages/airflow/example_dags/example_sla_dag.py took 0.595 seconds
