[2024-03-25T21:43:14.438+0000] {processor.py:161} INFO - Started process (PID=99) to work on /home/airflow/.local/lib/python3.8/site-packages/airflow/example_dags/example_branch_labels.py
[2024-03-25T21:43:14.444+0000] {processor.py:830} INFO - Processing file /home/airflow/.local/lib/python3.8/site-packages/airflow/example_dags/example_branch_labels.py for tasks to queue
[2024-03-25T21:43:14.457+0000] {logging_mixin.py:188} INFO - [2024-03-25T21:43:14.456+0000] {dagbag.py:540} INFO - Filling up the DagBag from /home/airflow/.local/lib/python3.8/site-packages/airflow/example_dags/example_branch_labels.py
[2024-03-25T21:43:14.567+0000] {processor.py:840} INFO - DAG(s) 'example_branch_labels' retrieved from /home/airflow/.local/lib/python3.8/site-packages/airflow/example_dags/example_branch_labels.py
[2024-03-25T21:43:16.676+0000] {logging_mixin.py:188} INFO - [2024-03-25T21:43:16.674+0000] {override.py:1769} INFO - Created Permission View: can delete on DAG:example_branch_labels
[2024-03-25T21:43:17.002+0000] {logging_mixin.py:188} INFO - [2024-03-25T21:43:17.001+0000] {override.py:1769} INFO - Created Permission View: can read on DAG:example_branch_labels
[2024-03-25T21:43:17.075+0000] {logging_mixin.py:188} INFO - [2024-03-25T21:43:17.074+0000] {override.py:1769} INFO - Created Permission View: can edit on DAG:example_branch_labels
[2024-03-25T21:43:17.079+0000] {logging_mixin.py:188} INFO - [2024-03-25T21:43:17.079+0000] {dag.py:3047} INFO - Sync 1 DAGs
[2024-03-25T21:43:17.141+0000] {logging_mixin.py:188} INFO - [2024-03-25T21:43:17.141+0000] {dag.py:3069} INFO - Creating ORM DAG for example_branch_labels
[2024-03-25T21:43:17.203+0000] {logging_mixin.py:188} INFO - [2024-03-25T21:43:17.202+0000] {dag.py:3834} INFO - Setting next_dagrun for example_branch_labels to 2024-03-24 00:00:00+00:00, run_after=2024-03-25 00:00:00+00:00
[2024-03-25T21:43:17.534+0000] {processor.py:183} INFO - Processing /home/airflow/.local/lib/python3.8/site-packages/airflow/example_dags/example_branch_labels.py took 3.116 seconds
[2024-03-25T21:44:01.340+0000] {processor.py:161} INFO - Started process (PID=160) to work on /home/airflow/.local/lib/python3.8/site-packages/airflow/example_dags/example_branch_labels.py
[2024-03-25T21:44:01.345+0000] {processor.py:830} INFO - Processing file /home/airflow/.local/lib/python3.8/site-packages/airflow/example_dags/example_branch_labels.py for tasks to queue
[2024-03-25T21:44:01.361+0000] {logging_mixin.py:188} INFO - [2024-03-25T21:44:01.361+0000] {dagbag.py:540} INFO - Filling up the DagBag from /home/airflow/.local/lib/python3.8/site-packages/airflow/example_dags/example_branch_labels.py
[2024-03-25T21:44:01.437+0000] {processor.py:840} INFO - DAG(s) 'example_branch_labels' retrieved from /home/airflow/.local/lib/python3.8/site-packages/airflow/example_dags/example_branch_labels.py
[2024-03-25T21:44:01.602+0000] {logging_mixin.py:188} INFO - [2024-03-25T21:44:01.601+0000] {dag.py:3047} INFO - Sync 1 DAGs
[2024-03-25T21:44:01.858+0000] {logging_mixin.py:188} INFO - [2024-03-25T21:44:01.857+0000] {dag.py:3834} INFO - Setting next_dagrun for example_branch_labels to 2024-03-24 00:00:00+00:00, run_after=2024-03-25 00:00:00+00:00
[2024-03-25T21:44:02.211+0000] {processor.py:183} INFO - Processing /home/airflow/.local/lib/python3.8/site-packages/airflow/example_dags/example_branch_labels.py took 0.916 seconds
[2024-03-25T21:44:33.897+0000] {processor.py:161} INFO - Started process (PID=214) to work on /home/airflow/.local/lib/python3.8/site-packages/airflow/example_dags/example_branch_labels.py
[2024-03-25T21:44:33.901+0000] {processor.py:830} INFO - Processing file /home/airflow/.local/lib/python3.8/site-packages/airflow/example_dags/example_branch_labels.py for tasks to queue
[2024-03-25T21:44:33.904+0000] {logging_mixin.py:188} INFO - [2024-03-25T21:44:33.904+0000] {dagbag.py:540} INFO - Filling up the DagBag from /home/airflow/.local/lib/python3.8/site-packages/airflow/example_dags/example_branch_labels.py
[2024-03-25T21:44:33.924+0000] {processor.py:840} INFO - DAG(s) 'example_branch_labels' retrieved from /home/airflow/.local/lib/python3.8/site-packages/airflow/example_dags/example_branch_labels.py
[2024-03-25T21:44:33.978+0000] {logging_mixin.py:188} INFO - [2024-03-25T21:44:33.978+0000] {dag.py:3047} INFO - Sync 1 DAGs
[2024-03-25T21:44:34.077+0000] {logging_mixin.py:188} INFO - [2024-03-25T21:44:34.074+0000] {dag.py:3834} INFO - Setting next_dagrun for example_branch_labels to 2024-03-24 00:00:00+00:00, run_after=2024-03-25 00:00:00+00:00
[2024-03-25T21:44:34.211+0000] {processor.py:183} INFO - Processing /home/airflow/.local/lib/python3.8/site-packages/airflow/example_dags/example_branch_labels.py took 0.321 seconds
