[2024-03-25T21:43:04.676+0000] {processor.py:161} INFO - Started process (PID=93) to work on /home/airflow/.local/lib/python3.8/site-packages/airflow/example_dags/example_skip_dag.py
[2024-03-25T21:43:04.699+0000] {processor.py:830} INFO - Processing file /home/airflow/.local/lib/python3.8/site-packages/airflow/example_dags/example_skip_dag.py for tasks to queue
[2024-03-25T21:43:04.802+0000] {logging_mixin.py:188} INFO - [2024-03-25T21:43:04.774+0000] {dagbag.py:540} INFO - Filling up the DagBag from /home/airflow/.local/lib/python3.8/site-packages/airflow/example_dags/example_skip_dag.py
[2024-03-25T21:43:04.935+0000] {processor.py:840} INFO - DAG(s) 'example_skip_dag' retrieved from /home/airflow/.local/lib/python3.8/site-packages/airflow/example_dags/example_skip_dag.py
[2024-03-25T21:43:06.005+0000] {logging_mixin.py:188} INFO - [2024-03-25T21:43:06.003+0000] {override.py:1769} INFO - Created Permission View: can delete on DAG:example_skip_dag
[2024-03-25T21:43:06.260+0000] {logging_mixin.py:188} INFO - [2024-03-25T21:43:06.240+0000] {override.py:1769} INFO - Created Permission View: can read on DAG:example_skip_dag
[2024-03-25T21:43:06.408+0000] {logging_mixin.py:188} INFO - [2024-03-25T21:43:06.408+0000] {override.py:1769} INFO - Created Permission View: can edit on DAG:example_skip_dag
[2024-03-25T21:43:06.410+0000] {logging_mixin.py:188} INFO - [2024-03-25T21:43:06.410+0000] {dag.py:3047} INFO - Sync 1 DAGs
[2024-03-25T21:43:06.526+0000] {logging_mixin.py:188} INFO - [2024-03-25T21:43:06.526+0000] {dag.py:3069} INFO - Creating ORM DAG for example_skip_dag
[2024-03-25T21:43:06.642+0000] {logging_mixin.py:188} INFO - [2024-03-25T21:43:06.642+0000] {dag.py:3834} INFO - Setting next_dagrun for example_skip_dag to 2024-03-24 00:00:00+00:00, run_after=2024-03-25 00:00:00+00:00
[2024-03-25T21:43:06.762+0000] {processor.py:183} INFO - Processing /home/airflow/.local/lib/python3.8/site-packages/airflow/example_dags/example_skip_dag.py took 2.103 seconds
[2024-03-25T21:43:56.292+0000] {processor.py:161} INFO - Started process (PID=148) to work on /home/airflow/.local/lib/python3.8/site-packages/airflow/example_dags/example_skip_dag.py
[2024-03-25T21:43:56.296+0000] {processor.py:830} INFO - Processing file /home/airflow/.local/lib/python3.8/site-packages/airflow/example_dags/example_skip_dag.py for tasks to queue
[2024-03-25T21:43:56.389+0000] {logging_mixin.py:188} INFO - [2024-03-25T21:43:56.385+0000] {dagbag.py:540} INFO - Filling up the DagBag from /home/airflow/.local/lib/python3.8/site-packages/airflow/example_dags/example_skip_dag.py
[2024-03-25T21:43:56.503+0000] {processor.py:840} INFO - DAG(s) 'example_skip_dag' retrieved from /home/airflow/.local/lib/python3.8/site-packages/airflow/example_dags/example_skip_dag.py
[2024-03-25T21:43:56.702+0000] {logging_mixin.py:188} INFO - [2024-03-25T21:43:56.702+0000] {dag.py:3047} INFO - Sync 1 DAGs
[2024-03-25T21:43:57.130+0000] {logging_mixin.py:188} INFO - [2024-03-25T21:43:57.129+0000] {dag.py:3834} INFO - Setting next_dagrun for example_skip_dag to 2024-03-24 00:00:00+00:00, run_after=2024-03-25 00:00:00+00:00
[2024-03-25T21:43:57.496+0000] {processor.py:183} INFO - Processing /home/airflow/.local/lib/python3.8/site-packages/airflow/example_dags/example_skip_dag.py took 1.240 seconds
[2024-03-25T21:44:31.101+0000] {processor.py:161} INFO - Started process (PID=209) to work on /home/airflow/.local/lib/python3.8/site-packages/airflow/example_dags/example_skip_dag.py
[2024-03-25T21:44:31.125+0000] {processor.py:830} INFO - Processing file /home/airflow/.local/lib/python3.8/site-packages/airflow/example_dags/example_skip_dag.py for tasks to queue
[2024-03-25T21:44:31.134+0000] {logging_mixin.py:188} INFO - [2024-03-25T21:44:31.133+0000] {dagbag.py:540} INFO - Filling up the DagBag from /home/airflow/.local/lib/python3.8/site-packages/airflow/example_dags/example_skip_dag.py
[2024-03-25T21:44:31.162+0000] {processor.py:840} INFO - DAG(s) 'example_skip_dag' retrieved from /home/airflow/.local/lib/python3.8/site-packages/airflow/example_dags/example_skip_dag.py
[2024-03-25T21:44:31.228+0000] {logging_mixin.py:188} INFO - [2024-03-25T21:44:31.228+0000] {dag.py:3047} INFO - Sync 1 DAGs
[2024-03-25T21:44:31.468+0000] {logging_mixin.py:188} INFO - [2024-03-25T21:44:31.468+0000] {dag.py:3834} INFO - Setting next_dagrun for example_skip_dag to 2024-03-24 00:00:00+00:00, run_after=2024-03-25 00:00:00+00:00
[2024-03-25T21:44:31.793+0000] {processor.py:183} INFO - Processing /home/airflow/.local/lib/python3.8/site-packages/airflow/example_dags/example_skip_dag.py took 0.705 seconds
