[2024-03-25T21:42:23.680+0000] {processor.py:161} INFO - Started process (PID=61) to work on /home/airflow/.local/lib/python3.8/site-packages/airflow/example_dags/example_branch_operator_decorator.py
[2024-03-25T21:42:23.686+0000] {processor.py:830} INFO - Processing file /home/airflow/.local/lib/python3.8/site-packages/airflow/example_dags/example_branch_operator_decorator.py for tasks to queue
[2024-03-25T21:42:23.710+0000] {logging_mixin.py:188} INFO - [2024-03-25T21:42:23.707+0000] {dagbag.py:540} INFO - Filling up the DagBag from /home/airflow/.local/lib/python3.8/site-packages/airflow/example_dags/example_branch_operator_decorator.py
[2024-03-25T21:42:24.303+0000] {processor.py:840} INFO - DAG(s) 'example_branch_python_operator_decorator' retrieved from /home/airflow/.local/lib/python3.8/site-packages/airflow/example_dags/example_branch_operator_decorator.py
[2024-03-25T21:42:25.469+0000] {logging_mixin.py:188} INFO - [2024-03-25T21:42:25.468+0000] {override.py:1769} INFO - Created Permission View: can delete on DAG:example_branch_python_operator_decorator
[2024-03-25T21:42:25.663+0000] {logging_mixin.py:188} INFO - [2024-03-25T21:42:25.660+0000] {override.py:1769} INFO - Created Permission View: can read on DAG:example_branch_python_operator_decorator
[2024-03-25T21:42:26.188+0000] {logging_mixin.py:188} INFO - [2024-03-25T21:42:26.188+0000] {override.py:1769} INFO - Created Permission View: can edit on DAG:example_branch_python_operator_decorator
[2024-03-25T21:42:26.252+0000] {logging_mixin.py:188} INFO - [2024-03-25T21:42:26.251+0000] {dag.py:3047} INFO - Sync 1 DAGs
[2024-03-25T21:42:26.391+0000] {logging_mixin.py:188} INFO - [2024-03-25T21:42:26.391+0000] {dag.py:3069} INFO - Creating ORM DAG for example_branch_python_operator_decorator
[2024-03-25T21:42:26.831+0000] {logging_mixin.py:188} INFO - [2024-03-25T21:42:26.830+0000] {dag.py:3834} INFO - Setting next_dagrun for example_branch_python_operator_decorator to 2024-03-24 00:00:00+00:00, run_after=2024-03-25 00:00:00+00:00
[2024-03-25T21:42:27.323+0000] {processor.py:183} INFO - Processing /home/airflow/.local/lib/python3.8/site-packages/airflow/example_dags/example_branch_operator_decorator.py took 3.711 seconds
[2024-03-25T21:43:39.748+0000] {processor.py:161} INFO - Started process (PID=128) to work on /home/airflow/.local/lib/python3.8/site-packages/airflow/example_dags/example_branch_operator_decorator.py
[2024-03-25T21:43:39.759+0000] {processor.py:830} INFO - Processing file /home/airflow/.local/lib/python3.8/site-packages/airflow/example_dags/example_branch_operator_decorator.py for tasks to queue
[2024-03-25T21:43:39.771+0000] {logging_mixin.py:188} INFO - [2024-03-25T21:43:39.764+0000] {dagbag.py:540} INFO - Filling up the DagBag from /home/airflow/.local/lib/python3.8/site-packages/airflow/example_dags/example_branch_operator_decorator.py
[2024-03-25T21:43:39.897+0000] {processor.py:840} INFO - DAG(s) 'example_branch_python_operator_decorator' retrieved from /home/airflow/.local/lib/python3.8/site-packages/airflow/example_dags/example_branch_operator_decorator.py
[2024-03-25T21:43:40.177+0000] {logging_mixin.py:188} INFO - [2024-03-25T21:43:40.177+0000] {dag.py:3047} INFO - Sync 1 DAGs
[2024-03-25T21:43:40.351+0000] {logging_mixin.py:188} INFO - [2024-03-25T21:43:40.350+0000] {dag.py:3834} INFO - Setting next_dagrun for example_branch_python_operator_decorator to 2024-03-24 00:00:00+00:00, run_after=2024-03-25 00:00:00+00:00
[2024-03-25T21:43:40.548+0000] {processor.py:183} INFO - Processing /home/airflow/.local/lib/python3.8/site-packages/airflow/example_dags/example_branch_operator_decorator.py took 0.819 seconds
[2024-03-25T21:44:16.310+0000] {processor.py:161} INFO - Started process (PID=181) to work on /home/airflow/.local/lib/python3.8/site-packages/airflow/example_dags/example_branch_operator_decorator.py
[2024-03-25T21:44:16.331+0000] {processor.py:830} INFO - Processing file /home/airflow/.local/lib/python3.8/site-packages/airflow/example_dags/example_branch_operator_decorator.py for tasks to queue
[2024-03-25T21:44:16.335+0000] {logging_mixin.py:188} INFO - [2024-03-25T21:44:16.335+0000] {dagbag.py:540} INFO - Filling up the DagBag from /home/airflow/.local/lib/python3.8/site-packages/airflow/example_dags/example_branch_operator_decorator.py
[2024-03-25T21:44:16.478+0000] {processor.py:840} INFO - DAG(s) 'example_branch_python_operator_decorator' retrieved from /home/airflow/.local/lib/python3.8/site-packages/airflow/example_dags/example_branch_operator_decorator.py
[2024-03-25T21:44:16.718+0000] {logging_mixin.py:188} INFO - [2024-03-25T21:44:16.718+0000] {dag.py:3047} INFO - Sync 1 DAGs
[2024-03-25T21:44:16.883+0000] {logging_mixin.py:188} INFO - [2024-03-25T21:44:16.883+0000] {dag.py:3834} INFO - Setting next_dagrun for example_branch_python_operator_decorator to 2024-03-24 00:00:00+00:00, run_after=2024-03-25 00:00:00+00:00
[2024-03-25T21:44:17.782+0000] {processor.py:183} INFO - Processing /home/airflow/.local/lib/python3.8/site-packages/airflow/example_dags/example_branch_operator_decorator.py took 1.489 seconds
[2024-03-25T21:44:48.140+0000] {processor.py:161} INFO - Started process (PID=236) to work on /home/airflow/.local/lib/python3.8/site-packages/airflow/example_dags/example_branch_operator_decorator.py
[2024-03-25T21:44:48.154+0000] {processor.py:830} INFO - Processing file /home/airflow/.local/lib/python3.8/site-packages/airflow/example_dags/example_branch_operator_decorator.py for tasks to queue
[2024-03-25T21:44:48.171+0000] {logging_mixin.py:188} INFO - [2024-03-25T21:44:48.158+0000] {dagbag.py:540} INFO - Filling up the DagBag from /home/airflow/.local/lib/python3.8/site-packages/airflow/example_dags/example_branch_operator_decorator.py
[2024-03-25T21:44:48.330+0000] {processor.py:840} INFO - DAG(s) 'example_branch_python_operator_decorator' retrieved from /home/airflow/.local/lib/python3.8/site-packages/airflow/example_dags/example_branch_operator_decorator.py
[2024-03-25T21:44:48.429+0000] {logging_mixin.py:188} INFO - [2024-03-25T21:44:48.428+0000] {dag.py:3047} INFO - Sync 1 DAGs
[2024-03-25T21:44:48.584+0000] {logging_mixin.py:188} INFO - [2024-03-25T21:44:48.583+0000] {dag.py:3834} INFO - Setting next_dagrun for example_branch_python_operator_decorator to 2024-03-24 00:00:00+00:00, run_after=2024-03-25 00:00:00+00:00
[2024-03-25T21:44:48.703+0000] {processor.py:183} INFO - Processing /home/airflow/.local/lib/python3.8/site-packages/airflow/example_dags/example_branch_operator_decorator.py took 0.575 seconds
