[2024-03-25T21:42:17.411+0000] {processor.py:161} INFO - Started process (PID=57) to work on /home/airflow/.local/lib/python3.8/site-packages/airflow/example_dags/example_external_task_marker_dag.py
[2024-03-25T21:42:17.422+0000] {processor.py:830} INFO - Processing file /home/airflow/.local/lib/python3.8/site-packages/airflow/example_dags/example_external_task_marker_dag.py for tasks to queue
[2024-03-25T21:42:17.437+0000] {logging_mixin.py:188} INFO - [2024-03-25T21:42:17.437+0000] {dagbag.py:540} INFO - Filling up the DagBag from /home/airflow/.local/lib/python3.8/site-packages/airflow/example_dags/example_external_task_marker_dag.py
[2024-03-25T21:42:17.589+0000] {processor.py:840} INFO - DAG(s) 'example_external_task_marker_child', 'example_external_task_marker_parent' retrieved from /home/airflow/.local/lib/python3.8/site-packages/airflow/example_dags/example_external_task_marker_dag.py
[2024-03-25T21:42:18.321+0000] {logging_mixin.py:188} INFO - [2024-03-25T21:42:18.319+0000] {override.py:1769} INFO - Created Permission View: can delete on DAG:example_external_task_marker_child
[2024-03-25T21:42:18.463+0000] {logging_mixin.py:188} INFO - [2024-03-25T21:42:18.462+0000] {override.py:1769} INFO - Created Permission View: can read on DAG:example_external_task_marker_child
[2024-03-25T21:42:18.645+0000] {logging_mixin.py:188} INFO - [2024-03-25T21:42:18.644+0000] {override.py:1769} INFO - Created Permission View: can edit on DAG:example_external_task_marker_child
[2024-03-25T21:42:19.556+0000] {logging_mixin.py:188} INFO - [2024-03-25T21:42:19.556+0000] {override.py:1769} INFO - Created Permission View: can delete on DAG:example_external_task_marker_parent
[2024-03-25T21:42:19.753+0000] {logging_mixin.py:188} INFO - [2024-03-25T21:42:19.752+0000] {override.py:1769} INFO - Created Permission View: can read on DAG:example_external_task_marker_parent
[2024-03-25T21:42:19.881+0000] {logging_mixin.py:188} INFO - [2024-03-25T21:42:19.881+0000] {override.py:1769} INFO - Created Permission View: can edit on DAG:example_external_task_marker_parent
[2024-03-25T21:42:19.898+0000] {logging_mixin.py:188} INFO - [2024-03-25T21:42:19.897+0000] {dag.py:3047} INFO - Sync 2 DAGs
[2024-03-25T21:42:19.997+0000] {logging_mixin.py:188} INFO - [2024-03-25T21:42:19.997+0000] {dag.py:3069} INFO - Creating ORM DAG for example_external_task_marker_child
[2024-03-25T21:42:20.035+0000] {logging_mixin.py:188} INFO - [2024-03-25T21:42:20.034+0000] {dag.py:3069} INFO - Creating ORM DAG for example_external_task_marker_parent
[2024-03-25T21:42:20.117+0000] {logging_mixin.py:188} INFO - [2024-03-25T21:42:20.117+0000] {dag.py:3834} INFO - Setting next_dagrun for example_external_task_marker_child to None, run_after=None
[2024-03-25T21:42:20.173+0000] {logging_mixin.py:188} INFO - [2024-03-25T21:42:20.173+0000] {dag.py:3834} INFO - Setting next_dagrun for example_external_task_marker_parent to None, run_after=None
[2024-03-25T21:42:20.351+0000] {processor.py:183} INFO - Processing /home/airflow/.local/lib/python3.8/site-packages/airflow/example_dags/example_external_task_marker_dag.py took 2.959 seconds
[2024-03-25T21:43:36.628+0000] {processor.py:161} INFO - Started process (PID=124) to work on /home/airflow/.local/lib/python3.8/site-packages/airflow/example_dags/example_external_task_marker_dag.py
[2024-03-25T21:43:36.635+0000] {processor.py:830} INFO - Processing file /home/airflow/.local/lib/python3.8/site-packages/airflow/example_dags/example_external_task_marker_dag.py for tasks to queue
[2024-03-25T21:43:36.646+0000] {logging_mixin.py:188} INFO - [2024-03-25T21:43:36.645+0000] {dagbag.py:540} INFO - Filling up the DagBag from /home/airflow/.local/lib/python3.8/site-packages/airflow/example_dags/example_external_task_marker_dag.py
[2024-03-25T21:43:36.695+0000] {processor.py:840} INFO - DAG(s) 'example_external_task_marker_parent', 'example_external_task_marker_child' retrieved from /home/airflow/.local/lib/python3.8/site-packages/airflow/example_dags/example_external_task_marker_dag.py
[2024-03-25T21:43:36.895+0000] {logging_mixin.py:188} INFO - [2024-03-25T21:43:36.894+0000] {dag.py:3047} INFO - Sync 2 DAGs
[2024-03-25T21:43:37.002+0000] {logging_mixin.py:188} INFO - [2024-03-25T21:43:36.999+0000] {dag.py:3834} INFO - Setting next_dagrun for example_external_task_marker_child to None, run_after=None
[2024-03-25T21:43:37.085+0000] {logging_mixin.py:188} INFO - [2024-03-25T21:43:37.084+0000] {dag.py:3834} INFO - Setting next_dagrun for example_external_task_marker_parent to None, run_after=None
[2024-03-25T21:43:37.159+0000] {processor.py:183} INFO - Processing /home/airflow/.local/lib/python3.8/site-packages/airflow/example_dags/example_external_task_marker_dag.py took 0.571 seconds
[2024-03-25T21:44:13.497+0000] {processor.py:161} INFO - Started process (PID=177) to work on /home/airflow/.local/lib/python3.8/site-packages/airflow/example_dags/example_external_task_marker_dag.py
[2024-03-25T21:44:13.503+0000] {processor.py:830} INFO - Processing file /home/airflow/.local/lib/python3.8/site-packages/airflow/example_dags/example_external_task_marker_dag.py for tasks to queue
[2024-03-25T21:44:13.542+0000] {logging_mixin.py:188} INFO - [2024-03-25T21:44:13.541+0000] {dagbag.py:540} INFO - Filling up the DagBag from /home/airflow/.local/lib/python3.8/site-packages/airflow/example_dags/example_external_task_marker_dag.py
[2024-03-25T21:44:13.646+0000] {processor.py:840} INFO - DAG(s) 'example_external_task_marker_parent', 'example_external_task_marker_child' retrieved from /home/airflow/.local/lib/python3.8/site-packages/airflow/example_dags/example_external_task_marker_dag.py
[2024-03-25T21:44:13.848+0000] {logging_mixin.py:188} INFO - [2024-03-25T21:44:13.847+0000] {dag.py:3047} INFO - Sync 2 DAGs
[2024-03-25T21:44:13.944+0000] {logging_mixin.py:188} INFO - [2024-03-25T21:44:13.943+0000] {dag.py:3834} INFO - Setting next_dagrun for example_external_task_marker_child to None, run_after=None
[2024-03-25T21:44:13.968+0000] {logging_mixin.py:188} INFO - [2024-03-25T21:44:13.968+0000] {dag.py:3834} INFO - Setting next_dagrun for example_external_task_marker_parent to None, run_after=None
[2024-03-25T21:44:14.990+0000] {processor.py:183} INFO - Processing /home/airflow/.local/lib/python3.8/site-packages/airflow/example_dags/example_external_task_marker_dag.py took 1.510 seconds
[2024-03-25T21:44:45.213+0000] {processor.py:161} INFO - Started process (PID=232) to work on /home/airflow/.local/lib/python3.8/site-packages/airflow/example_dags/example_external_task_marker_dag.py
[2024-03-25T21:44:45.216+0000] {processor.py:830} INFO - Processing file /home/airflow/.local/lib/python3.8/site-packages/airflow/example_dags/example_external_task_marker_dag.py for tasks to queue
[2024-03-25T21:44:45.220+0000] {logging_mixin.py:188} INFO - [2024-03-25T21:44:45.219+0000] {dagbag.py:540} INFO - Filling up the DagBag from /home/airflow/.local/lib/python3.8/site-packages/airflow/example_dags/example_external_task_marker_dag.py
[2024-03-25T21:44:45.234+0000] {processor.py:840} INFO - DAG(s) 'example_external_task_marker_parent', 'example_external_task_marker_child' retrieved from /home/airflow/.local/lib/python3.8/site-packages/airflow/example_dags/example_external_task_marker_dag.py
[2024-03-25T21:44:45.291+0000] {logging_mixin.py:188} INFO - [2024-03-25T21:44:45.290+0000] {dag.py:3047} INFO - Sync 2 DAGs
[2024-03-25T21:44:45.327+0000] {logging_mixin.py:188} INFO - [2024-03-25T21:44:45.326+0000] {dag.py:3834} INFO - Setting next_dagrun for example_external_task_marker_child to None, run_after=None
[2024-03-25T21:44:45.335+0000] {logging_mixin.py:188} INFO - [2024-03-25T21:44:45.335+0000] {dag.py:3834} INFO - Setting next_dagrun for example_external_task_marker_parent to None, run_after=None
[2024-03-25T21:44:45.379+0000] {processor.py:183} INFO - Processing /home/airflow/.local/lib/python3.8/site-packages/airflow/example_dags/example_external_task_marker_dag.py took 0.176 seconds
