[2024-03-25T21:43:02.039+0000] {processor.py:161} INFO - Started process (PID=91) to work on /home/airflow/.local/lib/python3.8/site-packages/airflow/example_dags/example_kubernetes_executor.py
[2024-03-25T21:43:02.052+0000] {processor.py:830} INFO - Processing file /home/airflow/.local/lib/python3.8/site-packages/airflow/example_dags/example_kubernetes_executor.py for tasks to queue
[2024-03-25T21:43:02.096+0000] {logging_mixin.py:188} INFO - [2024-03-25T21:43:02.095+0000] {dagbag.py:540} INFO - Filling up the DagBag from /home/airflow/.local/lib/python3.8/site-packages/airflow/example_dags/example_kubernetes_executor.py
[2024-03-25T21:43:02.247+0000] {processor.py:840} INFO - DAG(s) 'example_kubernetes_executor' retrieved from /home/airflow/.local/lib/python3.8/site-packages/airflow/example_dags/example_kubernetes_executor.py
[2024-03-25T21:43:03.735+0000] {logging_mixin.py:188} INFO - [2024-03-25T21:43:03.733+0000] {override.py:1769} INFO - Created Permission View: can delete on DAG:example_kubernetes_executor
[2024-03-25T21:43:03.807+0000] {logging_mixin.py:188} INFO - [2024-03-25T21:43:03.806+0000] {override.py:1769} INFO - Created Permission View: can read on DAG:example_kubernetes_executor
[2024-03-25T21:43:03.855+0000] {logging_mixin.py:188} INFO - [2024-03-25T21:43:03.854+0000] {override.py:1769} INFO - Created Permission View: can edit on DAG:example_kubernetes_executor
[2024-03-25T21:43:03.858+0000] {logging_mixin.py:188} INFO - [2024-03-25T21:43:03.857+0000] {dag.py:3047} INFO - Sync 1 DAGs
[2024-03-25T21:43:04.025+0000] {logging_mixin.py:188} INFO - [2024-03-25T21:43:04.024+0000] {dag.py:3069} INFO - Creating ORM DAG for example_kubernetes_executor
[2024-03-25T21:43:04.036+0000] {logging_mixin.py:188} INFO - [2024-03-25T21:43:04.027+0000] {dag.py:3834} INFO - Setting next_dagrun for example_kubernetes_executor to None, run_after=None
[2024-03-25T21:43:04.366+0000] {processor.py:183} INFO - Processing /home/airflow/.local/lib/python3.8/site-packages/airflow/example_dags/example_kubernetes_executor.py took 2.369 seconds
[2024-03-25T21:43:54.916+0000] {processor.py:161} INFO - Started process (PID=146) to work on /home/airflow/.local/lib/python3.8/site-packages/airflow/example_dags/example_kubernetes_executor.py
[2024-03-25T21:43:54.937+0000] {processor.py:830} INFO - Processing file /home/airflow/.local/lib/python3.8/site-packages/airflow/example_dags/example_kubernetes_executor.py for tasks to queue
[2024-03-25T21:43:54.963+0000] {logging_mixin.py:188} INFO - [2024-03-25T21:43:54.961+0000] {dagbag.py:540} INFO - Filling up the DagBag from /home/airflow/.local/lib/python3.8/site-packages/airflow/example_dags/example_kubernetes_executor.py
[2024-03-25T21:43:55.087+0000] {processor.py:840} INFO - DAG(s) 'example_kubernetes_executor' retrieved from /home/airflow/.local/lib/python3.8/site-packages/airflow/example_dags/example_kubernetes_executor.py
[2024-03-25T21:43:55.401+0000] {logging_mixin.py:188} INFO - [2024-03-25T21:43:55.399+0000] {dag.py:3047} INFO - Sync 1 DAGs
[2024-03-25T21:43:55.581+0000] {logging_mixin.py:188} INFO - [2024-03-25T21:43:55.567+0000] {dag.py:3834} INFO - Setting next_dagrun for example_kubernetes_executor to None, run_after=None
[2024-03-25T21:43:55.876+0000] {processor.py:183} INFO - Processing /home/airflow/.local/lib/python3.8/site-packages/airflow/example_dags/example_kubernetes_executor.py took 0.976 seconds
[2024-03-25T21:44:30.316+0000] {processor.py:161} INFO - Started process (PID=207) to work on /home/airflow/.local/lib/python3.8/site-packages/airflow/example_dags/example_kubernetes_executor.py
[2024-03-25T21:44:30.329+0000] {processor.py:830} INFO - Processing file /home/airflow/.local/lib/python3.8/site-packages/airflow/example_dags/example_kubernetes_executor.py for tasks to queue
[2024-03-25T21:44:30.334+0000] {logging_mixin.py:188} INFO - [2024-03-25T21:44:30.334+0000] {dagbag.py:540} INFO - Filling up the DagBag from /home/airflow/.local/lib/python3.8/site-packages/airflow/example_dags/example_kubernetes_executor.py
[2024-03-25T21:44:30.439+0000] {processor.py:840} INFO - DAG(s) 'example_kubernetes_executor' retrieved from /home/airflow/.local/lib/python3.8/site-packages/airflow/example_dags/example_kubernetes_executor.py
[2024-03-25T21:44:30.822+0000] {logging_mixin.py:188} INFO - [2024-03-25T21:44:30.822+0000] {dag.py:3047} INFO - Sync 1 DAGs
[2024-03-25T21:44:30.872+0000] {logging_mixin.py:188} INFO - [2024-03-25T21:44:30.872+0000] {dag.py:3834} INFO - Setting next_dagrun for example_kubernetes_executor to None, run_after=None
[2024-03-25T21:44:30.951+0000] {processor.py:183} INFO - Processing /home/airflow/.local/lib/python3.8/site-packages/airflow/example_dags/example_kubernetes_executor.py took 0.675 seconds
