[2024-03-25T21:42:17.105+0000] {processor.py:161} INFO - Started process (PID=56) to work on /home/airflow/.local/lib/python3.8/site-packages/airflow/example_dags/example_short_circuit_operator.py
[2024-03-25T21:42:17.122+0000] {processor.py:830} INFO - Processing file /home/airflow/.local/lib/python3.8/site-packages/airflow/example_dags/example_short_circuit_operator.py for tasks to queue
[2024-03-25T21:42:17.141+0000] {logging_mixin.py:188} INFO - [2024-03-25T21:42:17.140+0000] {dagbag.py:540} INFO - Filling up the DagBag from /home/airflow/.local/lib/python3.8/site-packages/airflow/example_dags/example_short_circuit_operator.py
[2024-03-25T21:42:17.334+0000] {processor.py:840} INFO - DAG(s) 'example_short_circuit_operator' retrieved from /home/airflow/.local/lib/python3.8/site-packages/airflow/example_dags/example_short_circuit_operator.py
[2024-03-25T21:42:18.327+0000] {logging_mixin.py:188} INFO - [2024-03-25T21:42:18.326+0000] {override.py:1769} INFO - Created Permission View: can delete on DAG:example_short_circuit_operator
[2024-03-25T21:42:18.450+0000] {logging_mixin.py:188} INFO - [2024-03-25T21:42:18.449+0000] {override.py:1769} INFO - Created Permission View: can read on DAG:example_short_circuit_operator
[2024-03-25T21:42:18.644+0000] {logging_mixin.py:188} INFO - [2024-03-25T21:42:18.643+0000] {override.py:1769} INFO - Created Permission View: can edit on DAG:example_short_circuit_operator
[2024-03-25T21:42:18.658+0000] {logging_mixin.py:188} INFO - [2024-03-25T21:42:18.658+0000] {dag.py:3047} INFO - Sync 1 DAGs
[2024-03-25T21:42:18.726+0000] {logging_mixin.py:188} INFO - [2024-03-25T21:42:18.725+0000] {dag.py:3069} INFO - Creating ORM DAG for example_short_circuit_operator
[2024-03-25T21:42:18.772+0000] {logging_mixin.py:188} INFO - [2024-03-25T21:42:18.772+0000] {dag.py:3834} INFO - Setting next_dagrun for example_short_circuit_operator to 2024-03-24 00:00:00+00:00, run_after=2024-03-25 00:00:00+00:00
[2024-03-25T21:42:19.372+0000] {processor.py:183} INFO - Processing /home/airflow/.local/lib/python3.8/site-packages/airflow/example_dags/example_short_circuit_operator.py took 2.283 seconds
[2024-03-25T21:43:35.492+0000] {processor.py:161} INFO - Started process (PID=123) to work on /home/airflow/.local/lib/python3.8/site-packages/airflow/example_dags/example_short_circuit_operator.py
[2024-03-25T21:43:35.501+0000] {processor.py:830} INFO - Processing file /home/airflow/.local/lib/python3.8/site-packages/airflow/example_dags/example_short_circuit_operator.py for tasks to queue
[2024-03-25T21:43:35.505+0000] {logging_mixin.py:188} INFO - [2024-03-25T21:43:35.504+0000] {dagbag.py:540} INFO - Filling up the DagBag from /home/airflow/.local/lib/python3.8/site-packages/airflow/example_dags/example_short_circuit_operator.py
[2024-03-25T21:43:35.530+0000] {processor.py:840} INFO - DAG(s) 'example_short_circuit_operator' retrieved from /home/airflow/.local/lib/python3.8/site-packages/airflow/example_dags/example_short_circuit_operator.py
[2024-03-25T21:43:35.626+0000] {logging_mixin.py:188} INFO - [2024-03-25T21:43:35.626+0000] {dag.py:3047} INFO - Sync 1 DAGs
[2024-03-25T21:43:35.715+0000] {logging_mixin.py:188} INFO - [2024-03-25T21:43:35.715+0000] {dag.py:3834} INFO - Setting next_dagrun for example_short_circuit_operator to 2024-03-24 00:00:00+00:00, run_after=2024-03-25 00:00:00+00:00
[2024-03-25T21:43:35.865+0000] {processor.py:183} INFO - Processing /home/airflow/.local/lib/python3.8/site-packages/airflow/example_dags/example_short_circuit_operator.py took 0.380 seconds
[2024-03-25T21:44:13.159+0000] {processor.py:161} INFO - Started process (PID=176) to work on /home/airflow/.local/lib/python3.8/site-packages/airflow/example_dags/example_short_circuit_operator.py
[2024-03-25T21:44:13.171+0000] {processor.py:830} INFO - Processing file /home/airflow/.local/lib/python3.8/site-packages/airflow/example_dags/example_short_circuit_operator.py for tasks to queue
[2024-03-25T21:44:13.191+0000] {logging_mixin.py:188} INFO - [2024-03-25T21:44:13.188+0000] {dagbag.py:540} INFO - Filling up the DagBag from /home/airflow/.local/lib/python3.8/site-packages/airflow/example_dags/example_short_circuit_operator.py
[2024-03-25T21:44:13.282+0000] {processor.py:840} INFO - DAG(s) 'example_short_circuit_operator' retrieved from /home/airflow/.local/lib/python3.8/site-packages/airflow/example_dags/example_short_circuit_operator.py
[2024-03-25T21:44:13.540+0000] {logging_mixin.py:188} INFO - [2024-03-25T21:44:13.539+0000] {dag.py:3047} INFO - Sync 1 DAGs
[2024-03-25T21:44:13.811+0000] {logging_mixin.py:188} INFO - [2024-03-25T21:44:13.811+0000] {dag.py:3834} INFO - Setting next_dagrun for example_short_circuit_operator to 2024-03-24 00:00:00+00:00, run_after=2024-03-25 00:00:00+00:00
[2024-03-25T21:44:14.443+0000] {processor.py:183} INFO - Processing /home/airflow/.local/lib/python3.8/site-packages/airflow/example_dags/example_short_circuit_operator.py took 1.305 seconds
[2024-03-25T21:44:45.204+0000] {processor.py:161} INFO - Started process (PID=231) to work on /home/airflow/.local/lib/python3.8/site-packages/airflow/example_dags/example_short_circuit_operator.py
[2024-03-25T21:44:45.206+0000] {processor.py:830} INFO - Processing file /home/airflow/.local/lib/python3.8/site-packages/airflow/example_dags/example_short_circuit_operator.py for tasks to queue
[2024-03-25T21:44:45.213+0000] {logging_mixin.py:188} INFO - [2024-03-25T21:44:45.212+0000] {dagbag.py:540} INFO - Filling up the DagBag from /home/airflow/.local/lib/python3.8/site-packages/airflow/example_dags/example_short_circuit_operator.py
[2024-03-25T21:44:45.231+0000] {processor.py:840} INFO - DAG(s) 'example_short_circuit_operator' retrieved from /home/airflow/.local/lib/python3.8/site-packages/airflow/example_dags/example_short_circuit_operator.py
[2024-03-25T21:44:45.305+0000] {logging_mixin.py:188} INFO - [2024-03-25T21:44:45.305+0000] {dag.py:3047} INFO - Sync 1 DAGs
[2024-03-25T21:44:45.358+0000] {logging_mixin.py:188} INFO - [2024-03-25T21:44:45.357+0000] {dag.py:3834} INFO - Setting next_dagrun for example_short_circuit_operator to 2024-03-24 00:00:00+00:00, run_after=2024-03-25 00:00:00+00:00
[2024-03-25T21:44:45.403+0000] {processor.py:183} INFO - Processing /home/airflow/.local/lib/python3.8/site-packages/airflow/example_dags/example_short_circuit_operator.py took 0.205 seconds
