[2024-03-25T21:42:20.181+0000] {processor.py:161} INFO - Started process (PID=58) to work on /home/airflow/.local/lib/python3.8/site-packages/airflow/example_dags/example_dynamic_task_mapping.py
[2024-03-25T21:42:20.247+0000] {processor.py:830} INFO - Processing file /home/airflow/.local/lib/python3.8/site-packages/airflow/example_dags/example_dynamic_task_mapping.py for tasks to queue
[2024-03-25T21:42:20.281+0000] {logging_mixin.py:188} INFO - [2024-03-25T21:42:20.280+0000] {dagbag.py:540} INFO - Filling up the DagBag from /home/airflow/.local/lib/python3.8/site-packages/airflow/example_dags/example_dynamic_task_mapping.py
[2024-03-25T21:42:20.441+0000] {processor.py:840} INFO - DAG(s) 'example_dynamic_task_mapping' retrieved from /home/airflow/.local/lib/python3.8/site-packages/airflow/example_dags/example_dynamic_task_mapping.py
[2024-03-25T21:42:21.952+0000] {logging_mixin.py:188} INFO - [2024-03-25T21:42:21.931+0000] {override.py:1769} INFO - Created Permission View: can delete on DAG:example_dynamic_task_mapping
[2024-03-25T21:42:22.407+0000] {logging_mixin.py:188} INFO - [2024-03-25T21:42:22.407+0000] {override.py:1769} INFO - Created Permission View: can read on DAG:example_dynamic_task_mapping
[2024-03-25T21:42:22.465+0000] {logging_mixin.py:188} INFO - [2024-03-25T21:42:22.464+0000] {override.py:1769} INFO - Created Permission View: can edit on DAG:example_dynamic_task_mapping
[2024-03-25T21:42:22.469+0000] {logging_mixin.py:188} INFO - [2024-03-25T21:42:22.469+0000] {dag.py:3047} INFO - Sync 1 DAGs
[2024-03-25T21:42:22.680+0000] {logging_mixin.py:188} INFO - [2024-03-25T21:42:22.679+0000] {dag.py:3069} INFO - Creating ORM DAG for example_dynamic_task_mapping
[2024-03-25T21:42:22.786+0000] {logging_mixin.py:188} INFO - [2024-03-25T21:42:22.771+0000] {dag.py:3834} INFO - Setting next_dagrun for example_dynamic_task_mapping to 2022-03-04 00:00:00+00:00, run_after=2022-03-05 00:00:00+00:00
[2024-03-25T21:42:23.213+0000] {processor.py:183} INFO - Processing /home/airflow/.local/lib/python3.8/site-packages/airflow/example_dags/example_dynamic_task_mapping.py took 3.039 seconds
[2024-03-25T21:43:37.323+0000] {processor.py:161} INFO - Started process (PID=125) to work on /home/airflow/.local/lib/python3.8/site-packages/airflow/example_dags/example_dynamic_task_mapping.py
[2024-03-25T21:43:37.328+0000] {processor.py:830} INFO - Processing file /home/airflow/.local/lib/python3.8/site-packages/airflow/example_dags/example_dynamic_task_mapping.py for tasks to queue
[2024-03-25T21:43:37.332+0000] {logging_mixin.py:188} INFO - [2024-03-25T21:43:37.331+0000] {dagbag.py:540} INFO - Filling up the DagBag from /home/airflow/.local/lib/python3.8/site-packages/airflow/example_dags/example_dynamic_task_mapping.py
[2024-03-25T21:43:37.359+0000] {processor.py:840} INFO - DAG(s) 'example_dynamic_task_mapping' retrieved from /home/airflow/.local/lib/python3.8/site-packages/airflow/example_dags/example_dynamic_task_mapping.py
[2024-03-25T21:43:37.512+0000] {logging_mixin.py:188} INFO - [2024-03-25T21:43:37.511+0000] {dag.py:3047} INFO - Sync 1 DAGs
[2024-03-25T21:43:37.729+0000] {logging_mixin.py:188} INFO - [2024-03-25T21:43:37.728+0000] {dag.py:3834} INFO - Setting next_dagrun for example_dynamic_task_mapping to 2022-03-04 00:00:00+00:00, run_after=2022-03-05 00:00:00+00:00
[2024-03-25T21:43:37.913+0000] {processor.py:183} INFO - Processing /home/airflow/.local/lib/python3.8/site-packages/airflow/example_dags/example_dynamic_task_mapping.py took 0.608 seconds
[2024-03-25T21:44:14.682+0000] {processor.py:161} INFO - Started process (PID=178) to work on /home/airflow/.local/lib/python3.8/site-packages/airflow/example_dags/example_dynamic_task_mapping.py
[2024-03-25T21:44:14.685+0000] {processor.py:830} INFO - Processing file /home/airflow/.local/lib/python3.8/site-packages/airflow/example_dags/example_dynamic_task_mapping.py for tasks to queue
[2024-03-25T21:44:14.703+0000] {logging_mixin.py:188} INFO - [2024-03-25T21:44:14.702+0000] {dagbag.py:540} INFO - Filling up the DagBag from /home/airflow/.local/lib/python3.8/site-packages/airflow/example_dags/example_dynamic_task_mapping.py
[2024-03-25T21:44:14.741+0000] {processor.py:840} INFO - DAG(s) 'example_dynamic_task_mapping' retrieved from /home/airflow/.local/lib/python3.8/site-packages/airflow/example_dags/example_dynamic_task_mapping.py
[2024-03-25T21:44:14.841+0000] {logging_mixin.py:188} INFO - [2024-03-25T21:44:14.840+0000] {dag.py:3047} INFO - Sync 1 DAGs
[2024-03-25T21:44:15.030+0000] {logging_mixin.py:188} INFO - [2024-03-25T21:44:15.027+0000] {dag.py:3834} INFO - Setting next_dagrun for example_dynamic_task_mapping to 2022-03-04 00:00:00+00:00, run_after=2022-03-05 00:00:00+00:00
[2024-03-25T21:44:15.732+0000] {processor.py:183} INFO - Processing /home/airflow/.local/lib/python3.8/site-packages/airflow/example_dags/example_dynamic_task_mapping.py took 1.068 seconds
[2024-03-25T21:44:46.580+0000] {processor.py:161} INFO - Started process (PID=233) to work on /home/airflow/.local/lib/python3.8/site-packages/airflow/example_dags/example_dynamic_task_mapping.py
[2024-03-25T21:44:46.585+0000] {processor.py:830} INFO - Processing file /home/airflow/.local/lib/python3.8/site-packages/airflow/example_dags/example_dynamic_task_mapping.py for tasks to queue
[2024-03-25T21:44:46.590+0000] {logging_mixin.py:188} INFO - [2024-03-25T21:44:46.589+0000] {dagbag.py:540} INFO - Filling up the DagBag from /home/airflow/.local/lib/python3.8/site-packages/airflow/example_dags/example_dynamic_task_mapping.py
[2024-03-25T21:44:46.613+0000] {processor.py:840} INFO - DAG(s) 'example_dynamic_task_mapping' retrieved from /home/airflow/.local/lib/python3.8/site-packages/airflow/example_dags/example_dynamic_task_mapping.py
[2024-03-25T21:44:46.723+0000] {logging_mixin.py:188} INFO - [2024-03-25T21:44:46.722+0000] {dag.py:3047} INFO - Sync 1 DAGs
[2024-03-25T21:44:46.855+0000] {logging_mixin.py:188} INFO - [2024-03-25T21:44:46.854+0000] {dag.py:3834} INFO - Setting next_dagrun for example_dynamic_task_mapping to 2022-03-04 00:00:00+00:00, run_after=2022-03-05 00:00:00+00:00
[2024-03-25T21:44:46.935+0000] {processor.py:183} INFO - Processing /home/airflow/.local/lib/python3.8/site-packages/airflow/example_dags/example_dynamic_task_mapping.py took 0.362 seconds
