[2024-03-25T21:42:53.967+0000] {processor.py:161} INFO - Started process (PID=79) to work on /home/airflow/.local/lib/python3.8/site-packages/airflow/example_dags/example_latest_only.py
[2024-03-25T21:42:54.067+0000] {processor.py:830} INFO - Processing file /home/airflow/.local/lib/python3.8/site-packages/airflow/example_dags/example_latest_only.py for tasks to queue
[2024-03-25T21:42:54.088+0000] {logging_mixin.py:188} INFO - [2024-03-25T21:42:54.087+0000] {dagbag.py:540} INFO - Filling up the DagBag from /home/airflow/.local/lib/python3.8/site-packages/airflow/example_dags/example_latest_only.py
[2024-03-25T21:42:54.149+0000] {processor.py:840} INFO - DAG(s) 'latest_only' retrieved from /home/airflow/.local/lib/python3.8/site-packages/airflow/example_dags/example_latest_only.py
[2024-03-25T21:42:55.182+0000] {logging_mixin.py:188} INFO - [2024-03-25T21:42:55.181+0000] {override.py:1769} INFO - Created Permission View: can delete on DAG:latest_only
[2024-03-25T21:42:55.292+0000] {logging_mixin.py:188} INFO - [2024-03-25T21:42:55.291+0000] {override.py:1769} INFO - Created Permission View: can read on DAG:latest_only
[2024-03-25T21:42:55.358+0000] {logging_mixin.py:188} INFO - [2024-03-25T21:42:55.357+0000] {override.py:1769} INFO - Created Permission View: can edit on DAG:latest_only
[2024-03-25T21:42:55.369+0000] {logging_mixin.py:188} INFO - [2024-03-25T21:42:55.368+0000] {dag.py:3047} INFO - Sync 1 DAGs
[2024-03-25T21:42:55.494+0000] {logging_mixin.py:188} INFO - [2024-03-25T21:42:55.477+0000] {dag.py:3069} INFO - Creating ORM DAG for latest_only
[2024-03-25T21:42:55.768+0000] {logging_mixin.py:188} INFO - [2024-03-25T21:42:55.746+0000] {dag.py:3834} INFO - Setting next_dagrun for latest_only to 2024-03-25 16:00:00+00:00, run_after=2024-03-25 20:00:00+00:00
[2024-03-25T21:42:55.942+0000] {processor.py:183} INFO - Processing /home/airflow/.local/lib/python3.8/site-packages/airflow/example_dags/example_latest_only.py took 2.008 seconds
[2024-03-25T21:43:49.415+0000] {processor.py:161} INFO - Started process (PID=140) to work on /home/airflow/.local/lib/python3.8/site-packages/airflow/example_dags/example_latest_only.py
[2024-03-25T21:43:49.430+0000] {processor.py:830} INFO - Processing file /home/airflow/.local/lib/python3.8/site-packages/airflow/example_dags/example_latest_only.py for tasks to queue
[2024-03-25T21:43:49.492+0000] {logging_mixin.py:188} INFO - [2024-03-25T21:43:49.491+0000] {dagbag.py:540} INFO - Filling up the DagBag from /home/airflow/.local/lib/python3.8/site-packages/airflow/example_dags/example_latest_only.py
[2024-03-25T21:43:49.556+0000] {processor.py:840} INFO - DAG(s) 'latest_only' retrieved from /home/airflow/.local/lib/python3.8/site-packages/airflow/example_dags/example_latest_only.py
[2024-03-25T21:43:49.757+0000] {logging_mixin.py:188} INFO - [2024-03-25T21:43:49.756+0000] {dag.py:3047} INFO - Sync 1 DAGs
[2024-03-25T21:43:50.127+0000] {logging_mixin.py:188} INFO - [2024-03-25T21:43:50.126+0000] {dag.py:3834} INFO - Setting next_dagrun for latest_only to 2024-03-25 16:00:00+00:00, run_after=2024-03-25 20:00:00+00:00
[2024-03-25T21:43:50.477+0000] {processor.py:183} INFO - Processing /home/airflow/.local/lib/python3.8/site-packages/airflow/example_dags/example_latest_only.py took 1.089 seconds
[2024-03-25T21:44:25.903+0000] {processor.py:161} INFO - Started process (PID=195) to work on /home/airflow/.local/lib/python3.8/site-packages/airflow/example_dags/example_latest_only.py
[2024-03-25T21:44:26.017+0000] {processor.py:830} INFO - Processing file /home/airflow/.local/lib/python3.8/site-packages/airflow/example_dags/example_latest_only.py for tasks to queue
[2024-03-25T21:44:26.031+0000] {logging_mixin.py:188} INFO - [2024-03-25T21:44:26.029+0000] {dagbag.py:540} INFO - Filling up the DagBag from /home/airflow/.local/lib/python3.8/site-packages/airflow/example_dags/example_latest_only.py
[2024-03-25T21:44:26.070+0000] {processor.py:840} INFO - DAG(s) 'latest_only' retrieved from /home/airflow/.local/lib/python3.8/site-packages/airflow/example_dags/example_latest_only.py
[2024-03-25T21:44:26.298+0000] {logging_mixin.py:188} INFO - [2024-03-25T21:44:26.297+0000] {dag.py:3047} INFO - Sync 1 DAGs
[2024-03-25T21:44:26.560+0000] {logging_mixin.py:188} INFO - [2024-03-25T21:44:26.542+0000] {dag.py:3834} INFO - Setting next_dagrun for latest_only to 2024-03-25 16:00:00+00:00, run_after=2024-03-25 20:00:00+00:00
[2024-03-25T21:44:26.816+0000] {processor.py:183} INFO - Processing /home/airflow/.local/lib/python3.8/site-packages/airflow/example_dags/example_latest_only.py took 0.957 seconds
