[2024-03-25T21:42:56.359+0000] {processor.py:161} INFO - Started process (PID=81) to work on /home/airflow/.local/lib/python3.8/site-packages/airflow/example_dags/example_task_group.py
[2024-03-25T21:42:56.376+0000] {processor.py:830} INFO - Processing file /home/airflow/.local/lib/python3.8/site-packages/airflow/example_dags/example_task_group.py for tasks to queue
[2024-03-25T21:42:56.390+0000] {logging_mixin.py:188} INFO - [2024-03-25T21:42:56.389+0000] {dagbag.py:540} INFO - Filling up the DagBag from /home/airflow/.local/lib/python3.8/site-packages/airflow/example_dags/example_task_group.py
[2024-03-25T21:42:56.477+0000] {processor.py:840} INFO - DAG(s) 'example_task_group' retrieved from /home/airflow/.local/lib/python3.8/site-packages/airflow/example_dags/example_task_group.py
[2024-03-25T21:42:57.747+0000] {logging_mixin.py:188} INFO - [2024-03-25T21:42:57.730+0000] {override.py:1769} INFO - Created Permission View: can delete on DAG:example_task_group
[2024-03-25T21:42:57.835+0000] {logging_mixin.py:188} INFO - [2024-03-25T21:42:57.832+0000] {override.py:1769} INFO - Created Permission View: can read on DAG:example_task_group
[2024-03-25T21:42:57.923+0000] {logging_mixin.py:188} INFO - [2024-03-25T21:42:57.922+0000] {override.py:1769} INFO - Created Permission View: can edit on DAG:example_task_group
[2024-03-25T21:42:57.935+0000] {logging_mixin.py:188} INFO - [2024-03-25T21:42:57.934+0000] {dag.py:3047} INFO - Sync 1 DAGs
[2024-03-25T21:42:58.010+0000] {logging_mixin.py:188} INFO - [2024-03-25T21:42:58.010+0000] {dag.py:3069} INFO - Creating ORM DAG for example_task_group
[2024-03-25T21:42:58.178+0000] {logging_mixin.py:188} INFO - [2024-03-25T21:42:58.177+0000] {dag.py:3834} INFO - Setting next_dagrun for example_task_group to 2024-03-24 00:00:00+00:00, run_after=2024-03-25 00:00:00+00:00
[2024-03-25T21:42:58.505+0000] {processor.py:183} INFO - Processing /home/airflow/.local/lib/python3.8/site-packages/airflow/example_dags/example_task_group.py took 2.166 seconds
[2024-03-25T21:43:50.866+0000] {processor.py:161} INFO - Started process (PID=142) to work on /home/airflow/.local/lib/python3.8/site-packages/airflow/example_dags/example_task_group.py
[2024-03-25T21:43:50.868+0000] {processor.py:830} INFO - Processing file /home/airflow/.local/lib/python3.8/site-packages/airflow/example_dags/example_task_group.py for tasks to queue
[2024-03-25T21:43:50.876+0000] {logging_mixin.py:188} INFO - [2024-03-25T21:43:50.875+0000] {dagbag.py:540} INFO - Filling up the DagBag from /home/airflow/.local/lib/python3.8/site-packages/airflow/example_dags/example_task_group.py
[2024-03-25T21:43:50.982+0000] {processor.py:840} INFO - DAG(s) 'example_task_group' retrieved from /home/airflow/.local/lib/python3.8/site-packages/airflow/example_dags/example_task_group.py
[2024-03-25T21:43:51.695+0000] {logging_mixin.py:188} INFO - [2024-03-25T21:43:51.694+0000] {dag.py:3047} INFO - Sync 1 DAGs
[2024-03-25T21:43:52.156+0000] {logging_mixin.py:188} INFO - [2024-03-25T21:43:52.156+0000] {dag.py:3834} INFO - Setting next_dagrun for example_task_group to 2024-03-24 00:00:00+00:00, run_after=2024-03-25 00:00:00+00:00
[2024-03-25T21:43:52.455+0000] {processor.py:183} INFO - Processing /home/airflow/.local/lib/python3.8/site-packages/airflow/example_dags/example_task_group.py took 1.605 seconds
[2024-03-25T21:44:27.173+0000] {processor.py:161} INFO - Started process (PID=197) to work on /home/airflow/.local/lib/python3.8/site-packages/airflow/example_dags/example_task_group.py
[2024-03-25T21:44:27.210+0000] {processor.py:830} INFO - Processing file /home/airflow/.local/lib/python3.8/site-packages/airflow/example_dags/example_task_group.py for tasks to queue
[2024-03-25T21:44:27.244+0000] {logging_mixin.py:188} INFO - [2024-03-25T21:44:27.233+0000] {dagbag.py:540} INFO - Filling up the DagBag from /home/airflow/.local/lib/python3.8/site-packages/airflow/example_dags/example_task_group.py
[2024-03-25T21:44:27.373+0000] {processor.py:840} INFO - DAG(s) 'example_task_group' retrieved from /home/airflow/.local/lib/python3.8/site-packages/airflow/example_dags/example_task_group.py
[2024-03-25T21:44:27.689+0000] {logging_mixin.py:188} INFO - [2024-03-25T21:44:27.681+0000] {dag.py:3047} INFO - Sync 1 DAGs
[2024-03-25T21:44:27.947+0000] {logging_mixin.py:188} INFO - [2024-03-25T21:44:27.934+0000] {dag.py:3834} INFO - Setting next_dagrun for example_task_group to 2024-03-24 00:00:00+00:00, run_after=2024-03-25 00:00:00+00:00
[2024-03-25T21:44:28.283+0000] {processor.py:183} INFO - Processing /home/airflow/.local/lib/python3.8/site-packages/airflow/example_dags/example_task_group.py took 1.127 seconds
