[2024-03-25T21:42:59.014+0000] {processor.py:161} INFO - Started process (PID=89) to work on /home/airflow/.local/lib/python3.8/site-packages/airflow/example_dags/example_subdag_operator.py
[2024-03-25T21:42:59.019+0000] {processor.py:830} INFO - Processing file /home/airflow/.local/lib/python3.8/site-packages/airflow/example_dags/example_subdag_operator.py for tasks to queue
[2024-03-25T21:42:59.056+0000] {logging_mixin.py:188} INFO - [2024-03-25T21:42:59.055+0000] {dagbag.py:540} INFO - Filling up the DagBag from /home/airflow/.local/lib/python3.8/site-packages/airflow/example_dags/example_subdag_operator.py
[2024-03-25T21:42:59.302+0000] {processor.py:840} INFO - DAG(s) 'example_subdag_operator.section-1', 'example_subdag_operator.section-2', 'example_subdag_operator' retrieved from /home/airflow/.local/lib/python3.8/site-packages/airflow/example_dags/example_subdag_operator.py
[2024-03-25T21:43:00.352+0000] {logging_mixin.py:188} INFO - [2024-03-25T21:43:00.351+0000] {override.py:1769} INFO - Created Permission View: can delete on DAG:example_subdag_operator
[2024-03-25T21:43:00.492+0000] {logging_mixin.py:188} INFO - [2024-03-25T21:43:00.491+0000] {override.py:1769} INFO - Created Permission View: can read on DAG:example_subdag_operator
[2024-03-25T21:43:00.907+0000] {logging_mixin.py:188} INFO - [2024-03-25T21:43:00.906+0000] {override.py:1769} INFO - Created Permission View: can edit on DAG:example_subdag_operator
[2024-03-25T21:43:00.922+0000] {logging_mixin.py:188} INFO - [2024-03-25T21:43:00.921+0000] {dag.py:3047} INFO - Sync 3 DAGs
[2024-03-25T21:43:01.025+0000] {logging_mixin.py:188} INFO - [2024-03-25T21:43:01.024+0000] {dag.py:3069} INFO - Creating ORM DAG for example_subdag_operator.section-1
[2024-03-25T21:43:01.057+0000] {logging_mixin.py:188} INFO - [2024-03-25T21:43:01.057+0000] {dag.py:3069} INFO - Creating ORM DAG for example_subdag_operator
[2024-03-25T21:43:01.064+0000] {logging_mixin.py:188} INFO - [2024-03-25T21:43:01.063+0000] {dag.py:3069} INFO - Creating ORM DAG for example_subdag_operator.section-2
[2024-03-25T21:43:01.153+0000] {logging_mixin.py:188} INFO - [2024-03-25T21:43:01.153+0000] {dag.py:3834} INFO - Setting next_dagrun for example_subdag_operator to 2022-01-01 00:00:00+00:00, run_after=2022-01-01 00:00:00+00:00
[2024-03-25T21:43:01.176+0000] {logging_mixin.py:188} INFO - [2024-03-25T21:43:01.175+0000] {dag.py:3834} INFO - Setting next_dagrun for example_subdag_operator.section-1 to None, run_after=None
[2024-03-25T21:43:01.193+0000] {logging_mixin.py:188} INFO - [2024-03-25T21:43:01.192+0000] {dag.py:3834} INFO - Setting next_dagrun for example_subdag_operator.section-2 to None, run_after=None
[2024-03-25T21:43:01.308+0000] {logging_mixin.py:188} INFO - [2024-03-25T21:43:01.307+0000] {dag.py:3047} INFO - Sync 2 DAGs
[2024-03-25T21:43:01.367+0000] {logging_mixin.py:188} INFO - [2024-03-25T21:43:01.366+0000] {dag.py:3834} INFO - Setting next_dagrun for example_subdag_operator.section-1 to None, run_after=None
[2024-03-25T21:43:01.412+0000] {logging_mixin.py:188} INFO - [2024-03-25T21:43:01.412+0000] {dag.py:3834} INFO - Setting next_dagrun for example_subdag_operator.section-2 to None, run_after=None
[2024-03-25T21:43:01.570+0000] {processor.py:183} INFO - Processing /home/airflow/.local/lib/python3.8/site-packages/airflow/example_dags/example_subdag_operator.py took 2.609 seconds
[2024-03-25T21:43:53.039+0000] {processor.py:161} INFO - Started process (PID=144) to work on /home/airflow/.local/lib/python3.8/site-packages/airflow/example_dags/example_subdag_operator.py
[2024-03-25T21:43:53.094+0000] {processor.py:830} INFO - Processing file /home/airflow/.local/lib/python3.8/site-packages/airflow/example_dags/example_subdag_operator.py for tasks to queue
[2024-03-25T21:43:53.121+0000] {logging_mixin.py:188} INFO - [2024-03-25T21:43:53.113+0000] {dagbag.py:540} INFO - Filling up the DagBag from /home/airflow/.local/lib/python3.8/site-packages/airflow/example_dags/example_subdag_operator.py
[2024-03-25T21:43:53.475+0000] {processor.py:840} INFO - DAG(s) 'example_subdag_operator.section-1', 'example_subdag_operator.section-2', 'example_subdag_operator' retrieved from /home/airflow/.local/lib/python3.8/site-packages/airflow/example_dags/example_subdag_operator.py
[2024-03-25T21:43:53.682+0000] {logging_mixin.py:188} INFO - [2024-03-25T21:43:53.681+0000] {dag.py:3047} INFO - Sync 3 DAGs
[2024-03-25T21:43:53.930+0000] {logging_mixin.py:188} INFO - [2024-03-25T21:43:53.929+0000] {dag.py:3834} INFO - Setting next_dagrun for example_subdag_operator to 2022-01-01 00:00:00+00:00, run_after=2022-01-01 00:00:00+00:00
[2024-03-25T21:43:53.948+0000] {logging_mixin.py:188} INFO - [2024-03-25T21:43:53.948+0000] {dag.py:3834} INFO - Setting next_dagrun for example_subdag_operator.section-1 to None, run_after=None
[2024-03-25T21:43:53.986+0000] {logging_mixin.py:188} INFO - [2024-03-25T21:43:53.985+0000] {dag.py:3834} INFO - Setting next_dagrun for example_subdag_operator.section-2 to None, run_after=None
[2024-03-25T21:43:54.044+0000] {logging_mixin.py:188} INFO - [2024-03-25T21:43:54.044+0000] {dag.py:3047} INFO - Sync 2 DAGs
[2024-03-25T21:43:54.123+0000] {logging_mixin.py:188} INFO - [2024-03-25T21:43:54.113+0000] {dag.py:3834} INFO - Setting next_dagrun for example_subdag_operator.section-1 to None, run_after=None
[2024-03-25T21:43:54.125+0000] {logging_mixin.py:188} INFO - [2024-03-25T21:43:54.124+0000] {dag.py:3834} INFO - Setting next_dagrun for example_subdag_operator.section-2 to None, run_after=None
[2024-03-25T21:43:54.428+0000] {processor.py:183} INFO - Processing /home/airflow/.local/lib/python3.8/site-packages/airflow/example_dags/example_subdag_operator.py took 1.478 seconds
[2024-03-25T21:44:28.557+0000] {processor.py:161} INFO - Started process (PID=199) to work on /home/airflow/.local/lib/python3.8/site-packages/airflow/example_dags/example_subdag_operator.py
[2024-03-25T21:44:28.589+0000] {processor.py:830} INFO - Processing file /home/airflow/.local/lib/python3.8/site-packages/airflow/example_dags/example_subdag_operator.py for tasks to queue
[2024-03-25T21:44:28.622+0000] {logging_mixin.py:188} INFO - [2024-03-25T21:44:28.621+0000] {dagbag.py:540} INFO - Filling up the DagBag from /home/airflow/.local/lib/python3.8/site-packages/airflow/example_dags/example_subdag_operator.py
[2024-03-25T21:44:28.840+0000] {processor.py:840} INFO - DAG(s) 'example_subdag_operator.section-1', 'example_subdag_operator.section-2', 'example_subdag_operator' retrieved from /home/airflow/.local/lib/python3.8/site-packages/airflow/example_dags/example_subdag_operator.py
[2024-03-25T21:44:29.206+0000] {logging_mixin.py:188} INFO - [2024-03-25T21:44:29.206+0000] {dag.py:3047} INFO - Sync 3 DAGs
[2024-03-25T21:44:29.466+0000] {logging_mixin.py:188} INFO - [2024-03-25T21:44:29.464+0000] {dag.py:3834} INFO - Setting next_dagrun for example_subdag_operator to 2022-01-01 00:00:00+00:00, run_after=2022-01-01 00:00:00+00:00
[2024-03-25T21:44:29.559+0000] {logging_mixin.py:188} INFO - [2024-03-25T21:44:29.558+0000] {dag.py:3834} INFO - Setting next_dagrun for example_subdag_operator.section-1 to None, run_after=None
[2024-03-25T21:44:29.592+0000] {logging_mixin.py:188} INFO - [2024-03-25T21:44:29.590+0000] {dag.py:3834} INFO - Setting next_dagrun for example_subdag_operator.section-2 to None, run_after=None
[2024-03-25T21:44:29.826+0000] {logging_mixin.py:188} INFO - [2024-03-25T21:44:29.825+0000] {dag.py:3047} INFO - Sync 2 DAGs
[2024-03-25T21:44:29.916+0000] {logging_mixin.py:188} INFO - [2024-03-25T21:44:29.915+0000] {dag.py:3834} INFO - Setting next_dagrun for example_subdag_operator.section-1 to None, run_after=None
[2024-03-25T21:44:29.918+0000] {logging_mixin.py:188} INFO - [2024-03-25T21:44:29.917+0000] {dag.py:3834} INFO - Setting next_dagrun for example_subdag_operator.section-2 to None, run_after=None
[2024-03-25T21:44:30.023+0000] {processor.py:183} INFO - Processing /home/airflow/.local/lib/python3.8/site-packages/airflow/example_dags/example_subdag_operator.py took 1.494 seconds
