[2024-03-25T21:42:33.052+0000] {processor.py:161} INFO - Started process (PID=70) to work on /home/airflow/.local/lib/python3.8/site-packages/airflow/example_dags/example_local_kubernetes_executor.py
[2024-03-25T21:42:33.081+0000] {processor.py:830} INFO - Processing file /home/airflow/.local/lib/python3.8/site-packages/airflow/example_dags/example_local_kubernetes_executor.py for tasks to queue
[2024-03-25T21:42:33.098+0000] {logging_mixin.py:188} INFO - [2024-03-25T21:42:33.094+0000] {dagbag.py:540} INFO - Filling up the DagBag from /home/airflow/.local/lib/python3.8/site-packages/airflow/example_dags/example_local_kubernetes_executor.py
[2024-03-25T21:42:33.315+0000] {processor.py:840} INFO - DAG(s) 'example_local_kubernetes_executor' retrieved from /home/airflow/.local/lib/python3.8/site-packages/airflow/example_dags/example_local_kubernetes_executor.py
[2024-03-25T21:42:36.699+0000] {logging_mixin.py:188} INFO - [2024-03-25T21:42:36.697+0000] {override.py:1769} INFO - Created Permission View: can delete on DAG:example_local_kubernetes_executor
[2024-03-25T21:42:37.950+0000] {logging_mixin.py:188} INFO - [2024-03-25T21:42:37.948+0000] {override.py:1769} INFO - Created Permission View: can read on DAG:example_local_kubernetes_executor
[2024-03-25T21:42:38.906+0000] {logging_mixin.py:188} INFO - [2024-03-25T21:42:38.906+0000] {override.py:1769} INFO - Created Permission View: can edit on DAG:example_local_kubernetes_executor
[2024-03-25T21:42:39.095+0000] {logging_mixin.py:188} INFO - [2024-03-25T21:42:39.095+0000] {dag.py:3047} INFO - Sync 1 DAGs
[2024-03-25T21:42:39.350+0000] {logging_mixin.py:188} INFO - [2024-03-25T21:42:39.349+0000] {dag.py:3069} INFO - Creating ORM DAG for example_local_kubernetes_executor
[2024-03-25T21:42:39.421+0000] {logging_mixin.py:188} INFO - [2024-03-25T21:42:39.420+0000] {dag.py:3834} INFO - Setting next_dagrun for example_local_kubernetes_executor to None, run_after=None
[2024-03-25T21:42:40.185+0000] {processor.py:183} INFO - Processing /home/airflow/.local/lib/python3.8/site-packages/airflow/example_dags/example_local_kubernetes_executor.py took 7.169 seconds
[2024-03-25T21:43:43.035+0000] {processor.py:161} INFO - Started process (PID=131) to work on /home/airflow/.local/lib/python3.8/site-packages/airflow/example_dags/example_local_kubernetes_executor.py
[2024-03-25T21:43:43.072+0000] {processor.py:830} INFO - Processing file /home/airflow/.local/lib/python3.8/site-packages/airflow/example_dags/example_local_kubernetes_executor.py for tasks to queue
[2024-03-25T21:43:43.163+0000] {logging_mixin.py:188} INFO - [2024-03-25T21:43:43.162+0000] {dagbag.py:540} INFO - Filling up the DagBag from /home/airflow/.local/lib/python3.8/site-packages/airflow/example_dags/example_local_kubernetes_executor.py
[2024-03-25T21:43:43.282+0000] {processor.py:840} INFO - DAG(s) 'example_local_kubernetes_executor' retrieved from /home/airflow/.local/lib/python3.8/site-packages/airflow/example_dags/example_local_kubernetes_executor.py
[2024-03-25T21:43:43.748+0000] {logging_mixin.py:188} INFO - [2024-03-25T21:43:43.748+0000] {dag.py:3047} INFO - Sync 1 DAGs
[2024-03-25T21:43:43.869+0000] {logging_mixin.py:188} INFO - [2024-03-25T21:43:43.869+0000] {dag.py:3834} INFO - Setting next_dagrun for example_local_kubernetes_executor to None, run_after=None
[2024-03-25T21:43:44.115+0000] {processor.py:183} INFO - Processing /home/airflow/.local/lib/python3.8/site-packages/airflow/example_dags/example_local_kubernetes_executor.py took 1.203 seconds
[2024-03-25T21:44:20.316+0000] {processor.py:161} INFO - Started process (PID=186) to work on /home/airflow/.local/lib/python3.8/site-packages/airflow/example_dags/example_local_kubernetes_executor.py
[2024-03-25T21:44:20.335+0000] {processor.py:830} INFO - Processing file /home/airflow/.local/lib/python3.8/site-packages/airflow/example_dags/example_local_kubernetes_executor.py for tasks to queue
[2024-03-25T21:44:20.391+0000] {logging_mixin.py:188} INFO - [2024-03-25T21:44:20.391+0000] {dagbag.py:540} INFO - Filling up the DagBag from /home/airflow/.local/lib/python3.8/site-packages/airflow/example_dags/example_local_kubernetes_executor.py
[2024-03-25T21:44:20.465+0000] {processor.py:840} INFO - DAG(s) 'example_local_kubernetes_executor' retrieved from /home/airflow/.local/lib/python3.8/site-packages/airflow/example_dags/example_local_kubernetes_executor.py
[2024-03-25T21:44:20.873+0000] {logging_mixin.py:188} INFO - [2024-03-25T21:44:20.870+0000] {dag.py:3047} INFO - Sync 1 DAGs
[2024-03-25T21:44:20.996+0000] {logging_mixin.py:188} INFO - [2024-03-25T21:44:20.996+0000] {dag.py:3834} INFO - Setting next_dagrun for example_local_kubernetes_executor to None, run_after=None
[2024-03-25T21:44:21.153+0000] {processor.py:183} INFO - Processing /home/airflow/.local/lib/python3.8/site-packages/airflow/example_dags/example_local_kubernetes_executor.py took 0.938 seconds
[2024-03-25T21:44:51.437+0000] {processor.py:161} INFO - Started process (PID=241) to work on /home/airflow/.local/lib/python3.8/site-packages/airflow/example_dags/example_local_kubernetes_executor.py
[2024-03-25T21:44:51.455+0000] {processor.py:830} INFO - Processing file /home/airflow/.local/lib/python3.8/site-packages/airflow/example_dags/example_local_kubernetes_executor.py for tasks to queue
[2024-03-25T21:44:51.458+0000] {logging_mixin.py:188} INFO - [2024-03-25T21:44:51.458+0000] {dagbag.py:540} INFO - Filling up the DagBag from /home/airflow/.local/lib/python3.8/site-packages/airflow/example_dags/example_local_kubernetes_executor.py
[2024-03-25T21:44:51.504+0000] {processor.py:840} INFO - DAG(s) 'example_local_kubernetes_executor' retrieved from /home/airflow/.local/lib/python3.8/site-packages/airflow/example_dags/example_local_kubernetes_executor.py
[2024-03-25T21:44:51.746+0000] {logging_mixin.py:188} INFO - [2024-03-25T21:44:51.746+0000] {dag.py:3047} INFO - Sync 1 DAGs
[2024-03-25T21:44:51.844+0000] {logging_mixin.py:188} INFO - [2024-03-25T21:44:51.844+0000] {dag.py:3834} INFO - Setting next_dagrun for example_local_kubernetes_executor to None, run_after=None
[2024-03-25T21:44:51.965+0000] {processor.py:183} INFO - Processing /home/airflow/.local/lib/python3.8/site-packages/airflow/example_dags/example_local_kubernetes_executor.py took 0.546 seconds
