[2024-03-25T21:42:41.238+0000] {processor.py:161} INFO - Started process (PID=72) to work on /home/airflow/.local/lib/python3.8/site-packages/airflow/example_dags/example_bash_operator.py
[2024-03-25T21:42:41.254+0000] {processor.py:830} INFO - Processing file /home/airflow/.local/lib/python3.8/site-packages/airflow/example_dags/example_bash_operator.py for tasks to queue
[2024-03-25T21:42:41.271+0000] {logging_mixin.py:188} INFO - [2024-03-25T21:42:41.270+0000] {dagbag.py:540} INFO - Filling up the DagBag from /home/airflow/.local/lib/python3.8/site-packages/airflow/example_dags/example_bash_operator.py
[2024-03-25T21:42:41.641+0000] {processor.py:840} INFO - DAG(s) 'example_bash_operator' retrieved from /home/airflow/.local/lib/python3.8/site-packages/airflow/example_dags/example_bash_operator.py
[2024-03-25T21:42:43.451+0000] {logging_mixin.py:188} INFO - [2024-03-25T21:42:43.450+0000] {override.py:1769} INFO - Created Permission View: can delete on DAG:example_bash_operator
[2024-03-25T21:42:43.618+0000] {logging_mixin.py:188} INFO - [2024-03-25T21:42:43.616+0000] {override.py:1769} INFO - Created Permission View: can read on DAG:example_bash_operator
[2024-03-25T21:42:43.871+0000] {logging_mixin.py:188} INFO - [2024-03-25T21:42:43.868+0000] {override.py:1769} INFO - Created Permission View: can edit on DAG:example_bash_operator
[2024-03-25T21:42:43.873+0000] {logging_mixin.py:188} INFO - [2024-03-25T21:42:43.872+0000] {dag.py:3047} INFO - Sync 1 DAGs
[2024-03-25T21:42:44.110+0000] {logging_mixin.py:188} INFO - [2024-03-25T21:42:44.109+0000] {dag.py:3069} INFO - Creating ORM DAG for example_bash_operator
[2024-03-25T21:42:44.337+0000] {logging_mixin.py:188} INFO - [2024-03-25T21:42:44.336+0000] {dag.py:3834} INFO - Setting next_dagrun for example_bash_operator to 2024-03-24 00:00:00+00:00, run_after=2024-03-25 00:00:00+00:00
[2024-03-25T21:42:44.851+0000] {processor.py:183} INFO - Processing /home/airflow/.local/lib/python3.8/site-packages/airflow/example_dags/example_bash_operator.py took 3.669 seconds
[2024-03-25T21:43:44.616+0000] {processor.py:161} INFO - Started process (PID=133) to work on /home/airflow/.local/lib/python3.8/site-packages/airflow/example_dags/example_bash_operator.py
[2024-03-25T21:43:44.646+0000] {processor.py:830} INFO - Processing file /home/airflow/.local/lib/python3.8/site-packages/airflow/example_dags/example_bash_operator.py for tasks to queue
[2024-03-25T21:43:44.666+0000] {logging_mixin.py:188} INFO - [2024-03-25T21:43:44.665+0000] {dagbag.py:540} INFO - Filling up the DagBag from /home/airflow/.local/lib/python3.8/site-packages/airflow/example_dags/example_bash_operator.py
[2024-03-25T21:43:44.835+0000] {processor.py:840} INFO - DAG(s) 'example_bash_operator' retrieved from /home/airflow/.local/lib/python3.8/site-packages/airflow/example_dags/example_bash_operator.py
[2024-03-25T21:43:45.175+0000] {logging_mixin.py:188} INFO - [2024-03-25T21:43:45.175+0000] {dag.py:3047} INFO - Sync 1 DAGs
[2024-03-25T21:43:45.450+0000] {logging_mixin.py:188} INFO - [2024-03-25T21:43:45.450+0000] {dag.py:3834} INFO - Setting next_dagrun for example_bash_operator to 2024-03-24 00:00:00+00:00, run_after=2024-03-25 00:00:00+00:00
[2024-03-25T21:43:45.831+0000] {processor.py:183} INFO - Processing /home/airflow/.local/lib/python3.8/site-packages/airflow/example_dags/example_bash_operator.py took 1.262 seconds
[2024-03-25T21:44:21.359+0000] {processor.py:161} INFO - Started process (PID=188) to work on /home/airflow/.local/lib/python3.8/site-packages/airflow/example_dags/example_bash_operator.py
[2024-03-25T21:44:21.363+0000] {processor.py:830} INFO - Processing file /home/airflow/.local/lib/python3.8/site-packages/airflow/example_dags/example_bash_operator.py for tasks to queue
[2024-03-25T21:44:21.375+0000] {logging_mixin.py:188} INFO - [2024-03-25T21:44:21.374+0000] {dagbag.py:540} INFO - Filling up the DagBag from /home/airflow/.local/lib/python3.8/site-packages/airflow/example_dags/example_bash_operator.py
[2024-03-25T21:44:21.544+0000] {processor.py:840} INFO - DAG(s) 'example_bash_operator' retrieved from /home/airflow/.local/lib/python3.8/site-packages/airflow/example_dags/example_bash_operator.py
[2024-03-25T21:44:22.005+0000] {logging_mixin.py:188} INFO - [2024-03-25T21:44:22.005+0000] {dag.py:3047} INFO - Sync 1 DAGs
[2024-03-25T21:44:22.209+0000] {logging_mixin.py:188} INFO - [2024-03-25T21:44:22.209+0000] {dag.py:3834} INFO - Setting next_dagrun for example_bash_operator to 2024-03-24 00:00:00+00:00, run_after=2024-03-25 00:00:00+00:00
[2024-03-25T21:44:22.440+0000] {processor.py:183} INFO - Processing /home/airflow/.local/lib/python3.8/site-packages/airflow/example_dags/example_bash_operator.py took 1.134 seconds
[2024-03-25T21:44:53.000+0000] {processor.py:161} INFO - Started process (PID=243) to work on /home/airflow/.local/lib/python3.8/site-packages/airflow/example_dags/example_bash_operator.py
[2024-03-25T21:44:53.014+0000] {processor.py:830} INFO - Processing file /home/airflow/.local/lib/python3.8/site-packages/airflow/example_dags/example_bash_operator.py for tasks to queue
[2024-03-25T21:44:53.029+0000] {logging_mixin.py:188} INFO - [2024-03-25T21:44:53.029+0000] {dagbag.py:540} INFO - Filling up the DagBag from /home/airflow/.local/lib/python3.8/site-packages/airflow/example_dags/example_bash_operator.py
[2024-03-25T21:44:53.122+0000] {processor.py:840} INFO - DAG(s) 'example_bash_operator' retrieved from /home/airflow/.local/lib/python3.8/site-packages/airflow/example_dags/example_bash_operator.py
[2024-03-25T21:44:53.392+0000] {logging_mixin.py:188} INFO - [2024-03-25T21:44:53.391+0000] {dag.py:3047} INFO - Sync 1 DAGs
[2024-03-25T21:44:53.540+0000] {logging_mixin.py:188} INFO - [2024-03-25T21:44:53.540+0000] {dag.py:3834} INFO - Setting next_dagrun for example_bash_operator to 2024-03-24 00:00:00+00:00, run_after=2024-03-25 00:00:00+00:00
[2024-03-25T21:44:53.714+0000] {processor.py:183} INFO - Processing /home/airflow/.local/lib/python3.8/site-packages/airflow/example_dags/example_bash_operator.py took 0.733 seconds
