[2024-03-25T21:43:21.043+0000] {processor.py:161} INFO - Started process (PID=103) to work on /home/airflow/.local/lib/python3.8/site-packages/airflow/example_dags/tutorial_taskflow_api.py
[2024-03-25T21:43:21.076+0000] {processor.py:830} INFO - Processing file /home/airflow/.local/lib/python3.8/site-packages/airflow/example_dags/tutorial_taskflow_api.py for tasks to queue
[2024-03-25T21:43:21.096+0000] {logging_mixin.py:188} INFO - [2024-03-25T21:43:21.096+0000] {dagbag.py:540} INFO - Filling up the DagBag from /home/airflow/.local/lib/python3.8/site-packages/airflow/example_dags/tutorial_taskflow_api.py
[2024-03-25T21:43:21.338+0000] {processor.py:840} INFO - DAG(s) 'tutorial_taskflow_api' retrieved from /home/airflow/.local/lib/python3.8/site-packages/airflow/example_dags/tutorial_taskflow_api.py
[2024-03-25T21:43:22.730+0000] {logging_mixin.py:188} INFO - [2024-03-25T21:43:22.728+0000] {override.py:1769} INFO - Created Permission View: can delete on DAG:tutorial_taskflow_api
[2024-03-25T21:43:22.915+0000] {logging_mixin.py:188} INFO - [2024-03-25T21:43:22.866+0000] {override.py:1769} INFO - Created Permission View: can read on DAG:tutorial_taskflow_api
[2024-03-25T21:43:23.081+0000] {logging_mixin.py:188} INFO - [2024-03-25T21:43:23.080+0000] {override.py:1769} INFO - Created Permission View: can edit on DAG:tutorial_taskflow_api
[2024-03-25T21:43:23.090+0000] {logging_mixin.py:188} INFO - [2024-03-25T21:43:23.089+0000] {dag.py:3047} INFO - Sync 1 DAGs
[2024-03-25T21:43:23.215+0000] {logging_mixin.py:188} INFO - [2024-03-25T21:43:23.214+0000] {dag.py:3069} INFO - Creating ORM DAG for tutorial_taskflow_api
[2024-03-25T21:43:23.221+0000] {logging_mixin.py:188} INFO - [2024-03-25T21:43:23.220+0000] {dag.py:3834} INFO - Setting next_dagrun for tutorial_taskflow_api to None, run_after=None
[2024-03-25T21:43:23.950+0000] {processor.py:183} INFO - Processing /home/airflow/.local/lib/python3.8/site-packages/airflow/example_dags/tutorial_taskflow_api.py took 2.946 seconds
[2024-03-25T21:44:05.040+0000] {processor.py:161} INFO - Started process (PID=163) to work on /home/airflow/.local/lib/python3.8/site-packages/airflow/example_dags/tutorial_taskflow_api.py
[2024-03-25T21:44:05.055+0000] {processor.py:830} INFO - Processing file /home/airflow/.local/lib/python3.8/site-packages/airflow/example_dags/tutorial_taskflow_api.py for tasks to queue
[2024-03-25T21:44:05.077+0000] {logging_mixin.py:188} INFO - [2024-03-25T21:44:05.061+0000] {dagbag.py:540} INFO - Filling up the DagBag from /home/airflow/.local/lib/python3.8/site-packages/airflow/example_dags/tutorial_taskflow_api.py
[2024-03-25T21:44:05.201+0000] {processor.py:840} INFO - DAG(s) 'tutorial_taskflow_api' retrieved from /home/airflow/.local/lib/python3.8/site-packages/airflow/example_dags/tutorial_taskflow_api.py
[2024-03-25T21:44:05.487+0000] {logging_mixin.py:188} INFO - [2024-03-25T21:44:05.487+0000] {dag.py:3047} INFO - Sync 1 DAGs
[2024-03-25T21:44:05.606+0000] {logging_mixin.py:188} INFO - [2024-03-25T21:44:05.606+0000] {dag.py:3834} INFO - Setting next_dagrun for tutorial_taskflow_api to None, run_after=None
[2024-03-25T21:44:05.822+0000] {processor.py:183} INFO - Processing /home/airflow/.local/lib/python3.8/site-packages/airflow/example_dags/tutorial_taskflow_api.py took 0.815 seconds
[2024-03-25T21:44:36.991+0000] {processor.py:161} INFO - Started process (PID=218) to work on /home/airflow/.local/lib/python3.8/site-packages/airflow/example_dags/tutorial_taskflow_api.py
[2024-03-25T21:44:37.002+0000] {processor.py:830} INFO - Processing file /home/airflow/.local/lib/python3.8/site-packages/airflow/example_dags/tutorial_taskflow_api.py for tasks to queue
[2024-03-25T21:44:37.043+0000] {logging_mixin.py:188} INFO - [2024-03-25T21:44:37.034+0000] {dagbag.py:540} INFO - Filling up the DagBag from /home/airflow/.local/lib/python3.8/site-packages/airflow/example_dags/tutorial_taskflow_api.py
[2024-03-25T21:44:37.086+0000] {processor.py:840} INFO - DAG(s) 'tutorial_taskflow_api' retrieved from /home/airflow/.local/lib/python3.8/site-packages/airflow/example_dags/tutorial_taskflow_api.py
[2024-03-25T21:44:37.203+0000] {logging_mixin.py:188} INFO - [2024-03-25T21:44:37.203+0000] {dag.py:3047} INFO - Sync 1 DAGs
[2024-03-25T21:44:37.252+0000] {logging_mixin.py:188} INFO - [2024-03-25T21:44:37.252+0000] {dag.py:3834} INFO - Setting next_dagrun for tutorial_taskflow_api to None, run_after=None
[2024-03-25T21:44:37.373+0000] {processor.py:183} INFO - Processing /home/airflow/.local/lib/python3.8/site-packages/airflow/example_dags/tutorial_taskflow_api.py took 0.404 seconds
