[2024-03-25T21:43:28.041+0000] {processor.py:161} INFO - Started process (PID=106) to work on /home/airflow/.local/lib/python3.8/site-packages/airflow/example_dags/tutorial_dag.py
[2024-03-25T21:43:28.045+0000] {processor.py:830} INFO - Processing file /home/airflow/.local/lib/python3.8/site-packages/airflow/example_dags/tutorial_dag.py for tasks to queue
[2024-03-25T21:43:28.129+0000] {logging_mixin.py:188} INFO - [2024-03-25T21:43:28.126+0000] {dagbag.py:540} INFO - Filling up the DagBag from /home/airflow/.local/lib/python3.8/site-packages/airflow/example_dags/tutorial_dag.py
[2024-03-25T21:43:28.185+0000] {processor.py:840} INFO - DAG(s) 'tutorial_dag' retrieved from /home/airflow/.local/lib/python3.8/site-packages/airflow/example_dags/tutorial_dag.py
[2024-03-25T21:43:29.870+0000] {logging_mixin.py:188} INFO - [2024-03-25T21:43:29.869+0000] {override.py:1769} INFO - Created Permission View: can delete on DAG:tutorial_dag
[2024-03-25T21:43:30.041+0000] {logging_mixin.py:188} INFO - [2024-03-25T21:43:30.040+0000] {override.py:1769} INFO - Created Permission View: can read on DAG:tutorial_dag
[2024-03-25T21:43:30.170+0000] {logging_mixin.py:188} INFO - [2024-03-25T21:43:30.169+0000] {override.py:1769} INFO - Created Permission View: can edit on DAG:tutorial_dag
[2024-03-25T21:43:30.182+0000] {logging_mixin.py:188} INFO - [2024-03-25T21:43:30.180+0000] {dag.py:3047} INFO - Sync 1 DAGs
[2024-03-25T21:43:30.328+0000] {logging_mixin.py:188} INFO - [2024-03-25T21:43:30.327+0000] {dag.py:3069} INFO - Creating ORM DAG for tutorial_dag
[2024-03-25T21:43:30.350+0000] {logging_mixin.py:188} INFO - [2024-03-25T21:43:30.349+0000] {dag.py:3834} INFO - Setting next_dagrun for tutorial_dag to None, run_after=None
[2024-03-25T21:43:30.542+0000] {processor.py:183} INFO - Processing /home/airflow/.local/lib/python3.8/site-packages/airflow/example_dags/tutorial_dag.py took 2.509 seconds
[2024-03-25T21:44:10.050+0000] {processor.py:161} INFO - Started process (PID=169) to work on /home/airflow/.local/lib/python3.8/site-packages/airflow/example_dags/tutorial_dag.py
[2024-03-25T21:44:10.053+0000] {processor.py:830} INFO - Processing file /home/airflow/.local/lib/python3.8/site-packages/airflow/example_dags/tutorial_dag.py for tasks to queue
[2024-03-25T21:44:10.073+0000] {logging_mixin.py:188} INFO - [2024-03-25T21:44:10.072+0000] {dagbag.py:540} INFO - Filling up the DagBag from /home/airflow/.local/lib/python3.8/site-packages/airflow/example_dags/tutorial_dag.py
[2024-03-25T21:44:10.143+0000] {processor.py:840} INFO - DAG(s) 'tutorial_dag' retrieved from /home/airflow/.local/lib/python3.8/site-packages/airflow/example_dags/tutorial_dag.py
[2024-03-25T21:44:10.353+0000] {logging_mixin.py:188} INFO - [2024-03-25T21:44:10.352+0000] {dag.py:3047} INFO - Sync 1 DAGs
[2024-03-25T21:44:10.498+0000] {logging_mixin.py:188} INFO - [2024-03-25T21:44:10.498+0000] {dag.py:3834} INFO - Setting next_dagrun for tutorial_dag to None, run_after=None
[2024-03-25T21:44:10.804+0000] {processor.py:183} INFO - Processing /home/airflow/.local/lib/python3.8/site-packages/airflow/example_dags/tutorial_dag.py took 0.797 seconds
[2024-03-25T21:44:41.546+0000] {processor.py:161} INFO - Started process (PID=224) to work on /home/airflow/.local/lib/python3.8/site-packages/airflow/example_dags/tutorial_dag.py
[2024-03-25T21:44:41.549+0000] {processor.py:830} INFO - Processing file /home/airflow/.local/lib/python3.8/site-packages/airflow/example_dags/tutorial_dag.py for tasks to queue
[2024-03-25T21:44:41.553+0000] {logging_mixin.py:188} INFO - [2024-03-25T21:44:41.552+0000] {dagbag.py:540} INFO - Filling up the DagBag from /home/airflow/.local/lib/python3.8/site-packages/airflow/example_dags/tutorial_dag.py
[2024-03-25T21:44:41.570+0000] {processor.py:840} INFO - DAG(s) 'tutorial_dag' retrieved from /home/airflow/.local/lib/python3.8/site-packages/airflow/example_dags/tutorial_dag.py
[2024-03-25T21:44:41.614+0000] {logging_mixin.py:188} INFO - [2024-03-25T21:44:41.614+0000] {dag.py:3047} INFO - Sync 1 DAGs
[2024-03-25T21:44:41.646+0000] {logging_mixin.py:188} INFO - [2024-03-25T21:44:41.643+0000] {dag.py:3834} INFO - Setting next_dagrun for tutorial_dag to None, run_after=None
[2024-03-25T21:44:41.793+0000] {processor.py:183} INFO - Processing /home/airflow/.local/lib/python3.8/site-packages/airflow/example_dags/tutorial_dag.py took 0.254 seconds
