[2024-03-25T21:42:23.369+0000] {processor.py:161} INFO - Started process (PID=60) to work on /home/airflow/.local/lib/python3.8/site-packages/airflow/example_dags/tutorial.py
[2024-03-25T21:42:23.387+0000] {processor.py:830} INFO - Processing file /home/airflow/.local/lib/python3.8/site-packages/airflow/example_dags/tutorial.py for tasks to queue
[2024-03-25T21:42:23.424+0000] {logging_mixin.py:188} INFO - [2024-03-25T21:42:23.423+0000] {dagbag.py:540} INFO - Filling up the DagBag from /home/airflow/.local/lib/python3.8/site-packages/airflow/example_dags/tutorial.py
[2024-03-25T21:42:23.585+0000] {processor.py:840} INFO - DAG(s) 'tutorial' retrieved from /home/airflow/.local/lib/python3.8/site-packages/airflow/example_dags/tutorial.py
[2024-03-25T21:42:24.800+0000] {logging_mixin.py:188} INFO - [2024-03-25T21:42:24.794+0000] {override.py:1769} INFO - Created Permission View: can delete on DAG:tutorial
[2024-03-25T21:42:24.946+0000] {logging_mixin.py:188} INFO - [2024-03-25T21:42:24.945+0000] {override.py:1769} INFO - Created Permission View: can read on DAG:tutorial
[2024-03-25T21:42:25.102+0000] {logging_mixin.py:188} INFO - [2024-03-25T21:42:25.099+0000] {override.py:1769} INFO - Created Permission View: can edit on DAG:tutorial
[2024-03-25T21:42:25.107+0000] {logging_mixin.py:188} INFO - [2024-03-25T21:42:25.106+0000] {dag.py:3047} INFO - Sync 1 DAGs
[2024-03-25T21:42:25.406+0000] {logging_mixin.py:188} INFO - [2024-03-25T21:42:25.405+0000] {dag.py:3069} INFO - Creating ORM DAG for tutorial
[2024-03-25T21:42:25.698+0000] {logging_mixin.py:188} INFO - [2024-03-25T21:42:25.695+0000] {dag.py:3834} INFO - Setting next_dagrun for tutorial to 2024-03-24 00:00:00+00:00, run_after=2024-03-25 00:00:00+00:00
[2024-03-25T21:42:26.357+0000] {processor.py:183} INFO - Processing /home/airflow/.local/lib/python3.8/site-packages/airflow/example_dags/tutorial.py took 3.003 seconds
[2024-03-25T21:43:38.802+0000] {processor.py:161} INFO - Started process (PID=127) to work on /home/airflow/.local/lib/python3.8/site-packages/airflow/example_dags/tutorial.py
[2024-03-25T21:43:38.820+0000] {processor.py:830} INFO - Processing file /home/airflow/.local/lib/python3.8/site-packages/airflow/example_dags/tutorial.py for tasks to queue
[2024-03-25T21:43:38.841+0000] {logging_mixin.py:188} INFO - [2024-03-25T21:43:38.841+0000] {dagbag.py:540} INFO - Filling up the DagBag from /home/airflow/.local/lib/python3.8/site-packages/airflow/example_dags/tutorial.py
[2024-03-25T21:43:38.914+0000] {processor.py:840} INFO - DAG(s) 'tutorial' retrieved from /home/airflow/.local/lib/python3.8/site-packages/airflow/example_dags/tutorial.py
[2024-03-25T21:43:39.167+0000] {logging_mixin.py:188} INFO - [2024-03-25T21:43:39.165+0000] {dag.py:3047} INFO - Sync 1 DAGs
[2024-03-25T21:43:39.326+0000] {logging_mixin.py:188} INFO - [2024-03-25T21:43:39.325+0000] {dag.py:3834} INFO - Setting next_dagrun for tutorial to 2024-03-24 00:00:00+00:00, run_after=2024-03-25 00:00:00+00:00
[2024-03-25T21:43:39.474+0000] {processor.py:183} INFO - Processing /home/airflow/.local/lib/python3.8/site-packages/airflow/example_dags/tutorial.py took 0.719 seconds
[2024-03-25T21:44:15.830+0000] {processor.py:161} INFO - Started process (PID=180) to work on /home/airflow/.local/lib/python3.8/site-packages/airflow/example_dags/tutorial.py
[2024-03-25T21:44:15.834+0000] {processor.py:830} INFO - Processing file /home/airflow/.local/lib/python3.8/site-packages/airflow/example_dags/tutorial.py for tasks to queue
[2024-03-25T21:44:15.838+0000] {logging_mixin.py:188} INFO - [2024-03-25T21:44:15.837+0000] {dagbag.py:540} INFO - Filling up the DagBag from /home/airflow/.local/lib/python3.8/site-packages/airflow/example_dags/tutorial.py
[2024-03-25T21:44:15.866+0000] {processor.py:840} INFO - DAG(s) 'tutorial' retrieved from /home/airflow/.local/lib/python3.8/site-packages/airflow/example_dags/tutorial.py
[2024-03-25T21:44:15.989+0000] {logging_mixin.py:188} INFO - [2024-03-25T21:44:15.988+0000] {dag.py:3047} INFO - Sync 1 DAGs
[2024-03-25T21:44:16.152+0000] {logging_mixin.py:188} INFO - [2024-03-25T21:44:16.149+0000] {dag.py:3834} INFO - Setting next_dagrun for tutorial to 2024-03-24 00:00:00+00:00, run_after=2024-03-25 00:00:00+00:00
[2024-03-25T21:44:17.170+0000] {processor.py:183} INFO - Processing /home/airflow/.local/lib/python3.8/site-packages/airflow/example_dags/tutorial.py took 1.346 seconds
[2024-03-25T21:44:48.132+0000] {processor.py:161} INFO - Started process (PID=235) to work on /home/airflow/.local/lib/python3.8/site-packages/airflow/example_dags/tutorial.py
[2024-03-25T21:44:48.145+0000] {processor.py:830} INFO - Processing file /home/airflow/.local/lib/python3.8/site-packages/airflow/example_dags/tutorial.py for tasks to queue
[2024-03-25T21:44:48.163+0000] {logging_mixin.py:188} INFO - [2024-03-25T21:44:48.162+0000] {dagbag.py:540} INFO - Filling up the DagBag from /home/airflow/.local/lib/python3.8/site-packages/airflow/example_dags/tutorial.py
[2024-03-25T21:44:48.233+0000] {processor.py:840} INFO - DAG(s) 'tutorial' retrieved from /home/airflow/.local/lib/python3.8/site-packages/airflow/example_dags/tutorial.py
[2024-03-25T21:44:48.346+0000] {logging_mixin.py:188} INFO - [2024-03-25T21:44:48.345+0000] {dag.py:3047} INFO - Sync 1 DAGs
[2024-03-25T21:44:48.410+0000] {logging_mixin.py:188} INFO - [2024-03-25T21:44:48.409+0000] {dag.py:3834} INFO - Setting next_dagrun for tutorial to 2024-03-24 00:00:00+00:00, run_after=2024-03-25 00:00:00+00:00
[2024-03-25T21:44:48.545+0000] {processor.py:183} INFO - Processing /home/airflow/.local/lib/python3.8/site-packages/airflow/example_dags/tutorial.py took 0.424 seconds
