[2024-03-25T21:43:17.958+0000] {processor.py:161} INFO - Started process (PID=100) to work on /home/airflow/.local/lib/python3.8/site-packages/airflow/example_dags/tutorial_taskflow_api_virtualenv.py
[2024-03-25T21:43:17.968+0000] {processor.py:830} INFO - Processing file /home/airflow/.local/lib/python3.8/site-packages/airflow/example_dags/tutorial_taskflow_api_virtualenv.py for tasks to queue
[2024-03-25T21:43:17.998+0000] {logging_mixin.py:188} INFO - [2024-03-25T21:43:17.997+0000] {dagbag.py:540} INFO - Filling up the DagBag from /home/airflow/.local/lib/python3.8/site-packages/airflow/example_dags/tutorial_taskflow_api_virtualenv.py
[2024-03-25T21:43:18.129+0000] {processor.py:840} INFO - DAG(s) 'tutorial_taskflow_api_virtualenv' retrieved from /home/airflow/.local/lib/python3.8/site-packages/airflow/example_dags/tutorial_taskflow_api_virtualenv.py
[2024-03-25T21:43:19.416+0000] {logging_mixin.py:188} INFO - [2024-03-25T21:43:19.410+0000] {override.py:1769} INFO - Created Permission View: can delete on DAG:tutorial_taskflow_api_virtualenv
[2024-03-25T21:43:19.556+0000] {logging_mixin.py:188} INFO - [2024-03-25T21:43:19.555+0000] {override.py:1769} INFO - Created Permission View: can read on DAG:tutorial_taskflow_api_virtualenv
[2024-03-25T21:43:19.773+0000] {logging_mixin.py:188} INFO - [2024-03-25T21:43:19.772+0000] {override.py:1769} INFO - Created Permission View: can edit on DAG:tutorial_taskflow_api_virtualenv
[2024-03-25T21:43:19.776+0000] {logging_mixin.py:188} INFO - [2024-03-25T21:43:19.775+0000] {dag.py:3047} INFO - Sync 1 DAGs
[2024-03-25T21:43:19.918+0000] {logging_mixin.py:188} INFO - [2024-03-25T21:43:19.917+0000] {dag.py:3069} INFO - Creating ORM DAG for tutorial_taskflow_api_virtualenv
[2024-03-25T21:43:19.952+0000] {logging_mixin.py:188} INFO - [2024-03-25T21:43:19.951+0000] {dag.py:3834} INFO - Setting next_dagrun for tutorial_taskflow_api_virtualenv to None, run_after=None
[2024-03-25T21:43:20.335+0000] {processor.py:183} INFO - Processing /home/airflow/.local/lib/python3.8/site-packages/airflow/example_dags/tutorial_taskflow_api_virtualenv.py took 2.424 seconds
[2024-03-25T21:44:02.517+0000] {processor.py:161} INFO - Started process (PID=161) to work on /home/airflow/.local/lib/python3.8/site-packages/airflow/example_dags/tutorial_taskflow_api_virtualenv.py
[2024-03-25T21:44:02.567+0000] {processor.py:830} INFO - Processing file /home/airflow/.local/lib/python3.8/site-packages/airflow/example_dags/tutorial_taskflow_api_virtualenv.py for tasks to queue
[2024-03-25T21:44:02.573+0000] {logging_mixin.py:188} INFO - [2024-03-25T21:44:02.572+0000] {dagbag.py:540} INFO - Filling up the DagBag from /home/airflow/.local/lib/python3.8/site-packages/airflow/example_dags/tutorial_taskflow_api_virtualenv.py
[2024-03-25T21:44:02.754+0000] {processor.py:840} INFO - DAG(s) 'tutorial_taskflow_api_virtualenv' retrieved from /home/airflow/.local/lib/python3.8/site-packages/airflow/example_dags/tutorial_taskflow_api_virtualenv.py
[2024-03-25T21:44:03.045+0000] {logging_mixin.py:188} INFO - [2024-03-25T21:44:03.041+0000] {dag.py:3047} INFO - Sync 1 DAGs
[2024-03-25T21:44:03.354+0000] {logging_mixin.py:188} INFO - [2024-03-25T21:44:03.353+0000] {dag.py:3834} INFO - Setting next_dagrun for tutorial_taskflow_api_virtualenv to None, run_after=None
[2024-03-25T21:44:03.663+0000] {processor.py:183} INFO - Processing /home/airflow/.local/lib/python3.8/site-packages/airflow/example_dags/tutorial_taskflow_api_virtualenv.py took 1.193 seconds
[2024-03-25T21:44:34.333+0000] {processor.py:161} INFO - Started process (PID=215) to work on /home/airflow/.local/lib/python3.8/site-packages/airflow/example_dags/tutorial_taskflow_api_virtualenv.py
[2024-03-25T21:44:34.338+0000] {processor.py:830} INFO - Processing file /home/airflow/.local/lib/python3.8/site-packages/airflow/example_dags/tutorial_taskflow_api_virtualenv.py for tasks to queue
[2024-03-25T21:44:34.346+0000] {logging_mixin.py:188} INFO - [2024-03-25T21:44:34.345+0000] {dagbag.py:540} INFO - Filling up the DagBag from /home/airflow/.local/lib/python3.8/site-packages/airflow/example_dags/tutorial_taskflow_api_virtualenv.py
[2024-03-25T21:44:34.377+0000] {processor.py:840} INFO - DAG(s) 'tutorial_taskflow_api_virtualenv' retrieved from /home/airflow/.local/lib/python3.8/site-packages/airflow/example_dags/tutorial_taskflow_api_virtualenv.py
[2024-03-25T21:44:34.440+0000] {logging_mixin.py:188} INFO - [2024-03-25T21:44:34.440+0000] {dag.py:3047} INFO - Sync 1 DAGs
[2024-03-25T21:44:34.474+0000] {logging_mixin.py:188} INFO - [2024-03-25T21:44:34.473+0000] {dag.py:3834} INFO - Setting next_dagrun for tutorial_taskflow_api_virtualenv to None, run_after=None
[2024-03-25T21:44:34.567+0000] {processor.py:183} INFO - Processing /home/airflow/.local/lib/python3.8/site-packages/airflow/example_dags/tutorial_taskflow_api_virtualenv.py took 0.240 seconds
